<?xml version="1.0" encoding="UTF-8"?>
<coverage generated="1602073511982" clover="3.2.0">
  <project timestamp="1602073511982" name="All files">
    <metrics statements="1223" coveredstatements="590" conditionals="903" coveredconditionals="393" methods="403" coveredmethods="194" elements="2529" coveredelements="1177" complexity="0" loc="1223" ncloc="1223" packages="20" files="121" classes="121"/>
    <package name="src">
      <metrics statements="74" coveredstatements="23" conditionals="42" coveredconditionals="6" methods="26" coveredmethods="6"/>
      <file name="apolloClient.js" path="/Users/svenjens/Apps/Amsterdam/vergunningcheck/apps/client/src/apolloClient.js">
        <metrics statements="0" coveredstatements="0" conditionals="0" coveredconditionals="0" methods="0" coveredmethods="0"/>
      </file>
      <file name="context.tsx" path="/Users/svenjens/Apps/Amsterdam/vergunningcheck/apps/client/src/context.tsx">
        <metrics statements="13" coveredstatements="12" conditionals="4" coveredconditionals="2" methods="3" coveredmethods="3"/>
        <line num="23" count="29" type="stmt"/>
        <line num="29" count="29" type="stmt"/>
        <line num="30" count="29" type="stmt"/>
        <line num="31" count="29" type="stmt"/>
        <line num="34" count="29" type="cond" truecount="1" falsecount="1"/>
        <line num="36" count="29" type="stmt"/>
        <line num="40" count="1" type="cond" truecount="1" falsecount="1"/>
        <line num="41" count="0" type="stmt"/>
        <line num="44" count="1" type="stmt"/>
        <line num="56" count="72" type="stmt"/>
        <line num="58" count="72" type="stmt"/>
        <line num="59" count="72" type="stmt"/>
        <line num="64" count="72" type="stmt"/>
      </file>
      <file name="index.js" path="/Users/svenjens/Apps/Amsterdam/vergunningcheck/apps/client/src/index.js">
        <metrics statements="7" coveredstatements="0" conditionals="2" coveredconditionals="0" methods="0" coveredmethods="0"/>
        <line num="21" count="0" type="stmt"/>
        <line num="24" count="0" type="cond" truecount="0" falsecount="2"/>
        <line num="25" count="0" type="stmt"/>
        <line num="28" count="0" type="stmt"/>
        <line num="35" count="0" type="stmt"/>
        <line num="37" count="0" type="stmt"/>
        <line num="56" count="0" type="stmt"/>
      </file>
      <file name="routes.js" path="/Users/svenjens/Apps/Amsterdam/vergunningcheck/apps/client/src/routes.js">
        <metrics statements="16" coveredstatements="11" conditionals="4" coveredconditionals="4" methods="8" coveredmethods="3"/>
        <line num="4" count="1" type="stmt"/>
        <line num="5" count="1" type="stmt"/>
        <line num="9" count="1" type="stmt"/>
        <line num="10" count="2" type="cond" truecount="2" falsecount="0"/>
        <line num="11" count="1" type="stmt"/>
        <line num="13" count="1" type="stmt"/>
        <line num="15" count="1" type="stmt"/>
        <line num="19" count="0" type="stmt"/>
        <line num="25" count="0" type="stmt"/>
        <line num="31" count="0" type="stmt"/>
        <line num="39" count="0" type="stmt"/>
        <line num="46" count="0" type="stmt"/>
        <line num="51" count="1" type="stmt"/>
        <line num="66" count="1" type="stmt"/>
        <line num="67" count="5" type="stmt"/>
        <line num="69" count="1" type="stmt"/>
      </file>
      <file name="serviceWorker.js" path="/Users/svenjens/Apps/Amsterdam/vergunningcheck/apps/client/src/serviceWorker.js">
        <metrics statements="38" coveredstatements="0" conditionals="32" coveredconditionals="0" methods="15" coveredmethods="0"/>
        <line num="13" count="0" type="stmt"/>
        <line num="24" count="0" type="cond" truecount="0" falsecount="4"/>
        <line num="26" count="0" type="stmt"/>
        <line num="27" count="0" type="cond" truecount="0" falsecount="2"/>
        <line num="31" count="0" type="stmt"/>
        <line num="34" count="0" type="stmt"/>
        <line num="35" count="0" type="stmt"/>
        <line num="37" count="0" type="cond" truecount="0" falsecount="2"/>
        <line num="39" count="0" type="stmt"/>
        <line num="43" count="0" type="stmt"/>
        <line num="44" count="0" type="stmt"/>
        <line num="51" count="0" type="stmt"/>
        <line num="58" count="0" type="stmt"/>
        <line num="61" count="0" type="stmt"/>
        <line num="62" count="0" type="stmt"/>
        <line num="63" count="0" type="cond" truecount="0" falsecount="2"/>
        <line num="64" count="0" type="stmt"/>
        <line num="66" count="0" type="stmt"/>
        <line num="67" count="0" type="cond" truecount="0" falsecount="2"/>
        <line num="68" count="0" type="cond" truecount="0" falsecount="2"/>
        <line num="72" count="0" type="stmt"/>
        <line num="78" count="0" type="cond" truecount="0" falsecount="4"/>
        <line num="79" count="0" type="stmt"/>
        <line num="85" count="0" type="stmt"/>
        <line num="88" count="0" type="cond" truecount="0" falsecount="4"/>
        <line num="89" count="0" type="stmt"/>
        <line num="97" count="0" type="stmt"/>
        <line num="103" count="0" type="stmt"/>
        <line num="108" count="0" type="stmt"/>
        <line num="109" count="0" type="cond" truecount="0" falsecount="2"/>
        <line num="114" count="0" type="stmt"/>
        <line num="115" count="0" type="stmt"/>
        <line num="116" count="0" type="stmt"/>
        <line num="121" count="0" type="stmt"/>
        <line num="125" count="0" type="stmt"/>
        <line num="132" count="0" type="cond" truecount="0" falsecount="2"/>
        <line num="133" count="0" type="stmt"/>
        <line num="134" count="0" type="stmt"/>
      </file>
    </package>
    <package name="src.atoms">
      <metrics statements="14" coveredstatements="14" conditionals="11" coveredconditionals="10" methods="8" coveredmethods="8"/>
      <file name="Alert.tsx" path="/Users/svenjens/Apps/Amsterdam/vergunningcheck/apps/client/src/atoms/Alert.tsx">
        <metrics statements="0" coveredstatements="0" conditionals="0" coveredconditionals="0" methods="0" coveredmethods="0"/>
      </file>
      <file name="ComponentWrapper.ts" path="/Users/svenjens/Apps/Amsterdam/vergunningcheck/apps/client/src/atoms/ComponentWrapper.ts">
        <metrics statements="1" coveredstatements="1" conditionals="2" coveredconditionals="2" methods="1" coveredmethods="1"/>
        <line num="10" count="42" type="stmt"/>
      </file>
      <file name="EditButton.tsx" path="/Users/svenjens/Apps/Amsterdam/vergunningcheck/apps/client/src/atoms/EditButton.tsx">
        <metrics statements="3" coveredstatements="3" conditionals="1" coveredconditionals="1" methods="1" coveredmethods="1"/>
        <line num="7" count="22" type="stmt"/>
        <line num="19" count="22" type="cond" truecount="1" falsecount="0"/>
        <line num="20" count="13" type="stmt"/>
      </file>
      <file name="HideForPrint.js" path="/Users/svenjens/Apps/Amsterdam/vergunningcheck/apps/client/src/atoms/HideForPrint.js">
        <metrics statements="0" coveredstatements="0" conditionals="0" coveredconditionals="0" methods="0" coveredmethods="0"/>
      </file>
      <file name="Label.js" path="/Users/svenjens/Apps/Amsterdam/vergunningcheck/apps/client/src/atoms/Label.js">
        <metrics statements="0" coveredstatements="0" conditionals="0" coveredconditionals="0" methods="0" coveredmethods="0"/>
      </file>
      <file name="List.ts" path="/Users/svenjens/Apps/Amsterdam/vergunningcheck/apps/client/src/atoms/List.ts">
        <metrics statements="1" coveredstatements="1" conditionals="2" coveredconditionals="2" methods="1" coveredmethods="1"/>
        <line num="14" count="27" type="cond" truecount="2" falsecount="0"/>
      </file>
      <file name="ListItem.js" path="/Users/svenjens/Apps/Amsterdam/vergunningcheck/apps/client/src/atoms/ListItem.js">
        <metrics statements="0" coveredstatements="0" conditionals="0" coveredconditionals="0" methods="0" coveredmethods="0"/>
      </file>
      <file name="OrderedList.js" path="/Users/svenjens/Apps/Amsterdam/vergunningcheck/apps/client/src/atoms/OrderedList.js">
        <metrics statements="0" coveredstatements="0" conditionals="0" coveredconditionals="0" methods="0" coveredmethods="0"/>
      </file>
      <file name="PrevButton.tsx" path="/Users/svenjens/Apps/Amsterdam/vergunningcheck/apps/client/src/atoms/PrevButton.tsx">
        <metrics statements="3" coveredstatements="3" conditionals="0" coveredconditionals="0" methods="1" coveredmethods="1"/>
        <line num="7" count="22" type="stmt"/>
        <line num="14" count="22" type="stmt"/>
        <line num="15" count="6" type="stmt"/>
      </file>
      <file name="PrintButton.ts" path="/Users/svenjens/Apps/Amsterdam/vergunningcheck/apps/client/src/atoms/PrintButton.ts">
        <metrics statements="1" coveredstatements="1" conditionals="2" coveredconditionals="1" methods="1" coveredmethods="1"/>
        <line num="14" count="2" type="stmt"/>
      </file>
      <file name="PrintOnly.tsx" path="/Users/svenjens/Apps/Amsterdam/vergunningcheck/apps/client/src/atoms/PrintOnly.tsx">
        <metrics statements="2" coveredstatements="2" conditionals="4" coveredconditionals="4" methods="2" coveredmethods="2"/>
        <line num="16" count="3" type="cond" truecount="2" falsecount="0"/>
        <line num="24" count="3" type="cond" truecount="2" falsecount="0"/>
      </file>
      <file name="ScrollAnchor.tsx" path="/Users/svenjens/Apps/Amsterdam/vergunningcheck/apps/client/src/atoms/ScrollAnchor.tsx">
        <metrics statements="0" coveredstatements="0" conditionals="0" coveredconditionals="0" methods="0" coveredmethods="0"/>
      </file>
      <file name="TextToEdit.tsx" path="/Users/svenjens/Apps/Amsterdam/vergunningcheck/apps/client/src/atoms/TextToEdit.tsx">
        <metrics statements="3" coveredstatements="3" conditionals="0" coveredconditionals="0" methods="1" coveredmethods="1"/>
        <line num="7" count="22" type="stmt"/>
        <line num="11" count="22" type="stmt"/>
        <line num="14" count="14" type="stmt"/>
      </file>
      <file name="index.js" path="/Users/svenjens/Apps/Amsterdam/vergunningcheck/apps/client/src/atoms/index.js">
        <metrics statements="0" coveredstatements="0" conditionals="0" coveredconditionals="0" methods="0" coveredmethods="0"/>
      </file>
    </package>
    <package name="src.components">
      <metrics statements="333" coveredstatements="98" conditionals="254" coveredconditionals="78" methods="106" coveredmethods="28"/>
      <file name="AddressLines.tsx" path="/Users/svenjens/Apps/Amsterdam/vergunningcheck/apps/client/src/components/AddressLines.tsx">
        <metrics statements="1" coveredstatements="1" conditionals="2" coveredconditionals="2" methods="1" coveredmethods="1"/>
        <line num="23" count="12" type="stmt"/>
      </file>
      <file name="Answers.tsx" path="/Users/svenjens/Apps/Amsterdam/vergunningcheck/apps/client/src/components/Answers.tsx">
        <metrics statements="6" coveredstatements="6" conditionals="4" coveredconditionals="4" methods="3" coveredmethods="3"/>
        <line num="22" count="1" type="stmt"/>
        <line num="30" count="3" type="stmt"/>
        <line num="34" count="6" type="stmt"/>
        <line num="35" count="6" type="stmt"/>
        <line num="36" count="6" type="stmt"/>
        <line num="46" count="1" type="stmt"/>
      </file>
      <file name="AutoSuggestList.tsx" path="/Users/svenjens/Apps/Amsterdam/vergunningcheck/apps/client/src/components/AutoSuggestList.tsx">
        <metrics statements="27" coveredstatements="7" conditionals="12" coveredconditionals="0" methods="7" coveredmethods="0"/>
        <line num="18" count="1" type="stmt"/>
        <line num="27" count="1" type="stmt"/>
        <line num="39" count="1" type="stmt"/>
        <line num="43" count="1" type="stmt"/>
        <line num="48" count="1" type="stmt"/>
        <line num="56" count="0" type="stmt"/>
        <line num="58" count="0" type="stmt"/>
        <line num="59" count="0" type="stmt"/>
        <line num="61" count="0" type="cond" truecount="0" falsecount="4"/>
        <line num="62" count="0" type="stmt"/>
        <line num="66" count="0" type="stmt"/>
        <line num="68" count="0" type="stmt"/>
        <line num="73" count="0" type="stmt"/>
        <line num="75" count="0" type="stmt"/>
        <line num="78" count="0" type="cond" truecount="0" falsecount="6"/>
        <line num="83" count="0" type="stmt"/>
        <line num="86" count="0" type="stmt"/>
        <line num="87" count="0" type="stmt"/>
        <line num="90" count="0" type="stmt"/>
        <line num="96" count="0" type="cond" truecount="0" falsecount="2"/>
        <line num="97" count="0" type="stmt"/>
        <line num="100" count="0" type="stmt"/>
        <line num="109" count="0" type="stmt"/>
        <line num="113" count="0" type="stmt"/>
        <line num="114" count="0" type="stmt"/>
        <line num="130" count="1" type="stmt"/>
        <line num="136" count="1" type="stmt"/>
      </file>
      <file name="Conclusion.tsx" path="/Users/svenjens/Apps/Amsterdam/vergunningcheck/apps/client/src/components/Conclusion.tsx">
        <metrics statements="19" coveredstatements="0" conditionals="10" coveredconditionals="0" methods="6" coveredmethods="0"/>
        <line num="31" count="0" type="stmt"/>
        <line num="37" count="0" type="stmt"/>
        <line num="42" count="0" type="stmt"/>
        <line num="43" count="0" type="stmt"/>
        <line num="45" count="0" type="stmt"/>
        <line num="46" count="0" type="stmt"/>
        <line num="47" count="0" type="stmt"/>
        <line num="48" count="0" type="stmt"/>
        <line num="51" count="0" type="cond" truecount="0" falsecount="2"/>
        <line num="53" count="0" type="stmt"/>
        <line num="69" count="0" type="stmt"/>
        <line num="70" count="0" type="stmt"/>
        <line num="74" count="0" type="stmt"/>
        <line num="75" count="0" type="stmt"/>
        <line num="78" count="0" type="stmt"/>
        <line num="90" count="0" type="stmt"/>
        <line num="96" count="0" type="stmt"/>
        <line num="101" count="0" type="cond" truecount="0" falsecount="2"/>
        <line num="107" count="0" type="stmt"/>
      </file>
      <file name="ConclusionAlert.tsx" path="/Users/svenjens/Apps/Amsterdam/vergunningcheck/apps/client/src/components/ConclusionAlert.tsx">
        <metrics statements="2" coveredstatements="2" conditionals="2" coveredconditionals="1" methods="1" coveredmethods="1"/>
        <line num="9" count="2" type="stmt"/>
        <line num="10" count="1" type="stmt"/>
      </file>
      <file name="ConclusionAlertStyles.ts" path="/Users/svenjens/Apps/Amsterdam/vergunningcheck/apps/client/src/components/ConclusionAlertStyles.ts">
        <metrics statements="1" coveredstatements="1" conditionals="0" coveredconditionals="0" methods="0" coveredmethods="0"/>
        <line num="6" count="2" type="stmt"/>
      </file>
      <file name="ContactSentence.tsx" path="/Users/svenjens/Apps/Amsterdam/vergunningcheck/apps/client/src/components/ContactSentence.tsx">
        <metrics statements="1" coveredstatements="1" conditionals="2" coveredconditionals="2" methods="1" coveredmethods="1"/>
        <line num="16" count="22" type="stmt"/>
      </file>
      <file name="DebugDecisionTable.js" path="/Users/svenjens/Apps/Amsterdam/vergunningcheck/apps/client/src/components/DebugDecisionTable.js">
        <metrics statements="30" coveredstatements="0" conditionals="24" coveredconditionals="0" methods="15" coveredmethods="0"/>
        <line num="7" count="0" type="stmt"/>
        <line num="8" count="0" type="cond" truecount="0" falsecount="2"/>
        <line num="10" count="0" type="stmt"/>
        <line num="11" count="0" type="stmt"/>
        <line num="21" count="0" type="stmt"/>
        <line num="22" count="0" type="stmt"/>
        <line num="23" count="0" type="stmt"/>
        <line num="25" count="0" type="cond" truecount="0" falsecount="4"/>
        <line num="26" count="0" type="stmt"/>
        <line num="28" count="0" type="stmt"/>
        <line num="29" count="0" type="stmt"/>
        <line num="31" count="0" type="stmt"/>
        <line num="34" count="0" type="cond" truecount="0" falsecount="2"/>
        <line num="38" count="0" type="stmt"/>
        <line num="55" count="0" type="stmt"/>
        <line num="86" count="0" type="stmt"/>
        <line num="102" count="0" type="stmt"/>
        <line num="103" count="0" type="stmt"/>
        <line num="104" count="0" type="stmt"/>
        <line num="105" count="0" type="stmt"/>
        <line num="107" count="0" type="stmt"/>
        <line num="116" count="0" type="stmt"/>
        <line num="119" count="0" type="stmt"/>
        <line num="120" count="0" type="stmt"/>
        <line num="121" count="0" type="stmt"/>
        <line num="122" count="0" type="stmt"/>
        <line num="123" count="0" type="stmt"/>
        <line num="134" count="0" type="stmt"/>
        <line num="154" count="0" type="stmt"/>
        <line num="182" count="0" type="stmt"/>
      </file>
      <file name="Disclaimer.tsx" path="/Users/svenjens/Apps/Amsterdam/vergunningcheck/apps/client/src/components/Disclaimer.tsx">
        <metrics statements="2" coveredstatements="2" conditionals="0" coveredconditionals="0" methods="1" coveredmethods="1"/>
        <line num="7" count="1" type="stmt"/>
        <line num="8" count="1" type="stmt"/>
      </file>
      <file name="Error.tsx" path="/Users/svenjens/Apps/Amsterdam/vergunningcheck/apps/client/src/components/Error.tsx">
        <metrics statements="2" coveredstatements="1" conditionals="5" coveredconditionals="0" methods="1" coveredmethods="0"/>
        <line num="5" count="1" type="stmt"/>
        <line num="6" count="0" type="stmt"/>
      </file>
      <file name="Form.tsx" path="/Users/svenjens/Apps/Amsterdam/vergunningcheck/apps/client/src/components/Form.tsx">
        <metrics statements="5" coveredstatements="5" conditionals="2" coveredconditionals="2" methods="2" coveredmethods="2"/>
        <line num="10" count="4" type="stmt"/>
        <line num="16" count="9" type="stmt"/>
        <line num="19" count="4" type="stmt"/>
        <line num="20" count="4" type="cond" truecount="2" falsecount="0"/>
        <line num="21" count="3" type="stmt"/>
      </file>
      <file name="FormStyles.ts" path="/Users/svenjens/Apps/Amsterdam/vergunningcheck/apps/client/src/components/FormStyles.ts">
        <metrics statements="1" coveredstatements="1" conditionals="0" coveredconditionals="0" methods="0" coveredmethods="0"/>
        <line num="3" count="4" type="stmt"/>
      </file>
      <file name="Header.js" path="/Users/svenjens/Apps/Amsterdam/vergunningcheck/apps/client/src/components/Header.js">
        <metrics statements="7" coveredstatements="4" conditionals="2" coveredconditionals="0" methods="4" coveredmethods="2"/>
        <line num="12" count="2" type="stmt"/>
        <line num="13" count="1" type="stmt"/>
        <line num="14" count="0" type="stmt"/>
        <line num="18" count="0" type="stmt"/>
        <line num="21" count="1" type="stmt"/>
        <line num="26" count="1" type="stmt"/>
        <line num="28" count="0" type="stmt"/>
      </file>
      <file name="HeaderStyles.ts" path="/Users/svenjens/Apps/Amsterdam/vergunningcheck/apps/client/src/components/HeaderStyles.ts">
        <metrics statements="4" coveredstatements="4" conditionals="0" coveredconditionals="0" methods="0" coveredmethods="0"/>
        <line num="7" count="2" type="stmt"/>
        <line num="26" count="2" type="stmt"/>
        <line num="42" count="2" type="stmt"/>
        <line num="51" count="2" type="stmt"/>
      </file>
      <file name="HiddenDebugInfo.js" path="/Users/svenjens/Apps/Amsterdam/vergunningcheck/apps/client/src/components/HiddenDebugInfo.js">
        <metrics statements="1" coveredstatements="1" conditionals="0" coveredconditionals="0" methods="1" coveredmethods="1"/>
        <line num="6" count="2" type="stmt"/>
      </file>
      <file name="HiddenDebugInfoStyles.js" path="/Users/svenjens/Apps/Amsterdam/vergunningcheck/apps/client/src/components/HiddenDebugInfoStyles.js">
        <metrics statements="2" coveredstatements="2" conditionals="0" coveredconditionals="0" methods="0" coveredmethods="0"/>
        <line num="3" count="2" type="stmt"/>
        <line num="13" count="2" type="stmt"/>
      </file>
      <file name="Link.js" path="/Users/svenjens/Apps/Amsterdam/vergunningcheck/apps/client/src/components/Link.js">
        <metrics statements="6" coveredstatements="4" conditionals="6" coveredconditionals="2" methods="2" coveredmethods="1"/>
        <line num="8" count="11" type="stmt"/>
        <line num="16" count="69" type="stmt"/>
        <line num="17" count="0" type="cond" truecount="0" falsecount="2"/>
        <line num="18" count="0" type="stmt"/>
        <line num="25" count="69" type="stmt"/>
        <line num="32" count="11" type="stmt"/>
      </file>
      <file name="ListInsideOrderedList.js" path="/Users/svenjens/Apps/Amsterdam/vergunningcheck/apps/client/src/components/ListInsideOrderedList.js">
        <metrics statements="0" coveredstatements="0" conditionals="0" coveredconditionals="0" methods="0" coveredmethods="0"/>
      </file>
      <file name="Loading.js" path="/Users/svenjens/Apps/Amsterdam/vergunningcheck/apps/client/src/components/Loading.js">
        <metrics statements="1" coveredstatements="0" conditionals="0" coveredconditionals="0" methods="1" coveredmethods="0"/>
        <line num="5" count="0" type="stmt"/>
      </file>
      <file name="Modal.tsx" path="/Users/svenjens/Apps/Amsterdam/vergunningcheck/apps/client/src/components/Modal.tsx">
        <metrics statements="13" coveredstatements="12" conditionals="16" coveredconditionals="14" methods="6" coveredmethods="5"/>
        <line num="36" count="7" type="stmt"/>
        <line num="49" count="19" type="stmt"/>
        <line num="51" count="19" type="stmt"/>
        <line num="52" count="6" type="stmt"/>
        <line num="54" count="6" type="cond" truecount="1" falsecount="1"/>
        <line num="55" count="6" type="stmt"/>
        <line num="59" count="19" type="stmt"/>
        <line num="78" count="0" type="stmt"/>
        <line num="89" count="1" type="stmt"/>
        <line num="90" count="1" type="stmt"/>
        <line num="113" count="2" type="cond" truecount="2" falsecount="0"/>
        <line num="114" count="2" type="cond" truecount="1" falsecount="1"/>
        <line num="124" count="1" type="stmt"/>
      </file>
      <file name="ModalStyles.tsx" path="/Users/svenjens/Apps/Amsterdam/vergunningcheck/apps/client/src/components/ModalStyles.tsx">
        <metrics statements="6" coveredstatements="6" conditionals="0" coveredconditionals="0" methods="0" coveredmethods="0"/>
        <line num="4" count="7" type="stmt"/>
        <line num="8" count="7" type="stmt"/>
        <line num="15" count="7" type="stmt"/>
        <line num="19" count="7" type="stmt"/>
        <line num="23" count="7" type="stmt"/>
        <line num="27" count="7" type="stmt"/>
      </file>
      <file name="Nav.tsx" path="/Users/svenjens/Apps/Amsterdam/vergunningcheck/apps/client/src/components/Nav.tsx">
        <metrics statements="2" coveredstatements="2" conditionals="6" coveredconditionals="6" methods="1" coveredmethods="1"/>
        <line num="19" count="3" type="stmt"/>
        <line num="29" count="7" type="stmt"/>
      </file>
      <file name="NavStyle.ts" path="/Users/svenjens/Apps/Amsterdam/vergunningcheck/apps/client/src/components/NavStyle.ts">
        <metrics statements="6" coveredstatements="6" conditionals="4" coveredconditionals="3" methods="2" coveredmethods="2"/>
        <line num="6" count="3" type="stmt"/>
        <line num="16" count="7" type="cond" truecount="2" falsecount="0"/>
        <line num="26" count="3" type="stmt"/>
        <line num="27" count="6" type="cond" truecount="1" falsecount="1"/>
        <line num="34" count="3" type="stmt"/>
        <line num="39" count="3" type="stmt"/>
      </file>
      <file name="PhoneNumber.tsx" path="/Users/svenjens/Apps/Amsterdam/vergunningcheck/apps/client/src/components/PhoneNumber.tsx">
        <metrics statements="2" coveredstatements="2" conditionals="7" coveredconditionals="7" methods="1" coveredmethods="1"/>
        <line num="8" count="9" type="stmt"/>
        <line num="29" count="26" type="stmt"/>
      </file>
      <file name="PrintDetails.js" path="/Users/svenjens/Apps/Amsterdam/vergunningcheck/apps/client/src/components/PrintDetails.js">
        <metrics statements="4" coveredstatements="4" conditionals="0" coveredconditionals="0" methods="1" coveredmethods="1"/>
        <line num="7" count="1" type="stmt"/>
        <line num="8" count="1" type="stmt"/>
        <line num="15" count="1" type="stmt"/>
        <line num="18" count="1" type="stmt"/>
      </file>
      <file name="Question.js" path="/Users/svenjens/Apps/Amsterdam/vergunningcheck/apps/client/src/components/Question.js">
        <metrics statements="26" coveredstatements="4" conditionals="20" coveredconditionals="0" methods="7" coveredmethods="0"/>
        <line num="17" count="1" type="stmt"/>
        <line num="30" count="1" type="stmt"/>
        <line num="55" count="0" type="stmt"/>
        <line num="56" count="0" type="stmt"/>
        <line num="61" count="0" type="cond" truecount="0" falsecount="2"/>
        <line num="63" count="0" type="stmt"/>
        <line num="64" count="0" type="cond" truecount="0" falsecount="2"/>
        <line num="65" count="0" type="stmt"/>
        <line num="73" count="0" type="cond" truecount="0" falsecount="2"/>
        <line num="74" count="0" type="cond" truecount="0" falsecount="2"/>
        <line num="75" count="0" type="stmt"/>
        <line num="77" count="0" type="stmt"/>
        <line num="78" count="0" type="stmt"/>
        <line num="80" count="0" type="stmt"/>
        <line num="84" count="0" type="stmt"/>
        <line num="94" count="0" type="stmt"/>
        <line num="96" count="0" type="cond" truecount="0" falsecount="2"/>
        <line num="97" count="0" type="stmt"/>
        <line num="98" count="0" type="stmt"/>
        <line num="102" count="0" type="stmt"/>
        <line num="105" count="0" type="cond" truecount="0" falsecount="2"/>
        <line num="108" count="0" type="stmt"/>
        <line num="109" count="0" type="stmt"/>
        <line num="115" count="0" type="stmt"/>
        <line num="162" count="1" type="stmt"/>
        <line num="171" count="1" type="stmt"/>
      </file>
      <file name="QuestionAnswer.tsx" path="/Users/svenjens/Apps/Amsterdam/vergunningcheck/apps/client/src/components/QuestionAnswer.tsx">
        <metrics statements="2" coveredstatements="2" conditionals="2" coveredconditionals="2" methods="1" coveredmethods="1"/>
        <line num="17" count="1" type="stmt"/>
        <line num="24" count="1" type="stmt"/>
      </file>
      <file name="Questions.js" path="/Users/svenjens/Apps/Amsterdam/vergunningcheck/apps/client/src/components/Questions.js">
        <metrics statements="115" coveredstatements="0" conditionals="83" coveredconditionals="0" methods="24" coveredmethods="0"/>
        <line num="18" count="0" type="stmt"/>
        <line num="28" count="0" type="stmt"/>
        <line num="29" count="0" type="stmt"/>
        <line num="30" count="0" type="stmt"/>
        <line num="31" count="0" type="stmt"/>
        <line num="32" count="0" type="stmt"/>
        <line num="34" count="0" type="stmt"/>
        <line num="35" count="0" type="stmt"/>
        <line num="36" count="0" type="stmt"/>
        <line num="37" count="0" type="stmt"/>
        <line num="42" count="0" type="stmt"/>
        <line num="43" count="0" type="stmt"/>
        <line num="53" count="0" type="stmt"/>
        <line num="54" count="0" type="stmt"/>
        <line num="56" count="0" type="cond" truecount="0" falsecount="2"/>
        <line num="58" count="0" type="stmt"/>
        <line num="61" count="0" type="cond" truecount="0" falsecount="2"/>
        <line num="63" count="0" type="stmt"/>
        <line num="65" count="0" type="cond" truecount="0" falsecount="2"/>
        <line num="66" count="0" type="stmt"/>
        <line num="68" count="0" type="stmt"/>
        <line num="70" count="0" type="stmt"/>
        <line num="74" count="0" type="stmt"/>
        <line num="76" count="0" type="stmt"/>
        <line num="81" count="0" type="stmt"/>
        <line num="83" count="0" type="cond" truecount="0" falsecount="4"/>
        <line num="84" count="0" type="stmt"/>
        <line num="87" count="0" type="stmt"/>
        <line num="88" count="0" type="stmt"/>
        <line num="92" count="0" type="stmt"/>
        <line num="96" count="0" type="stmt"/>
        <line num="97" count="0" type="stmt"/>
        <line num="98" count="0" type="stmt"/>
        <line num="100" count="0" type="stmt"/>
        <line num="106" count="0" type="stmt"/>
        <line num="108" count="0" type="cond" truecount="0" falsecount="2"/>
        <line num="109" count="0" type="stmt"/>
        <line num="110" count="0" type="cond" truecount="0" falsecount="2"/>
        <line num="113" count="0" type="stmt"/>
        <line num="114" count="0" type="cond" truecount="0" falsecount="2"/>
        <line num="115" count="0" type="stmt"/>
        <line num="116" count="0" type="cond" truecount="0" falsecount="2"/>
        <line num="117" count="0" type="stmt"/>
        <line num="122" count="0" type="stmt"/>
        <line num="124" count="0" type="stmt"/>
        <line num="127" count="0" type="stmt"/>
        <line num="128" count="0" type="cond" truecount="0" falsecount="2"/>
        <line num="130" count="0" type="stmt"/>
        <line num="133" count="0" type="stmt"/>
        <line num="134" count="0" type="stmt"/>
        <line num="137" count="0" type="cond" truecount="0" falsecount="2"/>
        <line num="140" count="0" type="cond" truecount="0" falsecount="4"/>
        <line num="141" count="0" type="stmt"/>
        <line num="147" count="0" type="stmt"/>
        <line num="150" count="0" type="cond" truecount="0" falsecount="2"/>
        <line num="151" count="0" type="stmt"/>
        <line num="152" count="0" type="cond" truecount="0" falsecount="2"/>
        <line num="154" count="0" type="stmt"/>
        <line num="162" count="0" type="stmt"/>
        <line num="168" count="0" type="stmt"/>
        <line num="170" count="0" type="stmt"/>
        <line num="172" count="0" type="cond" truecount="0" falsecount="2"/>
        <line num="173" count="0" type="stmt"/>
        <line num="180" count="0" type="stmt"/>
        <line num="184" count="0" type="stmt"/>
        <line num="185" count="0" type="cond" truecount="0" falsecount="2"/>
        <line num="187" count="0" type="stmt"/>
        <line num="188" count="0" type="cond" truecount="0" falsecount="2"/>
        <line num="192" count="0" type="stmt"/>
        <line num="193" count="0" type="stmt"/>
        <line num="194" count="0" type="stmt"/>
        <line num="195" count="0" type="stmt"/>
        <line num="196" count="0" type="stmt"/>
        <line num="202" count="0" type="stmt"/>
        <line num="204" count="0" type="stmt"/>
        <line num="206" count="0" type="cond" truecount="0" falsecount="2"/>
        <line num="207" count="0" type="stmt"/>
        <line num="210" count="0" type="stmt"/>
        <line num="214" count="0" type="cond" truecount="0" falsecount="4"/>
        <line num="215" count="0" type="stmt"/>
        <line num="216" count="0" type="stmt"/>
        <line num="219" count="0" type="cond" truecount="0" falsecount="4"/>
        <line num="220" count="0" type="stmt"/>
        <line num="221" count="0" type="stmt"/>
        <line num="222" count="0" type="stmt"/>
        <line num="226" count="0" type="stmt"/>
        <line num="229" count="0" type="stmt"/>
        <line num="231" count="0" type="stmt"/>
        <line num="239" count="0" type="cond" truecount="0" falsecount="2"/>
        <line num="240" count="0" type="stmt"/>
        <line num="244" count="0" type="stmt"/>
        <line num="247" count="0" type="stmt"/>
        <line num="255" count="0" type="cond" truecount="0" falsecount="2"/>
        <line num="256" count="0" type="stmt"/>
        <line num="260" count="0" type="stmt"/>
        <line num="266" count="0" type="cond" truecount="0" falsecount="2"/>
        <line num="271" count="0" type="stmt"/>
        <line num="275" count="0" type="stmt"/>
        <line num="279" count="0" type="cond" truecount="0" falsecount="2"/>
        <line num="282" count="0" type="cond" truecount="0" falsecount="4"/>
        <line num="283" count="0" type="stmt"/>
        <line num="289" count="0" type="cond" truecount="0" falsecount="4"/>
        <line num="290" count="0" type="stmt"/>
        <line num="294" count="0" type="stmt"/>
        <line num="296" count="0" type="stmt"/>
        <line num="327" count="0" type="stmt"/>
        <line num="339" count="0" type="cond" truecount="0" falsecount="2"/>
        <line num="340" count="0" type="cond" truecount="0" falsecount="2"/>
        <line num="343" count="0" type="cond" truecount="0" falsecount="4"/>
        <line num="344" count="0" type="stmt"/>
        <line num="348" count="0" type="stmt"/>
        <line num="351" count="0" type="stmt"/>
        <line num="354" count="0" type="cond" truecount="0" falsecount="2"/>
        <line num="356" count="0" type="stmt"/>
        <line num="365" count="0" type="stmt"/>
      </file>
      <file name="RegisterLookupSummary.tsx" path="/Users/svenjens/Apps/Amsterdam/vergunningcheck/apps/client/src/components/RegisterLookupSummary.tsx">
        <metrics statements="15" coveredstatements="15" conditionals="35" coveredconditionals="33" methods="4" coveredmethods="4"/>
        <line num="29" count="3" type="stmt"/>
        <line num="36" count="10" type="stmt"/>
        <line num="37" count="10" type="cond" truecount="2" falsecount="0"/>
        <line num="40" count="10" type="stmt"/>
        <line num="41" count="10" type="stmt"/>
        <line num="42" count="10" type="stmt"/>
        <line num="43" count="10" type="stmt"/>
        <line num="44" count="13" type="stmt"/>
        <line num="47" count="10" type="cond" truecount="2" falsecount="0"/>
        <line num="48" count="8" type="stmt"/>
        <line num="50" count="10" type="cond" truecount="2" falsecount="0"/>
        <line num="51" count="7" type="stmt"/>
        <line num="54" count="10" type="stmt"/>
        <line num="59" count="10" type="cond" truecount="2" falsecount="0"/>
        <line num="105" count="6" type="stmt"/>
      </file>
      <file name="Router.js" path="/Users/svenjens/Apps/Amsterdam/vergunningcheck/apps/client/src/components/Router.js">
        <metrics statements="5" coveredstatements="0" conditionals="0" coveredconditionals="0" methods="4" coveredmethods="0"/>
        <line num="8" count="0" type="stmt"/>
        <line num="9" count="0" type="stmt"/>
        <line num="15" count="0" type="stmt"/>
        <line num="18" count="0" type="stmt"/>
        <line num="20" count="0" type="stmt"/>
      </file>
      <file name="ScrollToTop.js" path="/Users/svenjens/Apps/Amsterdam/vergunningcheck/apps/client/src/components/ScrollToTop.js">
        <metrics statements="4" coveredstatements="0" conditionals="0" coveredconditionals="0" methods="2" coveredmethods="0"/>
        <line num="7" count="0" type="stmt"/>
        <line num="9" count="0" type="stmt"/>
        <line num="10" count="0" type="stmt"/>
        <line num="13" count="0" type="stmt"/>
      </file>
      <file name="Visual.js" path="/Users/svenjens/Apps/Amsterdam/vergunningcheck/apps/client/src/components/Visual.js">
        <metrics statements="8" coveredstatements="0" conditionals="2" coveredconditionals="0" methods="3" coveredmethods="0"/>
        <line num="7" count="0" type="stmt"/>
        <line num="8" count="0" type="stmt"/>
        <line num="10" count="0" type="stmt"/>
        <line num="11" count="0" type="stmt"/>
        <line num="12" count="0" type="stmt"/>
        <line num="13" count="0" type="stmt"/>
        <line num="16" count="0" type="stmt"/>
        <line num="23" count="0" type="stmt"/>
      </file>
      <file name="VisualStyles.js" path="/Users/svenjens/Apps/Amsterdam/vergunningcheck/apps/client/src/components/VisualStyles.js">
        <metrics statements="7" coveredstatements="3" conditionals="8" coveredconditionals="0" methods="4" coveredmethods="0"/>
        <line num="10" count="1" type="stmt"/>
        <line num="15" count="1" type="stmt"/>
        <line num="32" count="0" type="cond" truecount="0" falsecount="2"/>
        <line num="44" count="0" type="cond" truecount="0" falsecount="2"/>
        <line num="51" count="1" type="stmt"/>
        <line num="61" count="0" type="cond" truecount="0" falsecount="2"/>
        <line num="66" count="0" type="cond" truecount="0" falsecount="2"/>
      </file>
    </package>
    <package name="src.components.Conclusion">
      <metrics statements="47" coveredstatements="45" conditionals="21" coveredconditionals="15" methods="16" coveredmethods="15"/>
      <file name="ConclusionOutcome.tsx" path="/Users/svenjens/Apps/Amsterdam/vergunningcheck/apps/client/src/components/Conclusion/ConclusionOutcome.tsx">
        <metrics statements="9" coveredstatements="7" conditionals="7" coveredconditionals="5" methods="3" coveredmethods="2"/>
        <line num="11" count="1" type="stmt"/>
        <line num="28" count="1" type="stmt"/>
        <line num="32" count="2" type="stmt"/>
        <line num="33" count="2" type="stmt"/>
        <line num="34" count="2" type="stmt"/>
        <line num="41" count="2" type="stmt"/>
        <line num="42" count="0" type="stmt"/>
        <line num="46" count="0" type="stmt"/>
        <line num="49" count="2" type="stmt"/>
      </file>
      <file name="NeedPermitContent.tsx" path="/Users/svenjens/Apps/Amsterdam/vergunningcheck/apps/client/src/components/Conclusion/NeedPermitContent.tsx">
        <metrics statements="5" coveredstatements="5" conditionals="0" coveredconditionals="0" methods="2" coveredmethods="2"/>
        <line num="10" count="1" type="stmt"/>
        <line num="13" count="1" type="stmt"/>
        <line num="14" count="1" type="stmt"/>
        <line num="19" count="1" type="stmt"/>
        <line num="22" count="1" type="stmt"/>
      </file>
      <file name="NeedPermitFooter.tsx" path="/Users/svenjens/Apps/Amsterdam/vergunningcheck/apps/client/src/components/Conclusion/NeedPermitFooter.tsx">
        <metrics statements="2" coveredstatements="2" conditionals="0" coveredconditionals="0" methods="1" coveredmethods="1"/>
        <line num="8" count="1" type="stmt"/>
        <line num="9" count="1" type="stmt"/>
      </file>
      <file name="NewCheckerModal.tsx" path="/Users/svenjens/Apps/Amsterdam/vergunningcheck/apps/client/src/components/Conclusion/NewCheckerModal.tsx">
        <metrics statements="29" coveredstatements="29" conditionals="14" coveredconditionals="10" methods="9" coveredmethods="9"/>
        <line num="15" count="2" type="stmt"/>
        <line num="17" count="6" type="stmt"/>
        <line num="20" count="6" type="stmt"/>
        <line num="21" count="6" type="stmt"/>
        <line num="22" count="6" type="stmt"/>
        <line num="23" count="6" type="stmt"/>
        <line num="24" count="6" type="stmt"/>
        <line num="26" count="6" type="stmt"/>
        <line num="27" count="2" type="stmt"/>
        <line num="32" count="2" type="stmt"/>
        <line num="35" count="6" type="stmt"/>
        <line num="36" count="2" type="cond" truecount="1" falsecount="1"/>
        <line num="39" count="2" type="stmt"/>
        <line num="46" count="2" type="stmt"/>
        <line num="47" count="2" type="stmt"/>
        <line num="49" count="2" type="cond" truecount="2" falsecount="0"/>
        <line num="50" count="1" type="cond" truecount="1" falsecount="1"/>
        <line num="51" count="1" type="cond" truecount="1" falsecount="1"/>
        <line num="54" count="1" type="cond" truecount="1" falsecount="1"/>
        <line num="56" count="1" type="stmt"/>
        <line num="68" count="1" type="stmt"/>
        <line num="72" count="6" type="stmt"/>
        <line num="93" count="1" type="stmt"/>
        <line num="102" count="1" type="stmt"/>
        <line num="117" count="54" type="stmt"/>
        <line num="118" count="24" type="stmt"/>
        <line num="120" count="30" type="stmt"/>
        <line num="126" count="1" type="stmt"/>
        <line num="127" count="1" type="stmt"/>
      </file>
      <file name="NoPermitDescription.tsx" path="/Users/svenjens/Apps/Amsterdam/vergunningcheck/apps/client/src/components/Conclusion/NoPermitDescription.tsx">
        <metrics statements="2" coveredstatements="2" conditionals="0" coveredconditionals="0" methods="1" coveredmethods="1"/>
        <line num="7" count="1" type="stmt"/>
        <line num="8" count="1" type="stmt"/>
      </file>
      <file name="index.ts" path="/Users/svenjens/Apps/Amsterdam/vergunningcheck/apps/client/src/components/Conclusion/index.ts">
        <metrics statements="0" coveredstatements="0" conditionals="0" coveredconditionals="0" methods="0" coveredmethods="0"/>
      </file>
    </package>
    <package name="src.components.Footer">
      <metrics statements="9" coveredstatements="9" conditionals="0" coveredconditionals="0" methods="4" coveredmethods="4"/>
      <file name="Footer.js" path="/Users/svenjens/Apps/Amsterdam/vergunningcheck/apps/client/src/components/Footer/Footer.js">
        <metrics statements="8" coveredstatements="8" conditionals="0" coveredconditionals="0" methods="4" coveredmethods="4"/>
        <line num="20" count="3" type="stmt"/>
        <line num="21" count="4" type="stmt"/>
        <line num="62" count="3" type="stmt"/>
        <line num="63" count="4" type="stmt"/>
        <line num="127" count="3" type="stmt"/>
        <line num="128" count="4" type="stmt"/>
        <line num="144" count="3" type="stmt"/>
        <line num="145" count="2" type="stmt"/>
      </file>
      <file name="FooterStyles.js" path="/Users/svenjens/Apps/Amsterdam/vergunningcheck/apps/client/src/components/Footer/FooterStyles.js">
        <metrics statements="1" coveredstatements="1" conditionals="0" coveredconditionals="0" methods="0" coveredmethods="0"/>
        <line num="4" count="3" type="stmt"/>
      </file>
      <file name="index.js" path="/Users/svenjens/Apps/Amsterdam/vergunningcheck/apps/client/src/components/Footer/index.js">
        <metrics statements="0" coveredstatements="0" conditionals="0" coveredconditionals="0" methods="0" coveredmethods="0"/>
      </file>
    </package>
    <package name="src.components.Layouts">
      <metrics statements="12" coveredstatements="11" conditionals="8" coveredconditionals="6" methods="4" coveredmethods="3"/>
      <file name="BaseLayout.tsx" path="/Users/svenjens/Apps/Amsterdam/vergunningcheck/apps/client/src/components/Layouts/BaseLayout.tsx">
        <metrics statements="5" coveredstatements="4" conditionals="8" coveredconditionals="6" methods="2" coveredmethods="1"/>
        <line num="20" count="1" type="stmt"/>
        <line num="21" count="1" type="stmt"/>
        <line num="22" count="1" type="cond" truecount="1" falsecount="1"/>
        <line num="24" count="1" type="stmt"/>
        <line num="66" count="0" type="stmt"/>
      </file>
      <file name="BaseLayoutStyles.js" path="/Users/svenjens/Apps/Amsterdam/vergunningcheck/apps/client/src/components/Layouts/BaseLayoutStyles.js">
        <metrics statements="3" coveredstatements="3" conditionals="0" coveredconditionals="0" methods="0" coveredmethods="0"/>
        <line num="4" count="2" type="stmt"/>
        <line num="17" count="2" type="stmt"/>
        <line num="43" count="2" type="stmt"/>
      </file>
      <file name="DefaultLayout.tsx" path="/Users/svenjens/Apps/Amsterdam/vergunningcheck/apps/client/src/components/Layouts/DefaultLayout.tsx">
        <metrics statements="4" coveredstatements="4" conditionals="0" coveredconditionals="0" methods="2" coveredmethods="2"/>
        <line num="18" count="1" type="stmt"/>
        <line num="20" count="1" type="stmt"/>
        <line num="21" count="1" type="stmt"/>
        <line num="26" count="1" type="stmt"/>
      </file>
    </package>
    <package name="src.components.Location">
      <metrics statements="134" coveredstatements="64" conditionals="102" coveredconditionals="43" methods="28" coveredmethods="13"/>
      <file name="ChangeAddressModal.tsx" path="/Users/svenjens/Apps/Amsterdam/vergunningcheck/apps/client/src/components/Location/ChangeAddressModal.tsx">
        <metrics statements="13" coveredstatements="11" conditionals="2" coveredconditionals="2" methods="6" coveredmethods="5"/>
        <line num="18" count="3" type="stmt"/>
        <line num="20" count="9" type="stmt"/>
        <line num="24" count="9" type="stmt"/>
        <line num="26" count="2" type="stmt"/>
        <line num="32" count="9" type="stmt"/>
        <line num="41" count="0" type="stmt"/>
        <line num="57" count="0" type="stmt"/>
        <line num="60" count="9" type="stmt"/>
        <line num="70" count="5" type="stmt"/>
        <line num="73" count="2" type="stmt"/>
        <line num="79" count="2" type="stmt"/>
        <line num="95" count="3" type="stmt"/>
        <line num="99" count="3" type="stmt"/>
      </file>
      <file name="LocationFinder.tsx" path="/Users/svenjens/Apps/Amsterdam/vergunningcheck/apps/client/src/components/Location/LocationFinder.tsx">
        <metrics statements="68" coveredstatements="37" conditionals="66" coveredconditionals="40" methods="14" coveredmethods="4"/>
        <line num="17" count="1" type="stmt"/>
        <line num="18" count="1" type="stmt"/>
        <line num="20" count="1" type="stmt"/>
        <line num="22" count="1" type="stmt"/>
        <line num="31" count="4" type="stmt"/>
        <line num="32" count="4" type="stmt"/>
        <line num="33" count="4" type="stmt"/>
        <line num="36" count="4" type="stmt"/>
        <line num="39" count="4" type="stmt"/>
        <line num="40" count="4" type="stmt"/>
        <line num="42" count="4" type="stmt"/>
        <line num="50" count="4" type="stmt"/>
        <line num="51" count="8" type="cond" truecount="1" falsecount="1"/>
        <line num="52" count="0" type="cond" truecount="0" falsecount="5"/>
        <line num="53" count="0" type="stmt"/>
        <line num="55" count="0" type="cond" truecount="0" falsecount="2"/>
        <line num="56" count="0" type="cond" truecount="0" falsecount="4"/>
        <line num="57" count="0" type="stmt"/>
        <line num="63" count="4" type="stmt"/>
        <line num="64" count="4" type="stmt"/>
        <line num="67" count="4" type="stmt"/>
        <line num="69" count="0" type="cond" truecount="0" falsecount="2"/>
        <line num="72" count="0" type="stmt"/>
        <line num="74" count="0" type="stmt"/>
        <line num="75" count="0" type="stmt"/>
        <line num="76" count="0" type="stmt"/>
        <line num="79" count="0" type="stmt"/>
        <line num="88" count="4" type="stmt"/>
        <line num="94" count="4" type="stmt"/>
        <line num="99" count="4" type="stmt"/>
        <line num="107" count="4" type="stmt"/>
        <line num="110" count="4" type="stmt"/>
        <line num="111" count="4" type="stmt"/>
        <line num="113" count="4" type="cond" truecount="2" falsecount="0"/>
        <line num="114" count="1" type="stmt"/>
        <line num="124" count="4" type="stmt"/>
        <line num="126" count="0" type="cond" truecount="0" falsecount="2"/>
        <line num="127" count="0" type="stmt"/>
        <line num="131" count="4" type="stmt"/>
        <line num="132" count="0" type="stmt"/>
        <line num="133" count="0" type="stmt"/>
        <line num="134" count="0" type="stmt"/>
        <line num="136" count="0" type="stmt"/>
        <line num="137" count="0" type="stmt"/>
        <line num="138" count="0" type="stmt"/>
        <line num="141" count="4" type="cond" truecount="2" falsecount="0"/>
        <line num="142" count="0" type="stmt"/>
        <line num="144" count="4" type="cond" truecount="1" falsecount="1"/>
        <line num="146" count="4" type="stmt"/>
        <line num="152" count="4" type="cond" truecount="2" falsecount="0"/>
        <line num="154" count="4" type="stmt"/>
        <line num="164" count="4" type="stmt"/>
        <line num="174" count="4" type="stmt"/>
        <line num="175" count="0" type="stmt"/>
        <line num="178" count="4" type="stmt"/>
        <line num="180" count="4" type="stmt"/>
        <line num="182" count="0" type="stmt"/>
        <line num="183" count="0" type="stmt"/>
        <line num="184" count="0" type="stmt"/>
        <line num="186" count="0" type="cond" truecount="0" falsecount="2"/>
        <line num="188" count="0" type="stmt"/>
        <line num="189" count="0" type="stmt"/>
        <line num="190" count="0" type="stmt"/>
        <line num="198" count="4" type="stmt"/>
        <line num="209" count="0" type="stmt"/>
        <line num="211" count="3" type="stmt"/>
        <line num="226" count="0" type="stmt"/>
        <line num="227" count="0" type="stmt"/>
      </file>
      <file name="LocationInput.tsx" path="/Users/svenjens/Apps/Amsterdam/vergunningcheck/apps/client/src/components/Location/LocationInput.tsx">
        <metrics statements="35" coveredstatements="0" conditionals="32" coveredconditionals="0" methods="3" coveredmethods="0"/>
        <line num="16" count="0" type="stmt"/>
        <line num="23" count="0" type="stmt"/>
        <line num="24" count="0" type="stmt"/>
        <line num="25" count="0" type="stmt"/>
        <line num="26" count="0" type="stmt"/>
        <line num="28" count="0" type="stmt"/>
        <line num="29" count="0" type="cond" truecount="0" falsecount="2"/>
        <line num="31" count="0" type="stmt"/>
        <line num="32" count="0" type="stmt"/>
        <line num="33" count="0" type="stmt"/>
        <line num="35" count="0" type="stmt"/>
        <line num="36" count="0" type="cond" truecount="0" falsecount="2"/>
        <line num="37" count="0" type="stmt"/>
        <line num="45" count="0" type="cond" truecount="0" falsecount="4"/>
        <line num="47" count="0" type="cond" truecount="0" falsecount="2"/>
        <line num="48" count="0" type="stmt"/>
        <line num="51" count="0" type="stmt"/>
        <line num="57" count="0" type="stmt"/>
        <line num="60" count="0" type="cond" truecount="0" falsecount="4"/>
        <line num="61" count="0" type="stmt"/>
        <line num="64" count="0" type="stmt"/>
        <line num="67" count="0" type="cond" truecount="0" falsecount="2"/>
        <line num="68" count="0" type="stmt"/>
        <line num="69" count="0" type="stmt"/>
        <line num="72" count="0" type="stmt"/>
        <line num="81" count="0" type="cond" truecount="0" falsecount="2"/>
        <line num="82" count="0" type="stmt"/>
        <line num="84" count="0" type="stmt"/>
        <line num="85" count="0" type="cond" truecount="0" falsecount="2"/>
        <line num="90" count="0" type="stmt"/>
        <line num="91" count="0" type="stmt"/>
        <line num="97" count="0" type="cond" truecount="0" falsecount="2"/>
        <line num="98" count="0" type="stmt"/>
        <line num="105" count="0" type="stmt"/>
        <line num="108" count="0" type="stmt"/>
      </file>
      <file name="LocationLoading.tsx" path="/Users/svenjens/Apps/Amsterdam/vergunningcheck/apps/client/src/components/Location/LocationLoading.tsx">
        <metrics statements="3" coveredstatements="2" conditionals="2" coveredconditionals="1" methods="1" coveredmethods="1"/>
        <line num="9" count="1" type="stmt"/>
        <line num="10" count="4" type="cond" truecount="1" falsecount="1"/>
        <line num="12" count="0" type="stmt"/>
      </file>
      <file name="LocationNotFound.tsx" path="/Users/svenjens/Apps/Amsterdam/vergunningcheck/apps/client/src/components/Location/LocationNotFound.tsx">
        <metrics statements="2" coveredstatements="1" conditionals="0" coveredconditionals="0" methods="1" coveredmethods="0"/>
        <line num="8" count="1" type="stmt"/>
        <line num="9" count="0" type="stmt"/>
      </file>
      <file name="LocationResult.tsx" path="/Users/svenjens/Apps/Amsterdam/vergunningcheck/apps/client/src/components/Location/LocationResult.tsx">
        <metrics statements="12" coveredstatements="12" conditionals="0" coveredconditionals="0" methods="3" coveredmethods="3"/>
        <line num="18" count="1" type="stmt"/>
        <line num="24" count="4" type="stmt"/>
        <line num="27" count="4" type="stmt"/>
        <line num="28" count="4" type="stmt"/>
        <line num="30" count="4" type="stmt"/>
        <line num="31" count="1" type="stmt"/>
        <line num="32" count="1" type="stmt"/>
        <line num="36" count="1" type="stmt"/>
        <line num="39" count="4" type="stmt"/>
        <line num="40" count="1" type="stmt"/>
        <line num="44" count="1" type="stmt"/>
        <line num="47" count="4" type="stmt"/>
      </file>
      <file name="LocationStyles.ts" path="/Users/svenjens/Apps/Amsterdam/vergunningcheck/apps/client/src/components/Location/LocationStyles.ts">
        <metrics statements="1" coveredstatements="1" conditionals="0" coveredconditionals="0" methods="0" coveredmethods="0"/>
        <line num="4" count="1" type="stmt"/>
      </file>
    </package>
    <package name="src.components.Markdown">
      <metrics statements="2" coveredstatements="0" conditionals="0" coveredconditionals="0" methods="2" coveredmethods="0"/>
      <file name="index.js" path="/Users/svenjens/Apps/Amsterdam/vergunningcheck/apps/client/src/components/Markdown/index.js">
        <metrics statements="2" coveredstatements="0" conditionals="0" coveredconditionals="0" methods="2" coveredmethods="0"/>
        <line num="11" count="0" type="stmt"/>
        <line num="15" count="0" type="stmt"/>
      </file>
    </package>
    <package name="src.components.Markdown.renderers">
      <metrics statements="14" coveredstatements="2" conditionals="11" coveredconditionals="0" methods="3" coveredmethods="0"/>
      <file name="BlockRenderer.js" path="/Users/svenjens/Apps/Amsterdam/vergunningcheck/apps/client/src/components/Markdown/renderers/BlockRenderer.js">
        <metrics statements="3" coveredstatements="0" conditionals="2" coveredconditionals="0" methods="1" coveredmethods="0"/>
        <line num="11" count="0" type="stmt"/>
        <line num="13" count="0" type="stmt"/>
        <line num="14" count="0" type="cond" truecount="0" falsecount="2"/>
      </file>
      <file name="BlockRendererStyles.js" path="/Users/svenjens/Apps/Amsterdam/vergunningcheck/apps/client/src/components/Markdown/renderers/BlockRendererStyles.js">
        <metrics statements="1" coveredstatements="1" conditionals="0" coveredconditionals="0" methods="0" coveredmethods="0"/>
        <line num="4" count="1" type="stmt"/>
      </file>
      <file name="LinkRenderer.tsx" path="/Users/svenjens/Apps/Amsterdam/vergunningcheck/apps/client/src/components/Markdown/renderers/LinkRenderer.tsx">
        <metrics statements="9" coveredstatements="1" conditionals="9" coveredconditionals="0" methods="1" coveredmethods="0"/>
        <line num="16" count="1" type="stmt"/>
        <line num="22" count="0" type="stmt"/>
        <line num="23" count="0" type="stmt"/>
        <line num="26" count="0" type="cond" truecount="0" falsecount="1"/>
        <line num="33" count="0" type="cond" truecount="0" falsecount="2"/>
        <line num="34" count="0" type="cond" truecount="0" falsecount="2"/>
        <line num="37" count="0" type="cond" truecount="0" falsecount="2"/>
        <line num="38" count="0" type="cond" truecount="0" falsecount="2"/>
        <line num="40" count="0" type="stmt"/>
      </file>
      <file name="ListRenderer.js" path="/Users/svenjens/Apps/Amsterdam/vergunningcheck/apps/client/src/components/Markdown/renderers/ListRenderer.js">
        <metrics statements="1" coveredstatements="0" conditionals="0" coveredconditionals="0" methods="1" coveredmethods="0"/>
        <line num="5" count="0" type="stmt"/>
      </file>
    </package>
    <package name="src.components.StepByStepNavigation">
      <metrics statements="34" coveredstatements="34" conditionals="68" coveredconditionals="64" methods="16" coveredmethods="16"/>
      <file name="StepByStepItem.tsx" path="/Users/svenjens/Apps/Amsterdam/vergunningcheck/apps/client/src/components/StepByStepNavigation/StepByStepItem.tsx">
        <metrics statements="9" coveredstatements="9" conditionals="29" coveredconditionals="29" methods="2" coveredmethods="2"/>
        <line num="14" count="1" type="stmt"/>
        <line num="32" count="15" type="cond" truecount="2" falsecount="0"/>
        <line num="33" count="1" type="stmt"/>
        <line num="36" count="14" type="cond" truecount="2" falsecount="0"/>
        <line num="39" count="14" type="cond" truecount="3" falsecount="0"/>
        <line num="42" count="14" type="cond" truecount="4" falsecount="0"/>
        <line num="45" count="14" type="stmt"/>
        <line num="46" count="2" type="cond" truecount="2" falsecount="0"/>
        <line num="49" count="14" type="stmt"/>
      </file>
      <file name="StepByStepItemStyle.ts" path="/Users/svenjens/Apps/Amsterdam/vergunningcheck/apps/client/src/components/StepByStepNavigation/StepByStepItemStyle.ts">
        <metrics statements="16" coveredstatements="16" conditionals="29" coveredconditionals="26" methods="11" coveredmethods="11"/>
        <line num="22" count="1" type="stmt"/>
        <line num="43" count="14" type="cond" truecount="3" falsecount="0"/>
        <line num="50" count="14" type="cond" truecount="2" falsecount="0"/>
        <line num="55" count="14" type="cond" truecount="2" falsecount="0"/>
        <line num="61" count="14" type="cond" truecount="2" falsecount="3"/>
        <line num="71" count="14" type="cond" truecount="3" falsecount="0"/>
        <line num="76" count="14" type="cond" truecount="3" falsecount="0"/>
        <line num="85" count="1" type="stmt"/>
        <line num="114" count="14" type="cond" truecount="2" falsecount="0"/>
        <line num="118" count="1" type="stmt"/>
        <line num="135" count="14" type="cond" truecount="2" falsecount="0"/>
        <line num="146" count="14" type="cond" truecount="3" falsecount="0"/>
        <line num="151" count="14" type="cond" truecount="2" falsecount="0"/>
        <line num="156" count="14" type="cond" truecount="2" falsecount="0"/>
        <line num="162" count="1" type="stmt"/>
        <line num="171" count="1" type="stmt"/>
      </file>
      <file name="StepByStepNavigation.tsx" path="/Users/svenjens/Apps/Amsterdam/vergunningcheck/apps/client/src/components/StepByStepNavigation/StepByStepNavigation.tsx">
        <metrics statements="6" coveredstatements="6" conditionals="2" coveredconditionals="2" methods="1" coveredmethods="1"/>
        <line num="10" count="1" type="stmt"/>
        <line num="18" count="6" type="cond" truecount="2" falsecount="0"/>
        <line num="19" count="1" type="stmt"/>
        <line num="23" count="5" type="stmt"/>
        <line num="30" count="5" type="stmt"/>
        <line num="43" count="1" type="stmt"/>
      </file>
      <file name="StepByStepNavigationStyle.ts" path="/Users/svenjens/Apps/Amsterdam/vergunningcheck/apps/client/src/components/StepByStepNavigation/StepByStepNavigationStyle.ts">
        <metrics statements="1" coveredstatements="1" conditionals="2" coveredconditionals="1" methods="1" coveredmethods="1"/>
        <line num="18" count="5" type="cond" truecount="1" falsecount="1"/>
      </file>
      <file name="StepByStepTitle.tsx" path="/Users/svenjens/Apps/Amsterdam/vergunningcheck/apps/client/src/components/StepByStepNavigation/StepByStepTitle.tsx">
        <metrics statements="2" coveredstatements="2" conditionals="6" coveredconditionals="6" methods="1" coveredmethods="1"/>
        <line num="6" count="1" type="stmt"/>
        <line num="13" count="14" type="cond" truecount="2" falsecount="0"/>
      </file>
      <file name="index.ts" path="/Users/svenjens/Apps/Amsterdam/vergunningcheck/apps/client/src/components/StepByStepNavigation/index.ts">
        <metrics statements="0" coveredstatements="0" conditionals="0" coveredconditionals="0" methods="0" coveredmethods="0"/>
      </file>
    </package>
    <package name="src.config">
      <metrics statements="38" coveredstatements="23" conditionals="16" coveredconditionals="2" methods="9" coveredmethods="3"/>
      <file name="autofill.js" path="/Users/svenjens/Apps/Amsterdam/vergunningcheck/apps/client/src/config/autofill.js">
        <metrics statements="20" coveredstatements="6" conditionals="14" coveredconditionals="0" methods="6" coveredmethods="0"/>
        <line num="3" count="2" type="stmt"/>
        <line num="4" count="0" type="cond" truecount="0" falsecount="2"/>
        <line num="6" count="2" type="stmt"/>
        <line num="7" count="0" type="cond" truecount="0" falsecount="2"/>
        <line num="11" count="2" type="stmt"/>
        <line num="15" count="2" type="stmt"/>
        <line num="20" count="0" type="stmt"/>
        <line num="21" count="0" type="cond" truecount="0" falsecount="2"/>
        <line num="22" count="0" type="stmt"/>
        <line num="23" count="0" type="stmt"/>
        <line num="25" count="0" type="stmt"/>
        <line num="33" count="2" type="stmt"/>
        <line num="35" count="0" type="cond" truecount="0" falsecount="2"/>
        <line num="38" count="0" type="cond" truecount="0" falsecount="2"/>
        <line num="41" count="0" type="cond" truecount="0" falsecount="2"/>
        <line num="42" count="0" type="stmt"/>
        <line num="46" count="0" type="cond" truecount="0" falsecount="2"/>
        <line num="47" count="0" type="stmt"/>
        <line num="50" count="0" type="stmt"/>
        <line num="57" count="2" type="stmt"/>
      </file>
      <file name="index.ts" path="/Users/svenjens/Apps/Amsterdam/vergunningcheck/apps/client/src/config/index.ts">
        <metrics statements="9" coveredstatements="9" conditionals="0" coveredconditionals="0" methods="1" coveredmethods="1"/>
        <line num="28" count="36" type="stmt"/>
        <line num="30" count="36" type="stmt"/>
        <line num="32" count="36" type="stmt"/>
        <line num="40" count="36" type="stmt"/>
        <line num="46" count="1" type="stmt"/>
        <line num="48" count="1" type="stmt"/>
        <line num="51" count="36" type="stmt"/>
        <line num="147" count="36" type="stmt"/>
        <line num="149" count="36" type="stmt"/>
      </file>
      <file name="matomo.js" path="/Users/svenjens/Apps/Amsterdam/vergunningcheck/apps/client/src/config/matomo.js">
        <metrics statements="8" coveredstatements="8" conditionals="2" coveredconditionals="2" methods="2" coveredmethods="2"/>
        <line num="3" count="29" type="stmt"/>
        <line num="8" count="29" type="stmt"/>
        <line num="9" count="31" type="cond" truecount="2" falsecount="0"/>
        <line num="11" count="29" type="stmt"/>
        <line num="16" count="29" type="stmt"/>
        <line num="18" count="29" type="stmt"/>
        <line num="31" count="29" type="stmt"/>
        <line num="44" count="29" type="stmt"/>
      </file>
      <file name="sentry.ts" path="/Users/svenjens/Apps/Amsterdam/vergunningcheck/apps/client/src/config/sentry.ts">
        <metrics statements="1" coveredstatements="0" conditionals="0" coveredconditionals="0" methods="0" coveredmethods="0"/>
        <line num="7" count="0" type="stmt"/>
      </file>
    </package>
    <package name="src.hoc">
      <metrics statements="67" coveredstatements="11" conditionals="42" coveredconditionals="4" methods="10" coveredmethods="4"/>
      <file name="withChecker.tsx" path="/Users/svenjens/Apps/Amsterdam/vergunningcheck/apps/client/src/hoc/withChecker.tsx">
        <metrics statements="56" coveredstatements="0" conditionals="34" coveredconditionals="0" methods="6" coveredmethods="0"/>
        <line num="28" count="0" type="stmt"/>
        <line num="29" count="0" type="stmt"/>
        <line num="30" count="0" type="stmt"/>
        <line num="31" count="0" type="stmt"/>
        <line num="32" count="0" type="stmt"/>
        <line num="33" count="0" type="stmt"/>
        <line num="34" count="0" type="stmt"/>
        <line num="35" count="0" type="stmt"/>
        <line num="37" count="0" type="stmt"/>
        <line num="39" count="0" type="stmt"/>
        <line num="40" count="0" type="cond" truecount="0" falsecount="2"/>
        <line num="41" count="0" type="stmt"/>
        <line num="45" count="0" type="stmt"/>
        <line num="47" count="0" type="cond" truecount="0" falsecount="6"/>
        <line num="48" count="0" type="stmt"/>
        <line num="49" count="0" type="stmt"/>
        <line num="51" count="0" type="stmt"/>
        <line num="53" count="0" type="stmt"/>
        <line num="57" count="0" type="stmt"/>
        <line num="58" count="0" type="stmt"/>
        <line num="61" count="0" type="cond" truecount="0" falsecount="2"/>
        <line num="62" count="0" type="stmt"/>
        <line num="65" count="0" type="stmt"/>
        <line num="73" count="0" type="cond" truecount="0" falsecount="4"/>
        <line num="74" count="0" type="stmt"/>
        <line num="78" count="0" type="stmt"/>
        <line num="79" count="0" type="stmt"/>
        <line num="81" count="0" type="stmt"/>
        <line num="86" count="0" type="stmt"/>
        <line num="87" count="0" type="stmt"/>
        <line num="88" count="0" type="stmt"/>
        <line num="91" count="0" type="cond" truecount="0" falsecount="2"/>
        <line num="93" count="0" type="stmt"/>
        <line num="96" count="0" type="stmt"/>
        <line num="106" count="0" type="cond" truecount="0" falsecount="2"/>
        <line num="107" count="0" type="stmt"/>
        <line num="113" count="0" type="cond" truecount="0" falsecount="4"/>
        <line num="115" count="0" type="stmt"/>
        <line num="116" count="0" type="stmt"/>
        <line num="117" count="0" type="stmt"/>
        <line num="121" count="0" type="cond" truecount="0" falsecount="2"/>
        <line num="122" count="0" type="stmt"/>
        <line num="123" count="0" type="stmt"/>
        <line num="127" count="0" type="cond" truecount="0" falsecount="2"/>
        <line num="128" count="0" type="stmt"/>
        <line num="132" count="0" type="cond" truecount="0" falsecount="2"/>
        <line num="133" count="0" type="stmt"/>
        <line num="137" count="0" type="cond" truecount="0" falsecount="2"/>
        <line num="138" count="0" type="stmt"/>
        <line num="142" count="0" type="cond" truecount="0" falsecount="2"/>
        <line num="144" count="0" type="stmt"/>
        <line num="145" count="0" type="stmt"/>
        <line num="154" count="0" type="cond" truecount="0" falsecount="2"/>
        <line num="158" count="0" type="stmt"/>
        <line num="167" count="0" type="stmt"/>
        <line num="168" count="0" type="stmt"/>
      </file>
      <file name="withTracking.js" path="/Users/svenjens/Apps/Amsterdam/vergunningcheck/apps/client/src/hoc/withTracking.js">
        <metrics statements="11" coveredstatements="11" conditionals="8" coveredconditionals="4" methods="4" coveredmethods="4"/>
        <line num="8" count="21" type="stmt"/>
        <line num="9" count="84" type="stmt"/>
        <line num="12" count="84" type="stmt"/>
        <line num="13" count="84" type="stmt"/>
        <line num="15" count="84" type="stmt"/>
        <line num="16" count="1" type="cond" truecount="1" falsecount="1"/>
        <line num="17" count="1" type="stmt"/>
        <line num="21" count="84" type="stmt"/>
        <line num="22" count="7" type="cond" truecount="1" falsecount="1"/>
        <line num="23" count="7" type="stmt"/>
        <line num="31" count="84" type="stmt"/>
      </file>
    </package>
    <package name="src.hooks">
      <metrics statements="8" coveredstatements="3" conditionals="2" coveredconditionals="0" methods="3" coveredmethods="1"/>
      <file name="useDebounce.ts" path="/Users/svenjens/Apps/Amsterdam/vergunningcheck/apps/client/src/hooks/useDebounce.ts">
        <metrics statements="8" coveredstatements="3" conditionals="2" coveredconditionals="0" methods="3" coveredmethods="1"/>
        <line num="10" count="1" type="stmt"/>
        <line num="11" count="4" type="stmt"/>
        <line num="13" count="4" type="stmt"/>
        <line num="14" count="0" type="stmt"/>
        <line num="16" count="0" type="cond" truecount="0" falsecount="2"/>
        <line num="18" count="0" type="stmt"/>
        <line num="19" count="0" type="stmt"/>
        <line num="20" count="0" type="stmt"/>
      </file>
    </package>
    <package name="src.imtr_client">
      <metrics statements="43" coveredstatements="23" conditionals="19" coveredconditionals="11" methods="17" coveredmethods="9"/>
      <file name="index.js" path="/Users/svenjens/Apps/Amsterdam/vergunningcheck/apps/client/src/imtr_client/index.js">
        <metrics statements="43" coveredstatements="23" conditionals="19" coveredconditionals="11" methods="17" coveredmethods="9"/>
        <line num="14" count="1" type="stmt"/>
        <line num="27" count="1" type="stmt"/>
        <line num="55" count="1" type="stmt"/>
        <line num="56" count="1" type="cond" truecount="3" falsecount="1"/>
        <line num="57" count="1" type="stmt"/>
        <line num="61" count="0" type="cond" truecount="0" falsecount="3"/>
        <line num="63" count="0" type="stmt"/>
        <line num="64" count="0" type="stmt"/>
        <line num="66" count="0" type="stmt"/>
        <line num="70" count="0" type="stmt"/>
        <line num="75" count="0" type="stmt"/>
        <line num="87" count="2" type="stmt"/>
        <line num="88" count="2" type="cond" truecount="4" falsecount="0"/>
        <line num="89" count="1" type="stmt"/>
        <line num="91" count="1" type="stmt"/>
        <line num="92" count="1" type="stmt"/>
        <line num="93" count="1" type="cond" truecount="1" falsecount="1"/>
        <line num="94" count="0" type="stmt"/>
        <line num="96" count="1" type="cond" truecount="1" falsecount="1"/>
        <line num="97" count="0" type="stmt"/>
        <line num="99" count="1" type="stmt"/>
        <line num="102" count="1" type="stmt"/>
        <line num="105" count="1" type="stmt"/>
        <line num="106" count="1" type="stmt"/>
        <line num="107" count="1" type="stmt"/>
        <line num="109" count="1" type="stmt"/>
        <line num="110" count="1" type="cond" truecount="1" falsecount="1"/>
        <line num="111" count="0" type="stmt"/>
        <line num="113" count="1" type="cond" truecount="1" falsecount="1"/>
        <line num="114" count="0" type="stmt"/>
        <line num="117" count="1" type="stmt"/>
        <line num="118" count="1" type="stmt"/>
        <line num="119" count="1" type="stmt"/>
        <line num="121" count="0" type="stmt"/>
        <line num="122" count="0" type="stmt"/>
        <line num="124" count="0" type="stmt"/>
        <line num="125" count="0" type="stmt"/>
        <line num="127" count="0" type="stmt"/>
        <line num="128" count="0" type="stmt"/>
        <line num="131" count="0" type="stmt"/>
        <line num="135" count="0" type="stmt"/>
        <line num="138" count="0" type="stmt"/>
        <line num="140" count="0" type="stmt"/>
      </file>
    </package>
    <package name="src.imtr_client.models">
      <metrics statements="201" coveredstatements="146" conditionals="141" coveredconditionals="98" methods="78" coveredmethods="59"/>
      <file name="checker.js" path="/Users/svenjens/Apps/Amsterdam/vergunningcheck/apps/client/src/imtr_client/models/checker.js">
        <metrics statements="85" coveredstatements="53" conditionals="43" coveredconditionals="26" methods="39" coveredmethods="25"/>
        <line num="3" count="5" type="stmt"/>
        <line num="25" count="11" type="cond" truecount="1" falsecount="1"/>
        <line num="26" count="0" type="stmt"/>
        <line num="30" count="11" type="stmt"/>
        <line num="32" count="1" type="stmt"/>
        <line num="38" count="11" type="stmt"/>
        <line num="40" count="11" type="stmt"/>
        <line num="47" count="45" type="stmt"/>
        <line num="54" count="252" type="stmt"/>
        <line num="64" count="1" type="stmt"/>
        <line num="67" count="2" type="stmt"/>
        <line num="68" count="2" type="stmt"/>
        <line num="77" count="1" type="cond" truecount="1" falsecount="1"/>
        <line num="78" count="0" type="stmt"/>
        <line num="82" count="1" type="cond" truecount="1" falsecount="1"/>
        <line num="83" count="1" type="stmt"/>
        <line num="86" count="1" type="stmt"/>
        <line num="87" count="1" type="stmt"/>
        <line num="90" count="1" type="stmt"/>
        <line num="91" count="2" type="stmt"/>
        <line num="95" count="2" type="cond" truecount="4" falsecount="0"/>
        <line num="96" count="1" type="stmt"/>
        <line num="99" count="1" type="stmt"/>
        <line num="100" count="1" type="stmt"/>
        <line num="101" count="1" type="stmt"/>
        <line num="110" count="57" type="stmt"/>
        <line num="124" count="0" type="stmt"/>
        <line num="125" count="0" type="stmt"/>
        <line num="126" count="0" type="stmt"/>
        <line num="127" count="0" type="stmt"/>
        <line num="128" count="0" type="stmt"/>
        <line num="130" count="0" type="cond" truecount="0" falsecount="2"/>
        <line num="131" count="0" type="stmt"/>
        <line num="134" count="0" type="stmt"/>
        <line num="135" count="0" type="stmt"/>
        <line num="136" count="0" type="stmt"/>
        <line num="141" count="0" type="stmt"/>
        <line num="143" count="0" type="stmt"/>
        <line num="145" count="0" type="stmt"/>
        <line num="158" count="0" type="stmt"/>
        <line num="160" count="0" type="stmt"/>
        <line num="162" count="0" type="stmt"/>
        <line num="163" count="0" type="stmt"/>
        <line num="166" count="0" type="cond" truecount="0" falsecount="2"/>
        <line num="177" count="0" type="cond" truecount="0" falsecount="2"/>
        <line num="178" count="0" type="stmt"/>
        <line num="179" count="0" type="stmt"/>
        <line num="180" count="0" type="cond" truecount="0" falsecount="2"/>
        <line num="181" count="0" type="cond" truecount="0" falsecount="2"/>
        <line num="182" count="0" type="stmt"/>
        <line num="185" count="0" type="stmt"/>
        <line num="196" count="10" type="stmt"/>
        <line num="197" count="10" type="cond" truecount="2" falsecount="0"/>
        <line num="198" count="1" type="stmt"/>
        <line num="200" count="9" type="cond" truecount="1" falsecount="1"/>
        <line num="201" count="0" type="stmt"/>
        <line num="205" count="9" type="stmt"/>
        <line num="206" count="9" type="stmt"/>
        <line num="207" count="9" type="stmt"/>
        <line num="217" count="4" type="cond" truecount="2" falsecount="0"/>
        <line num="227" count="0" type="stmt"/>
        <line num="228" count="0" type="stmt"/>
        <line num="229" count="0" type="cond" truecount="0" falsecount="2"/>
        <line num="230" count="0" type="stmt"/>
        <line num="240" count="30" type="stmt"/>
        <line num="247" count="31" type="stmt"/>
        <line num="248" count="38" type="stmt"/>
        <line num="249" count="38" type="stmt"/>
        <line num="258" count="1" type="stmt"/>
        <line num="260" count="2" type="stmt"/>
        <line num="270" count="29" type="stmt"/>
        <line num="271" count="71" type="cond" truecount="4" falsecount="0"/>
        <line num="276" count="29" type="stmt"/>
        <line num="278" count="37" type="stmt"/>
        <line num="279" count="33" type="stmt"/>
        <line num="280" count="65" type="cond" truecount="2" falsecount="0"/>
        <line num="281" count="43" type="stmt"/>
        <line num="292" count="25" type="stmt"/>
        <line num="301" count="26" type="cond" truecount="4" falsecount="0"/>
        <line num="302" count="1" type="stmt"/>
        <line num="304" count="25" type="stmt"/>
        <line num="305" count="25" type="cond" truecount="2" falsecount="0"/>
        <line num="306" count="23" type="stmt"/>
        <line num="308" count="2" type="stmt"/>
        <line num="310" count="25" type="cond" truecount="2" falsecount="0"/>
      </file>
      <file name="decision.js" path="/Users/svenjens/Apps/Amsterdam/vergunningcheck/apps/client/src/imtr_client/models/decision.js">
        <metrics statements="22" coveredstatements="20" conditionals="18" coveredconditionals="16" methods="13" coveredmethods="13"/>
        <line num="25" count="38" type="cond" truecount="2" falsecount="0"/>
        <line num="26" count="1" type="stmt"/>
        <line num="28" count="37" type="cond" truecount="1" falsecount="1"/>
        <line num="32" count="0" type="stmt"/>
        <line num="36" count="37" type="cond" truecount="3" falsecount="1"/>
        <line num="37" count="0" type="stmt"/>
        <line num="41" count="37" type="stmt"/>
        <line num="42" count="37" type="stmt"/>
        <line num="43" count="37" type="stmt"/>
        <line num="45" count="37" type="stmt"/>
        <line num="49" count="66" type="stmt"/>
        <line num="56" count="20" type="cond" truecount="2" falsecount="0"/>
        <line num="57" count="20" type="cond" truecount="2" falsecount="0"/>
        <line num="67" count="78" type="cond" truecount="2" falsecount="0"/>
        <line num="68" count="129" type="stmt"/>
        <line num="69" count="188" type="stmt"/>
        <line num="78" count="6" type="stmt"/>
        <line num="79" count="3" type="stmt"/>
        <line num="81" count="9" type="stmt"/>
        <line num="92" count="89" type="stmt"/>
        <line num="101" count="14" type="stmt"/>
        <line num="102" count="14" type="cond" truecount="2" falsecount="0"/>
      </file>
      <file name="permit.js" path="/Users/svenjens/Apps/Amsterdam/vergunningcheck/apps/client/src/imtr_client/models/permit.js">
        <metrics statements="18" coveredstatements="13" conditionals="10" coveredconditionals="6" methods="7" coveredmethods="6"/>
        <line num="24" count="13" type="cond" truecount="1" falsecount="1"/>
        <line num="25" count="0" type="stmt"/>
        <line num="27" count="13" type="cond" truecount="3" falsecount="1"/>
        <line num="28" count="0" type="stmt"/>
        <line num="30" count="13" type="cond" truecount="1" falsecount="1"/>
        <line num="31" count="0" type="stmt"/>
        <line num="33" count="13" type="stmt"/>
        <line num="34" count="13" type="stmt"/>
        <line num="35" count="15" type="stmt"/>
        <line num="36" count="13" type="stmt"/>
        <line num="38" count="13" type="stmt"/>
        <line num="42" count="65" type="stmt"/>
        <line num="46" count="2" type="stmt"/>
        <line num="50" count="0" type="stmt"/>
        <line num="60" count="14" type="stmt"/>
        <line num="61" count="14" type="cond" truecount="1" falsecount="1"/>
        <line num="62" count="0" type="stmt"/>
        <line num="64" count="14" type="stmt"/>
      </file>
      <file name="question.js" path="/Users/svenjens/Apps/Amsterdam/vergunningcheck/apps/client/src/imtr_client/models/question.js">
        <metrics statements="53" coveredstatements="37" conditionals="53" coveredconditionals="33" methods="13" coveredmethods="9"/>
        <line num="6" count="7" type="stmt"/>
[...]
        <line num="176" count="36" type="cond" truecount="2" falsecount="0"/>
        <line num="177" count="1" type="stmt"/>
        <line num="183" count="35" type="stmt"/>
        <line num="187" count="101" type="stmt"/>
      </file>
      <file name="rule.js" path="/Users/svenjens/Apps/Amsterdam/vergunningcheck/apps/client/src/imtr_client/models/rule.js">
        <metrics statements="23" coveredstatements="23" conditionals="17" coveredconditionals="17" methods="6" coveredmethods="6"/>
        <line num="17" count="121" type="cond" truecount="2" falsecount="0"/>
        <line num="22" count="2" type="stmt"/>
        <line num="27" count="119" type="cond" truecount="2" falsecount="0"/>
        <line num="28" count="1" type="stmt"/>
        <line num="30" count="118" type="stmt"/>
        <line num="31" count="118" type="stmt"/>
        <line num="32" count="118" type="stmt"/>
        <line num="34" count="118" type="stmt"/>
        <line num="38" count="1" type="stmt"/>
        <line num="42" count="219" type="stmt"/>
        <line num="46" count="25" type="stmt"/>
        <line num="56" count="223" type="cond" truecount="2" falsecount="0"/>
        <line num="57" count="4" type="stmt"/>
        <line num="59" count="219" type="stmt"/>
        <line num="60" count="320" type="stmt"/>
        <line num="61" count="320" type="cond" truecount="2" falsecount="0"/>
        <line num="62" count="38" type="stmt"/>
        <line num="64" count="282" type="cond" truecount="2" falsecount="0"/>
        <line num="65" count="281" type="cond" truecount="2" falsecount="0"/>
        <line num="66" count="104" type="stmt"/>
        <line num="68" count="177" type="stmt"/>
        <line num="71" count="282" type="stmt"/>
        <line num="73" count="219" type="cond" truecount="2" falsecount="0"/>
      </file>
    </package>
    <package name="src.imtr_client.utils">
      <metrics statements="1" coveredstatements="1" conditionals="0" coveredconditionals="0" methods="1" coveredmethods="1"/>
      <file name="mocks.js" path="/Users/svenjens/Apps/Amsterdam/vergunningcheck/apps/client/src/imtr_client/utils/mocks.js">
        <metrics statements="1" coveredstatements="1" conditionals="0" coveredconditionals="0" methods="1" coveredmethods="1"/>
        <line num="5" count="17" type="stmt"/>
      </file>
    </package>
    <package name="src.intros">
      <metrics statements="8" coveredstatements="0" conditionals="0" coveredconditionals="0" methods="8" coveredmethods="0"/>
      <file name="AanbouwIntro.js" path="/Users/svenjens/Apps/Amsterdam/vergunningcheck/apps/client/src/intros/AanbouwIntro.js">
        <metrics statements="1" coveredstatements="0" conditionals="0" coveredconditionals="0" methods="1" coveredmethods="0"/>
        <line num="6" count="0" type="stmt"/>
      </file>
      <file name="BouwwerkSlopenIntro.js" path="/Users/svenjens/Apps/Amsterdam/vergunningcheck/apps/client/src/intros/BouwwerkSlopenIntro.js">
        <metrics statements="1" coveredstatements="0" conditionals="0" coveredconditionals="0" methods="1" coveredmethods="0"/>
        <line num="6" count="0" type="stmt"/>
      </file>
      <file name="DakkapelIntro.js" path="/Users/svenjens/Apps/Amsterdam/vergunningcheck/apps/client/src/intros/DakkapelIntro.js">
        <metrics statements="1" coveredstatements="0" conditionals="0" coveredconditionals="0" methods="1" coveredmethods="0"/>
        <line num="6" count="0" type="stmt"/>
      </file>
      <file name="DakraamIntro.js" path="/Users/svenjens/Apps/Amsterdam/vergunningcheck/apps/client/src/intros/DakraamIntro.js">
        <metrics statements="1" coveredstatements="0" conditionals="0" coveredconditionals="0" methods="1" coveredmethods="0"/>
        <line num="6" count="0" type="stmt"/>
      </file>
      <file name="InternVerbouwenIntro.js" path="/Users/svenjens/Apps/Amsterdam/vergunningcheck/apps/client/src/intros/InternVerbouwenIntro.js">
        <metrics statements="1" coveredstatements="0" conditionals="0" coveredconditionals="0" methods="1" coveredmethods="0"/>
        <line num="6" count="0" type="stmt"/>
      </file>
      <file name="KozijnenIntro.js" path="/Users/svenjens/Apps/Amsterdam/vergunningcheck/apps/client/src/intros/KozijnenIntro.js">
        <metrics statements="1" coveredstatements="0" conditionals="0" coveredconditionals="0" methods="1" coveredmethods="0"/>
        <line num="6" count="0" type="stmt"/>
      </file>
      <file name="ZonnepanelenIntro.js" path="/Users/svenjens/Apps/Amsterdam/vergunningcheck/apps/client/src/intros/ZonnepanelenIntro.js">
        <metrics statements="1" coveredstatements="0" conditionals="0" coveredconditionals="0" methods="1" coveredmethods="0"/>
        <line num="6" count="0" type="stmt"/>
      </file>
      <file name="ZonweringRolluikIntro.js" path="/Users/svenjens/Apps/Amsterdam/vergunningcheck/apps/client/src/intros/ZonweringRolluikIntro.js">
        <metrics statements="1" coveredstatements="0" conditionals="0" coveredconditionals="0" methods="1" coveredmethods="0"/>
        <line num="6" count="0" type="stmt"/>
      </file>
    </package>
    <package name="src.intros.shared">
      <metrics statements="8" coveredstatements="7" conditionals="32" coveredconditionals="32" methods="5" coveredmethods="4"/>
      <file name="DefaultOloIntro.js" path="/Users/svenjens/Apps/Amsterdam/vergunningcheck/apps/client/src/intros/shared/DefaultOloIntro.js">
        <metrics statements="1" coveredstatements="0" conditionals="0" coveredconditionals="0" methods="1" coveredmethods="0"/>
        <line num="7" count="0" type="stmt"/>
      </file>
      <file name="DynamicIMTRIntro.tsx" path="/Users/svenjens/Apps/Amsterdam/vergunningcheck/apps/client/src/intros/shared/DynamicIMTRIntro.tsx">
        <metrics statements="3" coveredstatements="3" conditionals="0" coveredconditionals="0" methods="1" coveredmethods="1"/>
        <line num="12" count="4" type="stmt"/>
        <line num="14" count="4" type="stmt"/>
        <line num="15" count="4" type="stmt"/>
      </file>
      <file name="Intro.tsx" path="/Users/svenjens/Apps/Amsterdam/vergunningcheck/apps/client/src/intros/shared/Intro.tsx">
        <metrics statements="4" coveredstatements="4" conditionals="32" coveredconditionals="32" methods="3" coveredmethods="3"/>
        <line num="32" count="21" type="cond" truecount="4" falsecount="0"/>
        <line num="40" count="21" type="stmt"/>
        <line num="52" count="3" type="stmt"/>
        <line num="85" count="5" type="stmt"/>
      </file>
      <file name="index.js" path="/Users/svenjens/Apps/Amsterdam/vergunningcheck/apps/client/src/intros/shared/index.js">
        <metrics statements="0" coveredstatements="0" conditionals="0" coveredconditionals="0" methods="0" coveredmethods="0"/>
      </file>
    </package>
    <package name="src.pages">
      <metrics statements="93" coveredstatements="3" conditionals="99" coveredconditionals="0" methods="34" coveredmethods="0"/>
      <file name="CheckerPage.js" path="/Users/svenjens/Apps/Amsterdam/vergunningcheck/apps/client/src/pages/CheckerPage.js">
        <metrics statements="47" coveredstatements="0" conditionals="59" coveredconditionals="0" methods="10" coveredmethods="0"/>
        <line num="24" count="0" type="stmt"/>
        <line num="25" count="0" type="stmt"/>
        <line num="26" count="0" type="stmt"/>
        <line num="28" count="0" type="cond" truecount="0" falsecount="2"/>
        <line num="29" count="0" type="stmt"/>
        <line num="33" count="0" type="stmt"/>
        <line num="36" count="0" type="stmt"/>
        <line num="40" count="0" type="stmt"/>
        <line num="42" count="0" type="cond" truecount="0" falsecount="2"/>
        <line num="43" count="0" type="stmt"/>
        <line num="45" count="0" type="stmt"/>
        <line num="55" count="0" type="cond" truecount="0" falsecount="2"/>
        <line num="56" count="0" type="stmt"/>
        <line num="64" count="0" type="stmt"/>
        <line num="67" count="0" type="cond" truecount="0" falsecount="2"/>
        <line num="70" count="0" type="cond" truecount="0" falsecount="2"/>
        <line num="71" count="0" type="stmt"/>
        <line num="77" count="0" type="cond" truecount="0" falsecount="2"/>
        <line num="78" count="0" type="stmt"/>
        <line num="79" count="0" type="stmt"/>
        <line num="83" count="0" type="stmt"/>
        <line num="85" count="0" type="cond" truecount="0" falsecount="2"/>
        <line num="86" count="0" type="stmt"/>
        <line num="92" count="0" type="stmt"/>
        <line num="101" count="0" type="stmt"/>
        <line num="103" count="0" type="cond" truecount="0" falsecount="2"/>
        <line num="107" count="0" type="cond" truecount="0" falsecount="4"/>
        <line num="108" count="0" type="cond" truecount="0" falsecount="2"/>
        <line num="112" count="0" type="stmt"/>
        <line num="118" count="0" type="stmt"/>
        <line num="125" count="0" type="stmt"/>
        <line num="128" count="0" type="cond" truecount="0" falsecount="2"/>
        <line num="130" count="0" type="stmt"/>
        <line num="132" count="0" type="stmt"/>
        <line num="133" count="0" type="stmt"/>
        <line num="134" count="0" type="cond" truecount="0" falsecount="4"/>
        <line num="136" count="0" type="stmt"/>
        <line num="139" count="0" type="stmt"/>
        <line num="140" count="0" type="stmt"/>
        <line num="146" count="0" type="stmt"/>
        <line num="149" count="0" type="stmt"/>
        <line num="152" count="0" type="stmt"/>
        <line num="157" count="0" type="stmt"/>
        <line num="168" count="0" type="cond" truecount="0" falsecount="4"/>
        <line num="169" count="0" type="stmt"/>
        <line num="172" count="0" type="stmt"/>
        <line num="176" count="0" type="stmt"/>
      </file>
      <file name="DevHomePage.js" path="/Users/svenjens/Apps/Amsterdam/vergunningcheck/apps/client/src/pages/DevHomePage.js">
        <metrics statements="12" coveredstatements="0" conditionals="18" coveredconditionals="0" methods="7" coveredmethods="0"/>
        <line num="10" count="0" type="stmt"/>
        <line num="11" count="0" type="cond" truecount="0" falsecount="2"/>
        <line num="12" count="0" type="stmt"/>
        <line num="15" count="0" type="stmt"/>
        <line num="45" count="0" type="stmt"/>
        <line num="47" count="0" type="stmt"/>
        <line num="57" count="0" type="stmt"/>
        <line num="58" count="0" type="stmt"/>
        <line num="59" count="0" type="stmt"/>
        <line num="62" count="0" type="cond" truecount="0" falsecount="2"/>
        <line num="67" count="0" type="stmt"/>
        <line num="94" count="0" type="stmt"/>
      </file>
      <file name="ErrorPage.js" path="/Users/svenjens/Apps/Amsterdam/vergunningcheck/apps/client/src/pages/ErrorPage.js">
        <metrics statements="2" coveredstatements="1" conditionals="0" coveredconditionals="0" methods="1" coveredmethods="0"/>
        <line num="7" count="1" type="stmt"/>
        <line num="8" count="0" type="stmt"/>
      </file>
      <file name="IntroPage.js" path="/Users/svenjens/Apps/Amsterdam/vergunningcheck/apps/client/src/pages/IntroPage.js">
        <metrics statements="9" coveredstatements="0" conditionals="2" coveredconditionals="0" methods="3" coveredmethods="0"/>
        <line num="13" count="0" type="stmt"/>
        <line num="14" count="0" type="stmt"/>
        <line num="16" count="0" type="stmt"/>
        <line num="18" count="0" type="cond" truecount="0" falsecount="2"/>
        <line num="20" count="0" type="stmt"/>
        <line num="22" count="0" type="stmt"/>
        <line num="24" count="0" type="stmt"/>
        <line num="29" count="0" type="stmt"/>
        <line num="32" count="0" type="stmt"/>
      </file>
      <file name="LoadingPage.js" path="/Users/svenjens/Apps/Amsterdam/vergunningcheck/apps/client/src/pages/LoadingPage.js">
        <metrics statements="2" coveredstatements="1" conditionals="0" coveredconditionals="0" methods="1" coveredmethods="0"/>
        <line num="7" count="1" type="stmt"/>
        <line num="8" count="0" type="stmt"/>
      </file>
      <file name="NotFoundPage.js" path="/Users/svenjens/Apps/Amsterdam/vergunningcheck/apps/client/src/pages/NotFoundPage.js">
        <metrics statements="2" coveredstatements="0" conditionals="0" coveredconditionals="0" methods="1" coveredmethods="0"/>
        <line num="7" count="0" type="stmt"/>
        <line num="8" count="0" type="stmt"/>
      </file>
      <file name="RedirectPage.js" path="/Users/svenjens/Apps/Amsterdam/vergunningcheck/apps/client/src/pages/RedirectPage.js">
        <metrics statements="7" coveredstatements="1" conditionals="0" coveredconditionals="0" methods="4" coveredmethods="0"/>
        <line num="8" count="1" type="stmt"/>
        <line num="9" count="0" type="stmt"/>
        <line num="10" count="0" type="stmt"/>
        <line num="11" count="0" type="stmt"/>
        <line num="14" count="0" type="stmt"/>
        <line num="15" count="0" type="stmt"/>
        <line num="19" count="0" type="stmt"/>
      </file>
      <file name="StepperPage.jsx" path="/Users/svenjens/Apps/Amsterdam/vergunningcheck/apps/client/src/pages/StepperPage.jsx">
        <metrics statements="12" coveredstatements="0" conditionals="20" coveredconditionals="0" methods="7" coveredmethods="0"/>
        <line num="35" count="0" type="stmt"/>
        <line num="42" count="0" type="cond" truecount="0" falsecount="2"/>
        <line num="44" count="0" type="stmt"/>
        <line num="45" count="0" type="stmt"/>
        <line num="50" count="0" type="stmt"/>
        <line num="51" count="0" type="stmt"/>
        <line num="52" count="0" type="stmt"/>
        <line num="53" count="0" type="cond" truecount="0" falsecount="2"/>
        <line num="54" count="0" type="stmt"/>
        <line num="58" count="0" type="stmt"/>
        <line num="81" count="0" type="stmt"/>
        <line num="232" count="0" type="stmt"/>
      </file>
    </package>
    <package name="src.utils">
      <metrics statements="83" coveredstatements="73" conditionals="35" coveredconditionals="24" methods="25" coveredmethods="20"/>
      <file name="index.js" path="/Users/svenjens/Apps/Amsterdam/vergunningcheck/apps/client/src/utils/index.js">
        <metrics statements="34" coveredstatements="24" conditionals="31" coveredconditionals="21" methods="19" coveredmethods="14"/>
        <line num="8" count="742" type="stmt"/>
        <line num="11" count="24" type="stmt"/>
        <line num="12" count="615" type="cond" truecount="3" falsecount="0"/>
        <line num="15" count="24" type="stmt"/>
        <line num="16" count="486" type="cond" truecount="2" falsecount="0"/>
        <line num="18" count="24" type="stmt"/>
        <line num="19" count="127" type="cond" truecount="5" falsecount="0"/>
        <line num="20" count="2" type="stmt"/>
        <line num="22" count="125" type="stmt"/>
        <line num="23" count="194" type="cond" truecount="2" falsecount="0"/>
        <line num="25" count="125" type="stmt"/>
        <line num="28" count="24" type="cond" truecount="2" falsecount="0"/>
        <line num="31" count="24" type="stmt"/>
        <line num="32" count="73" type="stmt"/>
        <line num="35" count="24" type="stmt"/>
        <line num="36" count="23" type="cond" truecount="1" falsecount="1"/>
        <line num="39" count="24" type="stmt"/>
        <line num="40" count="7" type="cond" truecount="1" falsecount="1"/>
        <line num="42" count="24" type="stmt"/>
        <line num="46" count="24" type="stmt"/>
        <line num="47" count="0" type="cond" truecount="0" falsecount="2"/>
        <line num="48" count="0" type="stmt"/>
        <line num="51" count="0" type="cond" truecount="0" falsecount="2"/>
        <line num="53" count="0" type="stmt"/>
        <line num="54" count="0" type="stmt"/>
        <line num="56" count="0" type="stmt"/>
        <line num="58" count="0" type="cond" truecount="0" falsecount="2"/>
        <line num="59" count="0" type="stmt"/>
        <line num="62" count="0" type="cond" truecount="0" falsecount="2"/>
        <line num="66" count="0" type="stmt"/>
        <line num="77" count="24" type="cond" truecount="1" falsecount="0"/>
        <line num="78" count="2" type="cond" truecount="2" falsecount="0"/>
        <line num="91" count="24" type="stmt"/>
        <line num="92" count="5" type="cond" truecount="2" falsecount="0"/>
      </file>
      <file name="passPropsToChildren.ts" path="/Users/svenjens/Apps/Amsterdam/vergunningcheck/apps/client/src/utils/passPropsToChildren.ts">
        <metrics statements="4" coveredstatements="4" conditionals="2" coveredconditionals="1" methods="2" coveredmethods="2"/>
        <line num="10" count="1" type="stmt"/>
        <line num="14" count="5" type="stmt"/>
        <line num="15" count="15" type="stmt"/>
        <line num="23" count="5" type="stmt"/>
      </file>
      <file name="test-ids.js" path="/Users/svenjens/Apps/Amsterdam/vergunningcheck/apps/client/src/utils/test-ids.js">
        <metrics statements="34" coveredstatements="34" conditionals="0" coveredconditionals="0" methods="0" coveredmethods="0"/>
        <line num="2" count="26" type="stmt"/>
        <line num="3" count="26" type="stmt"/>
        <line num="4" count="26" type="stmt"/>
        <line num="5" count="26" type="stmt"/>
        <line num="6" count="26" type="stmt"/>
        <line num="7" count="26" type="stmt"/>
        <line num="8" count="26" type="stmt"/>
        <line num="9" count="26" type="stmt"/>
        <line num="12" count="26" type="stmt"/>
        <line num="15" count="26" type="stmt"/>
        <line num="16" count="26" type="stmt"/>
        <line num="17" count="26" type="stmt"/>
        <line num="18" count="26" type="stmt"/>
        <line num="19" count="26" type="stmt"/>
        <line num="22" count="26" type="stmt"/>
        <line num="23" count="26" type="stmt"/>
        <line num="24" count="26" type="stmt"/>
        <line num="25" count="26" type="stmt"/>
        <line num="26" count="26" type="stmt"/>
        <line num="27" count="26" type="stmt"/>
        <line num="28" count="26" type="stmt"/>
        <line num="31" count="26" type="stmt"/>
        <line num="32" count="26" type="stmt"/>
        <line num="35" count="26" type="stmt"/>
        <line num="36" count="26" type="stmt"/>
        <line num="37" count="26" type="stmt"/>
        <line num="38" count="26" type="stmt"/>
        <line num="39" count="26" type="stmt"/>
        <line num="42" count="26" type="stmt"/>
        <line num="43" count="26" type="stmt"/>
        <line num="44" count="26" type="stmt"/>
        <line num="45" count="26" type="stmt"/>
        <line num="46" count="26" type="stmt"/>
        <line num="49" count="26" type="stmt"/>
      </file>
      <file name="test-utils.js" path="/Users/svenjens/Apps/Amsterdam/vergunningcheck/apps/client/src/utils/test-utils.js">
        <metrics statements="9" coveredstatements="9" conditionals="2" coveredconditionals="2" methods="4" coveredmethods="4"/>
        <line num="12" count="29" type="stmt"/>
        <line num="14" count="29" type="stmt"/>
        <line num="15" count="71" type="stmt"/>
        <line num="26" count="29" type="stmt"/>
        <line num="27" count="71" type="stmt"/>
        <line num="32" count="29" type="stmt"/>
        <line num="34" count="71" type="stmt"/>
        <line num="35" count="71" type="stmt"/>
        <line num="37" count="71" type="stmt"/>
      </file>
      <file name="themeUtils.ts" path="/Users/svenjens/Apps/Amsterdam/vergunningcheck/apps/client/src/utils/themeUtils.ts">
        <metrics statements="2" coveredstatements="2" conditionals="0" coveredconditionals="0" methods="0" coveredmethods="0"/>
        <line num="3" count="22" type="stmt"/>
        <line num="14" count="22" type="stmt"/>
      </file>
    </package>
  </project>
</coverage>
