{"/Users/svenjens/Apps/Amsterdam/vergunningcheck/apps/client/src/apolloClient.js": {"path":"/Users/svenjens/Apps/Amsterdam/vergunningcheck/apps/client/src/apolloClient.js","statementMap":{},"fnMap":{},"branchMap":{},"s":{},"f":{},"b":{},"hash":"f1e6d11ca5dcbf03476d28cac7991fd1e83a1e84"}
,"/Users/svenjens/Apps/Amsterdam/vergunningcheck/apps/client/src/context.tsx": {"path":"/Users/svenjens/Apps/Amsterdam/vergunningcheck/apps/client/src/context.tsx","statementMap":{"0":{"start":{"line":23,"column":28},"end":{"line":27,"column":1}},"1":{"start":{"line":29,"column":16},"end":{"line":29,"column":75}},"2":{"start":{"line":30,"column":28},"end":{"line":30,"column":45}},"3":{"start":{"line":31,"column":23},"end":{"line":33,"column":1}},"4":{"start":{"line":34,"column":29},"end":{"line":34,"column":51}},"5":{"start":{"line":36,"column":16},"end":{"line":51,"column":1}},"6":{"start":{"line":40,"column":2},"end":{"line":42,"column":3}},"7":{"start":{"line":41,"column":4},"end":{"line":41,"column":71}},"8":{"start":{"line":44,"column":2},"end":{"line":50,"column":4}},"9":{"start":{"line":56,"column":33},"end":{"line":56,"column":74}},"10":{"start":{"line":58,"column":2},"end":{"line":60,"column":13}},"11":{"start":{"line":59,"column":4},"end":{"line":59,"column":64}},"12":{"start":{"line":64,"column":2},"end":{"line":70,"column":4}}},"fnMap":{"0":{"name":"(anonymous_0)","decl":{"start":{"line":36,"column":16},"end":{"line":36,"column":17}},"loc":{"start":{"line":39,"column":5},"end":{"line":51,"column":1}},"line":39},"1":{"name":"SessionProvider","decl":{"start":{"line":53,"column":9},"end":{"line":53,"column":24}},"loc":{"start":{"line":53,"column":63},"end":{"line":71,"column":1}},"line":53},"2":{"name":"(anonymous_2)","decl":{"start":{"line":58,"column":12},"end":{"line":58,"column":13}},"loc":{"start":{"line":58,"column":18},"end":{"line":60,"column":3}},"line":58}},"branchMap":{"0":{"loc":{"start":{"line":34,"column":29},"end":{"line":34,"column":51}},"type":"cond-expr","locations":[{"start":{"line":34,"column":39},"end":{"line":34,"column":46}},{"start":{"line":34,"column":49},"end":{"line":34,"column":51}}],"line":34},"1":{"loc":{"start":{"line":40,"column":2},"end":{"line":42,"column":3}},"type":"if","locations":[{"start":{"line":40,"column":2},"end":{"line":42,"column":3}},{"start":{"line":40,"column":2},"end":{"line":42,"column":3}}],"line":40}},"s":{"0":29,"1":29,"2":29,"3":29,"4":29,"5":29,"6":1,"7":0,"8":1,"9":72,"10":72,"11":72,"12":72},"f":{"0":1,"1":72,"2":72},"b":{"0":[0,29],"1":[0,1]},"_coverageSchema":"43e27e138ebf9cfc5966b082cf9a028302ed4184","hash":"eaf8698fd6aba73d2f43f90455c04c29f37b4014"}
,"/Users/svenjens/Apps/Amsterdam/vergunningcheck/apps/client/src/index.js": {"path":"/Users/svenjens/Apps/Amsterdam/vergunningcheck/apps/client/src/index.js","statementMap":{"0":{"start":{"line":21,"column":0},"end":{"line":21,"column":16}},"1":{"start":{"line":24,"column":0},"end":{"line":26,"column":1}},"2":{"start":{"line":25,"column":2},"end":{"line":25,"column":22}},"3":{"start":{"line":28,"column":23},"end":{"line":33,"column":1}},"4":{"start":{"line":35,"column":0},"end":{"line":35,"column":19}},"5":{"start":{"line":37,"column":0},"end":{"line":51,"column":2}},"6":{"start":{"line":56,"column":0},"end":{"line":56,"column":27}}},"fnMap":{},"branchMap":{"0":{"loc":{"start":{"line":24,"column":0},"end":{"line":26,"column":1}},"type":"if","locations":[{"start":{"line":24,"column":0},"end":{"line":26,"column":1}},{"start":{"line":24,"column":0},"end":{"line":26,"column":1}}],"line":24}},"s":{"0":0,"1":0,"2":0,"3":0,"4":0,"5":0,"6":0},"f":{},"b":{"0":[0,0]},"hash":"88d083d69682f2660c5ce500fb9cecbd875f5c2f"}
,"/Users/svenjens/Apps/Amsterdam/vergunningcheck/apps/client/src/routes.js": {"path":"/Users/svenjens/Apps/Amsterdam/vergunningcheck/apps/client/src/routes.js","statementMap":{"0":{"start":{"line":4,"column":23},"end":{"line":8,"column":4}},"1":{"start":{"line":5,"column":2},"end":{"line":8,"column":4}},"2":{"start":{"line":9,"column":22},"end":{"line":14,"column":1}},"3":{"start":{"line":10,"column":2},"end":{"line":12,"column":3}},"4":{"start":{"line":11,"column":4},"end":{"line":11,"column":65}},"5":{"start":{"line":13,"column":2},"end":{"line":13,"column":32}},"6":{"start":{"line":15,"column":27},"end":{"line":50,"column":1}},"7":{"start":{"line":19,"column":23},"end":{"line":19,"column":52}},"8":{"start":{"line":25,"column":32},"end":{"line":25,"column":61}},"9":{"start":{"line":31,"column":6},"end":{"line":31,"column":61}},"10":{"start":{"line":39,"column":6},"end":{"line":39,"column":63}},"11":{"start":{"line":46,"column":32},"end":{"line":46,"column":62}},"12":{"start":{"line":51,"column":30},"end":{"line":62,"column":1}},"13":{"start":{"line":66,"column":22},"end":{"line":68,"column":1}},"14":{"start":{"line":67,"column":38},"end":{"line":67,"column":50}},"15":{"start":{"line":69,"column":30},"end":{"line":71,"column":1}}},"fnMap":{"0":{"name":"(anonymous_0)","decl":{"start":{"line":4,"column":23},"end":{"line":4,"column":24}},"loc":{"start":{"line":5,"column":2},"end":{"line":8,"column":4}},"line":5},"1":{"name":"(anonymous_1)","decl":{"start":{"line":9,"column":22},"end":{"line":9,"column":23}},"loc":{"start":{"line":9,"column":41},"end":{"line":14,"column":1}},"line":9},"2":{"name":"(anonymous_2)","decl":{"start":{"line":19,"column":17},"end":{"line":19,"column":18}},"loc":{"start":{"line":19,"column":23},"end":{"line":19,"column":52}},"line":19},"3":{"name":"(anonymous_3)","decl":{"start":{"line":25,"column":26},"end":{"line":25,"column":27}},"loc":{"start":{"line":25,"column":32},"end":{"line":25,"column":61}},"line":25},"4":{"name":"(anonymous_4)","decl":{"start":{"line":30,"column":26},"end":{"line":30,"column":27}},"loc":{"start":{"line":31,"column":6},"end":{"line":31,"column":61}},"line":31},"5":{"name":"(anonymous_5)","decl":{"start":{"line":38,"column":26},"end":{"line":38,"column":27}},"loc":{"start":{"line":39,"column":6},"end":{"line":39,"column":63}},"line":39},"6":{"name":"(anonymous_6)","decl":{"start":{"line":46,"column":26},"end":{"line":46,"column":27}},"loc":{"start":{"line":46,"column":32},"end":{"line":46,"column":62}},"line":46},"7":{"name":"(anonymous_7)","decl":{"start":{"line":67,"column":18},"end":{"line":67,"column":19}},"loc":{"start":{"line":67,"column":38},"end":{"line":67,"column":50}},"line":67}},"branchMap":{"0":{"loc":{"start":{"line":10,"column":2},"end":{"line":12,"column":3}},"type":"if","locations":[{"start":{"line":10,"column":2},"end":{"line":12,"column":3}},{"start":{"line":10,"column":2},"end":{"line":12,"column":3}}],"line":10},"1":{"loc":{"start":{"line":18,"column":6},"end":{"line":19,"column":53}},"type":"binary-expr","locations":[{"start":{"line":18,"column":6},"end":{"line":18,"column":43}},{"start":{"line":19,"column":6},"end":{"line":19,"column":53}}],"line":18}},"s":{"0":1,"1":1,"2":1,"3":2,"4":1,"5":1,"6":1,"7":0,"8":0,"9":0,"10":0,"11":0,"12":1,"13":1,"14":5,"15":1},"f":{"0":1,"1":2,"2":0,"3":0,"4":0,"5":0,"6":0,"7":5},"b":{"0":[1,1],"1":[1,1]},"_coverageSchema":"43e27e138ebf9cfc5966b082cf9a028302ed4184","hash":"9a35280459ac0a88ff75518ce1738ee6528541f9"}
,"/Users/svenjens/Apps/Amsterdam/vergunningcheck/apps/client/src/serviceWorker.js": {"path":"/Users/svenjens/Apps/Amsterdam/vergunningcheck/apps/client/src/serviceWorker.js","statementMap":{"0":{"start":{"line":13,"column":20},"end":{"line":21,"column":1}},"1":{"start":{"line":24,"column":2},"end":{"line":54,"column":3}},"2":{"start":{"line":26,"column":22},"end":{"line":26,"column":75}},"3":{"start":{"line":27,"column":4},"end":{"line":32,"column":5}},"4":{"start":{"line":31,"column":6},"end":{"line":31,"column":13}},"5":{"start":{"line":34,"column":4},"end":{"line":53,"column":7}},"6":{"start":{"line":35,"column":20},"end":{"line":35,"column":65}},"7":{"start":{"line":37,"column":6},"end":{"line":52,"column":7}},"8":{"start":{"line":39,"column":8},"end":{"line":39,"column":47}},"9":{"start":{"line":43,"column":8},"end":{"line":48,"column":11}},"10":{"start":{"line":44,"column":10},"end":{"line":47,"column":12}},"11":{"start":{"line":51,"column":8},"end":{"line":51,"column":39}},"12":{"start":{"line":58,"column":2},"end":{"line":98,"column":7}},"13":{"start":{"line":61,"column":6},"end":{"line":94,"column":8}},"14":{"start":{"line":62,"column":33},"end":{"line":62,"column":56}},"15":{"start":{"line":63,"column":8},"end":{"line":65,"column":9}},"16":{"start":{"line":64,"column":10},"end":{"line":64,"column":17}},"17":{"start":{"line":66,"column":8},"end":{"line":93,"column":10}},"18":{"start":{"line":67,"column":10},"end":{"line":92,"column":11}},"19":{"start":{"line":68,"column":12},"end":{"line":91,"column":13}},"20":{"start":{"line":72,"column":14},"end":{"line":75,"column":16}},"21":{"start":{"line":78,"column":14},"end":{"line":80,"column":15}},"22":{"start":{"line":79,"column":16},"end":{"line":79,"column":46}},"23":{"start":{"line":85,"column":14},"end":{"line":85,"column":64}},"24":{"start":{"line":88,"column":14},"end":{"line":90,"column":15}},"25":{"start":{"line":89,"column":16},"end":{"line":89,"column":47}},"26":{"start":{"line":97,"column":6},"end":{"line":97,"column":72}},"27":{"start":{"line":103,"column":2},"end":{"line":128,"column":7}},"28":{"start":{"line":108,"column":26},"end":{"line":108,"column":62}},"29":{"start":{"line":109,"column":6},"end":{"line":122,"column":7}},"30":{"start":{"line":114,"column":8},"end":{"line":118,"column":11}},"31":{"start":{"line":115,"column":10},"end":{"line":117,"column":13}},"32":{"start":{"line":116,"column":12},"end":{"line":116,"column":37}},"33":{"start":{"line":121,"column":8},"end":{"line":121,"column":39}},"34":{"start":{"line":125,"column":6},"end":{"line":127,"column":8}},"35":{"start":{"line":132,"column":2},"end":{"line":136,"column":3}},"36":{"start":{"line":133,"column":4},"end":{"line":135,"column":7}},"37":{"start":{"line":134,"column":6},"end":{"line":134,"column":32}}},"fnMap":{"0":{"name":"register","decl":{"start":{"line":23,"column":16},"end":{"line":23,"column":24}},"loc":{"start":{"line":23,"column":33},"end":{"line":55,"column":1}},"line":23},"1":{"name":"(anonymous_1)","decl":{"start":{"line":34,"column":36},"end":{"line":34,"column":37}},"loc":{"start":{"line":34,"column":42},"end":{"line":53,"column":5}},"line":34},"2":{"name":"(anonymous_2)","decl":{"start":{"line":43,"column":43},"end":{"line":43,"column":44}},"loc":{"start":{"line":43,"column":49},"end":{"line":48,"column":9}},"line":43},"3":{"name":"registerValidSW","decl":{"start":{"line":57,"column":9},"end":{"line":57,"column":24}},"loc":{"start":{"line":57,"column":40},"end":{"line":99,"column":1}},"line":57},"4":{"name":"(anonymous_4)","decl":{"start":{"line":60,"column":10},"end":{"line":60,"column":11}},"loc":{"start":{"line":60,"column":28},"end":{"line":95,"column":5}},"line":60},"5":{"name":"(anonymous_5)","decl":{"start":{"line":61,"column":35},"end":{"line":61,"column":36}},"loc":{"start":{"line":61,"column":41},"end":{"line":94,"column":7}},"line":61},"6":{"name":"(anonymous_6)","decl":{"start":{"line":66,"column":41},"end":{"line":66,"column":42}},"loc":{"start":{"line":66,"column":47},"end":{"line":93,"column":9}},"line":66},"7":{"name":"(anonymous_7)","decl":{"start":{"line":96,"column":11},"end":{"line":96,"column":12}},"loc":{"start":{"line":96,"column":22},"end":{"line":98,"column":5}},"line":96},"8":{"name":"checkValidServiceWorker","decl":{"start":{"line":101,"column":9},"end":{"line":101,"column":32}},"loc":{"start":{"line":101,"column":48},"end":{"line":129,"column":1}},"line":101},"9":{"name":"(anonymous_9)","decl":{"start":{"line":106,"column":10},"end":{"line":106,"column":11}},"loc":{"start":{"line":106,"column":24},"end":{"line":123,"column":5}},"line":106},"10":{"name":"(anonymous_10)","decl":{"start":{"line":114,"column":43},"end":{"line":114,"column":44}},"loc":{"start":{"line":114,"column":61},"end":{"line":118,"column":9}},"line":114},"11":{"name":"(anonymous_11)","decl":{"start":{"line":115,"column":41},"end":{"line":115,"column":42}},"loc":{"start":{"line":115,"column":47},"end":{"line":117,"column":11}},"line":115},"12":{"name":"(anonymous_12)","decl":{"start":{"line":124,"column":11},"end":{"line":124,"column":12}},"loc":{"start":{"line":124,"column":17},"end":{"line":128,"column":5}},"line":124},"13":{"name":"unregister","decl":{"start":{"line":131,"column":16},"end":{"line":131,"column":26}},"loc":{"start":{"line":131,"column":29},"end":{"line":137,"column":1}},"line":131},"14":{"name":"(anonymous_14)","decl":{"start":{"line":133,"column":39},"end":{"line":133,"column":40}},"loc":{"start":{"line":133,"column":57},"end":{"line":135,"column":5}},"line":133}},"branchMap":{"0":{"loc":{"start":{"line":14,"column":2},"end":{"line":20,"column":5}},"type":"binary-expr","locations":[{"start":{"line":14,"column":2},"end":{"line":14,"column":42}},{"start":{"line":16,"column":4},"end":{"line":16,"column":40}},{"start":{"line":18,"column":4},"end":{"line":20,"column":5}}],"line":14},"1":{"loc":{"start":{"line":24,"column":2},"end":{"line":54,"column":3}},"type":"if","locations":[{"start":{"line":24,"column":2},"end":{"line":54,"column":3}},{"start":{"line":24,"column":2},"end":{"line":54,"column":3}}],"line":24},"2":{"loc":{"start":{"line":24,"column":6},"end":{"line":24,"column":75}},"type":"binary-expr","locations":[{"start":{"line":24,"column":6},"end":{"line":24,"column":43}},{"start":{"line":24,"column":47},"end":{"line":24,"column":75}}],"line":24},"3":{"loc":{"start":{"line":27,"column":4},"end":{"line":32,"column":5}},"type":"if","locations":[{"start":{"line":27,"column":4},"end":{"line":32,"column":5}},{"start":{"line":27,"column":4},"end":{"line":32,"column":5}}],"line":27},"4":{"loc":{"start":{"line":37,"column":6},"end":{"line":52,"column":7}},"type":"if","locations":[{"start":{"line":37,"column":6},"end":{"line":52,"column":7}},{"start":{"line":37,"column":6},"end":{"line":52,"column":7}}],"line":37},"5":{"loc":{"start":{"line":63,"column":8},"end":{"line":65,"column":9}},"type":"if","locations":[{"start":{"line":63,"column":8},"end":{"line":65,"column":9}},{"start":{"line":63,"column":8},"end":{"line":65,"column":9}}],"line":63},"6":{"loc":{"start":{"line":67,"column":10},"end":{"line":92,"column":11}},"type":"if","locations":[{"start":{"line":67,"column":10},"end":{"line":92,"column":11}},{"start":{"line":67,"column":10},"end":{"line":92,"column":11}}],"line":67},"7":{"loc":{"start":{"line":68,"column":12},"end":{"line":91,"column":13}},"type":"if","locations":[{"start":{"line":68,"column":12},"end":{"line":91,"column":13}},{"start":{"line":68,"column":12},"end":{"line":91,"column":13}}],"line":68},"8":{"loc":{"start":{"line":78,"column":14},"end":{"line":80,"column":15}},"type":"if","locations":[{"start":{"line":78,"column":14},"end":{"line":80,"column":15}},{"start":{"line":78,"column":14},"end":{"line":80,"column":15}}],"line":78},"9":{"loc":{"start":{"line":78,"column":18},"end":{"line":78,"column":43}},"type":"binary-expr","locations":[{"start":{"line":78,"column":18},"end":{"line":78,"column":24}},{"start":{"line":78,"column":28},"end":{"line":78,"column":43}}],"line":78},"10":{"loc":{"start":{"line":88,"column":14},"end":{"line":90,"column":15}},"type":"if","locations":[{"start":{"line":88,"column":14},"end":{"line":90,"column":15}},{"start":{"line":88,"column":14},"end":{"line":90,"column":15}}],"line":88},"11":{"loc":{"start":{"line":88,"column":18},"end":{"line":88,"column":44}},"type":"binary-expr","locations":[{"start":{"line":88,"column":18},"end":{"line":88,"column":24}},{"start":{"line":88,"column":28},"end":{"line":88,"column":44}}],"line":88},"12":{"loc":{"start":{"line":109,"column":6},"end":{"line":122,"column":7}},"type":"if","locations":[{"start":{"line":109,"column":6},"end":{"line":122,"column":7}},{"start":{"line":109,"column":6},"end":{"line":122,"column":7}}],"line":109},"13":{"loc":{"start":{"line":110,"column":8},"end":{"line":111,"column":73}},"type":"binary-expr","locations":[{"start":{"line":110,"column":8},"end":{"line":110,"column":31}},{"start":{"line":111,"column":9},"end":{"line":111,"column":28}},{"start":{"line":111,"column":32},"end":{"line":111,"column":72}}],"line":110},"14":{"loc":{"start":{"line":132,"column":2},"end":{"line":136,"column":3}},"type":"if","locations":[{"start":{"line":132,"column":2},"end":{"line":136,"column":3}},{"start":{"line":132,"column":2},"end":{"line":136,"column":3}}],"line":132}},"s":{"0":0,"1":0,"2":0,"3":0,"4":0,"5":0,"6":0,"7":0,"8":0,"9":0,"10":0,"11":0,"12":0,"13":0,"14":0,"15":0,"16":0,"17":0,"18":0,"19":0,"20":0,"21":0,"22":0,"23":0,"24":0,"25":0,"26":0,"27":0,"28":0,"29":0,"30":0,"31":0,"32":0,"33":0,"34":0,"35":0,"36":0,"37":0},"f":{"0":0,"1":0,"2":0,"3":0,"4":0,"5":0,"6":0,"7":0,"8":0,"9":0,"10":0,"11":0,"12":0,"13":0,"14":0},"b":{"0":[0,0,0],"1":[0,0],"2":[0,0],"3":[0,0],"4":[0,0],"5":[0,0],"6":[0,0],"7":[0,0],"8":[0,0],"9":[0,0],"10":[0,0],"11":[0,0],"12":[0,0],"13":[0,0,0],"14":[0,0]},"hash":"6a492ae90b9a93e94e925941acfea8d267e7db4f"}
,"/Users/svenjens/Apps/Amsterdam/vergunningcheck/apps/client/src/atoms/Alert.tsx": {"path":"/Users/svenjens/Apps/Amsterdam/vergunningcheck/apps/client/src/atoms/Alert.tsx","statementMap":{},"fnMap":{},"branchMap":{},"s":{},"f":{},"b":{},"_coverageSchema":"43e27e138ebf9cfc5966b082cf9a028302ed4184","hash":"2635953b09411b92a29881c169aabfadfe4989cd"}
,"/Users/svenjens/Apps/Amsterdam/vergunningcheck/apps/client/src/atoms/ComponentWrapper.ts": {"path":"/Users/svenjens/Apps/Amsterdam/vergunningcheck/apps/client/src/atoms/ComponentWrapper.ts","statementMap":{"0":{"start":{"line":10,"column":4},"end":{"line":14,"column":5}}},"fnMap":{"0":{"name":"(anonymous_0)","decl":{"start":{"line":9,"column":4},"end":{"line":9,"column":5}},"loc":{"start":{"line":10,"column":4},"end":{"line":14,"column":5}},"line":10}},"branchMap":{"0":{"loc":{"start":{"line":11,"column":23},"end":{"line":13,"column":25}},"type":"cond-expr","locations":[{"start":{"line":12,"column":10},"end":{"line":12,"column":35}},{"start":{"line":13,"column":10},"end":{"line":13,"column":25}}],"line":11}},"s":{"0":42},"f":{"0":42},"b":{"0":[7,35]},"_coverageSchema":"43e27e138ebf9cfc5966b082cf9a028302ed4184","hash":"c0304e2ca664831fbca277f3eedd6c84c3b78bcf"}
,"/Users/svenjens/Apps/Amsterdam/vergunningcheck/apps/client/src/atoms/EditButton.tsx": {"path":"/Users/svenjens/Apps/Amsterdam/vergunningcheck/apps/client/src/atoms/EditButton.tsx","statementMap":{"0":{"start":{"line":7,"column":24},"end":{"line":15,"column":1}},"1":{"start":{"line":19,"column":4},"end":{"line":27,"column":1}},"2":{"start":{"line":20,"column":2},"end":{"line":26,"column":20}}},"fnMap":{"0":{"name":"(anonymous_0)","decl":{"start":{"line":19,"column":4},"end":{"line":19,"column":5}},"loc":{"start":{"line":20,"column":2},"end":{"line":26,"column":20}},"line":20}},"branchMap":{"0":{"loc":{"start":{"line":19,"column":7},"end":{"line":19,"column":23}},"type":"default-arg","locations":[{"start":{"line":19,"column":18},"end":{"line":19,"column":23}}],"line":19}},"s":{"0":22,"1":22,"2":13},"f":{"0":13},"b":{"0":[13]},"_coverageSchema":"43e27e138ebf9cfc5966b082cf9a028302ed4184","hash":"ec26c8355875c44c75e0b5e824cba144cebe7d69"}
,"/Users/svenjens/Apps/Amsterdam/vergunningcheck/apps/client/src/atoms/HideForPrint.js": {"path":"/Users/svenjens/Apps/Amsterdam/vergunningcheck/apps/client/src/atoms/HideForPrint.js","statementMap":{},"fnMap":{},"branchMap":{},"s":{},"f":{},"b":{},"_coverageSchema":"43e27e138ebf9cfc5966b082cf9a028302ed4184","hash":"b1d997d831116354676eed49c1323627af7a3330"}
,"/Users/svenjens/Apps/Amsterdam/vergunningcheck/apps/client/src/atoms/Label.js": {"path":"/Users/svenjens/Apps/Amsterdam/vergunningcheck/apps/client/src/atoms/Label.js","statementMap":{},"fnMap":{},"branchMap":{},"s":{},"f":{},"b":{},"_coverageSchema":"43e27e138ebf9cfc5966b082cf9a028302ed4184","hash":"14626f84599292e1dfbe21607fed9998829b34da"}
,"/Users/svenjens/Apps/Amsterdam/vergunningcheck/apps/client/src/atoms/List.ts": {"path":"/Users/svenjens/Apps/Amsterdam/vergunningcheck/apps/client/src/atoms/List.ts","statementMap":{"0":{"start":{"line":14,"column":4},"end":{"line":17,"column":5}}},"fnMap":{"0":{"name":"(anonymous_0)","decl":{"start":{"line":11,"column":4},"end":{"line":11,"column":5}},"loc":{"start":{"line":14,"column":4},"end":{"line":17,"column":5}},"line":14}},"branchMap":{"0":{"loc":{"start":{"line":14,"column":4},"end":{"line":17,"column":5}},"type":"binary-expr","locations":[{"start":{"line":14,"column":4},"end":{"line":14,"column":14}},{"start":{"line":15,"column":4},"end":{"line":17,"column":5}}],"line":14}},"s":{"0":27},"f":{"0":27},"b":{"0":[27,15]},"_coverageSchema":"43e27e138ebf9cfc5966b082cf9a028302ed4184","hash":"60f1fa26c1cf2eca33882278f6a8062bd94cc555"}
,"/Users/svenjens/Apps/Amsterdam/vergunningcheck/apps/client/src/atoms/ListItem.js": {"path":"/Users/svenjens/Apps/Amsterdam/vergunningcheck/apps/client/src/atoms/ListItem.js","statementMap":{},"fnMap":{},"branchMap":{},"s":{},"f":{},"b":{},"_coverageSchema":"43e27e138ebf9cfc5966b082cf9a028302ed4184","hash":"0fa17ce991c94185d55bae1e330aed37254e81aa"}
,"/Users/svenjens/Apps/Amsterdam/vergunningcheck/apps/client/src/atoms/OrderedList.js": {"path":"/Users/svenjens/Apps/Amsterdam/vergunningcheck/apps/client/src/atoms/OrderedList.js","statementMap":{},"fnMap":{},"branchMap":{},"s":{},"f":{},"b":{},"_coverageSchema":"43e27e138ebf9cfc5966b082cf9a028302ed4184","hash":"e99babbd8983ef128f16180611492a1e96cf1071"}
,"/Users/svenjens/Apps/Amsterdam/vergunningcheck/apps/client/src/atoms/PrevButton.tsx": {"path":"/Users/svenjens/Apps/Amsterdam/vergunningcheck/apps/client/src/atoms/PrevButton.tsx","statementMap":{"0":{"start":{"line":7,"column":24},"end":{"line":10,"column":1}},"1":{"start":{"line":14,"column":4},"end":{"line":23,"column":1}},"2":{"start":{"line":15,"column":2},"end":{"line":22,"column":20}}},"fnMap":{"0":{"name":"(anonymous_0)","decl":{"start":{"line":14,"column":4},"end":{"line":14,"column":5}},"loc":{"start":{"line":15,"column":2},"end":{"line":22,"column":20}},"line":15}},"branchMap":{},"s":{"0":22,"1":22,"2":6},"f":{"0":6},"b":{},"_coverageSchema":"43e27e138ebf9cfc5966b082cf9a028302ed4184","hash":"0da164f6ac530e937d088f37059d2f77ffebec7a"}
,"/Users/svenjens/Apps/Amsterdam/vergunningcheck/apps/client/src/atoms/PrintButton.ts": {"path":"/Users/svenjens/Apps/Amsterdam/vergunningcheck/apps/client/src/atoms/PrintButton.ts","statementMap":{"0":{"start":{"line":14,"column":4},"end":{"line":18,"column":5}}},"fnMap":{"0":{"name":"(anonymous_0)","decl":{"start":{"line":13,"column":4},"end":{"line":13,"column":5}},"loc":{"start":{"line":14,"column":4},"end":{"line":18,"column":5}},"line":14}},"branchMap":{"0":{"loc":{"start":{"line":15,"column":23},"end":{"line":17,"column":25}},"type":"cond-expr","locations":[{"start":{"line":16,"column":10},"end":{"line":16,"column":35}},{"start":{"line":17,"column":10},"end":{"line":17,"column":25}}],"line":15}},"s":{"0":2},"f":{"0":2},"b":{"0":[2,0]},"_coverageSchema":"43e27e138ebf9cfc5966b082cf9a028302ed4184","hash":"240a7723130a304519349ce2879723a6555d8edd"}
,"/Users/svenjens/Apps/Amsterdam/vergunningcheck/apps/client/src/atoms/PrintOnly.tsx": {"path":"/Users/svenjens/Apps/Amsterdam/vergunningcheck/apps/client/src/atoms/PrintOnly.tsx","statementMap":{"0":{"start":{"line":16,"column":4},"end":{"line":21,"column":5}},"1":{"start":{"line":24,"column":4},"end":{"line":27,"column":5}}},"fnMap":{"0":{"name":"(anonymous_0)","decl":{"start":{"line":15,"column":4},"end":{"line":15,"column":5}},"loc":{"start":{"line":16,"column":4},"end":{"line":21,"column":5}},"line":16},"1":{"name":"(anonymous_1)","decl":{"start":{"line":23,"column":4},"end":{"line":23,"column":5}},"loc":{"start":{"line":24,"column":4},"end":{"line":27,"column":5}},"line":24}},"branchMap":{"0":{"loc":{"start":{"line":16,"column":4},"end":{"line":21,"column":5}},"type":"binary-expr","locations":[{"start":{"line":16,"column":4},"end":{"line":16,"column":20}},{"start":{"line":17,"column":4},"end":{"line":21,"column":5}}],"line":16},"1":{"loc":{"start":{"line":24,"column":4},"end":{"line":27,"column":5}},"type":"binary-expr","locations":[{"start":{"line":24,"column":4},"end":{"line":24,"column":24}},{"start":{"line":25,"column":4},"end":{"line":27,"column":5}}],"line":24}},"s":{"0":3,"1":3},"f":{"0":3,"1":3},"b":{"0":[3,1],"1":[3,1]},"_coverageSchema":"43e27e138ebf9cfc5966b082cf9a028302ed4184","hash":"fe1f428a0dab7ec781ab19de16eee6dc47c68f7a"}
,"/Users/svenjens/Apps/Amsterdam/vergunningcheck/apps/client/src/atoms/ScrollAnchor.tsx": {"path":"/Users/svenjens/Apps/Amsterdam/vergunningcheck/apps/client/src/atoms/ScrollAnchor.tsx","statementMap":{},"fnMap":{},"branchMap":{},"s":{},"f":{},"b":{},"_coverageSchema":"43e27e138ebf9cfc5966b082cf9a028302ed4184","hash":"2a6684cf0275b926a27de715755cf3c10f2b787b"}
,"/Users/svenjens/Apps/Amsterdam/vergunningcheck/apps/client/src/atoms/TextToEdit.tsx": {"path":"/Users/svenjens/Apps/Amsterdam/vergunningcheck/apps/client/src/atoms/TextToEdit.tsx","statementMap":{"0":{"start":{"line":7,"column":24},"end":{"line":9,"column":1}},"1":{"start":{"line":11,"column":64},"end":{"line":17,"column":1}},"2":{"start":{"line":14,"column":2},"end":{"line":16,"column":20}}},"fnMap":{"0":{"name":"(anonymous_0)","decl":{"start":{"line":11,"column":64},"end":{"line":11,"column":65}},"loc":{"start":{"line":14,"column":2},"end":{"line":16,"column":20}},"line":14}},"branchMap":{},"s":{"0":22,"1":22,"2":14},"f":{"0":14},"b":{},"_coverageSchema":"43e27e138ebf9cfc5966b082cf9a028302ed4184","hash":"69f26d539756ca2bb390cb258e803eeb4d5086c5"}
,"/Users/svenjens/Apps/Amsterdam/vergunningcheck/apps/client/src/atoms/index.js": {"path":"/Users/svenjens/Apps/Amsterdam/vergunningcheck/apps/client/src/atoms/index.js","statementMap":{},"fnMap":{},"branchMap":{},"s":{},"f":{},"b":{},"_coverageSchema":"43e27e138ebf9cfc5966b082cf9a028302ed4184","hash":"ea13460f9e9e04bbe23152894370d3d189f6c2e9"}
,"/Users/svenjens/Apps/Amsterdam/vergunningcheck/apps/client/src/components/AddressLines.tsx": {"path":"/Users/svenjens/Apps/Amsterdam/vergunningcheck/apps/client/src/components/AddressLines.tsx","statementMap":{"0":{"start":{"line":23,"column":2},"end":{"line":33,"column":5}}},"fnMap":{"0":{"name":"(anonymous_0)","decl":{"start":{"line":15,"column":15},"end":{"line":15,"column":16}},"loc":{"start":{"line":23,"column":2},"end":{"line":33,"column":5}},"line":23}},"branchMap":{"0":{"loc":{"start":{"line":28,"column":7},"end":{"line":28,"column":51}},"type":"binary-expr","locations":[{"start":{"line":28,"column":7},"end":{"line":28,"column":26}},{"start":{"line":28,"column":30},"end":{"line":28,"column":51}}],"line":28}},"s":{"0":12},"f":{"0":12},"b":{"0":[12,11]},"_coverageSchema":"43e27e138ebf9cfc5966b082cf9a028302ed4184","hash":"b3b592d5317b207fbb4dd4be753ae3dd603652f0"}
,"/Users/svenjens/Apps/Amsterdam/vergunningcheck/apps/client/src/components/Answers.tsx": {"path":"/Users/svenjens/Apps/Amsterdam/vergunningcheck/apps/client/src/components/Answers.tsx","statementMap":{"0":{"start":{"line":22,"column":40},"end":{"line":58,"column":1}},"1":{"start":{"line":30,"column":2},"end":{"line":57,"column":21}},"2":{"start":{"line":34,"column":39},"end":{"line":34,"column":45}},"3":{"start":{"line":35,"column":27},"end":{"line":35,"column":55}},"4":{"start":{"line":36,"column":10},"end":{"line":51,"column":12}},"5":{"start":{"line":46,"column":33},"end":{"line":46,"column":44}}},"fnMap":{"0":{"name":"(anonymous_0)","decl":{"start":{"line":22,"column":40},"end":{"line":22,"column":41}},"loc":{"start":{"line":30,"column":2},"end":{"line":57,"column":21}},"line":30},"1":{"name":"(anonymous_1)","decl":{"start":{"line":33,"column":20},"end":{"line":33,"column":21}},"loc":{"start":{"line":33,"column":32},"end":{"line":52,"column":9}},"line":33},"2":{"name":"(anonymous_2)","decl":{"start":{"line":46,"column":26},"end":{"line":46,"column":27}},"loc":{"start":{"line":46,"column":33},"end":{"line":46,"column":44}},"line":46}},"branchMap":{"0":{"loc":{"start":{"line":32,"column":7},"end":{"line":52,"column":10}},"type":"binary-expr","locations":[{"start":{"line":32,"column":7},"end":{"line":32,"column":14}},{"start":{"line":33,"column":8},"end":{"line":52,"column":10}}],"line":32},"1":{"loc":{"start":{"line":54,"column":5},"end":{"line":56,"column":5}},"type":"binary-expr","locations":[{"start":{"line":54,"column":5},"end":{"line":54,"column":23}},{"start":{"line":55,"column":6},"end":{"line":55,"column":59}}],"line":54}},"s":{"0":1,"1":3,"2":6,"3":6,"4":6,"5":1},"f":{"0":3,"1":6,"2":1},"b":{"0":[3,3],"1":[3,3]},"_coverageSchema":"43e27e138ebf9cfc5966b082cf9a028302ed4184","hash":"8d702fa088b6287ad0c77c1fb2d05695eac09fd5"}
,"/Users/svenjens/Apps/Amsterdam/vergunningcheck/apps/client/src/components/AutoSuggestList.js": {"path":"/Users/svenjens/Apps/Amsterdam/vergunningcheck/apps/client/src/components/AutoSuggestList.js","statementMap":{"0":{"start":{"line":18,"column":19},"end":{"line":25,"column":1}},"1":{"start":{"line":27,"column":11},"end":{"line":37,"column":1}},"2":{"start":{"line":39,"column":16},"end":{"line":41,"column":1}},"3":{"start":{"line":43,"column":19},"end":{"line":46,"column":1}},"4":{"start":{"line":48,"column":20},"end":{"line":128,"column":1}},"5":{"start":{"line":56,"column":18},"end":{"line":56,"column":30}},"6":{"start":{"line":58,"column":2},"end":{"line":64,"column":36}},"7":{"start":{"line":59,"column":17},"end":{"line":59,"column":32}},"8":{"start":{"line":61,"column":4},"end":{"line":63,"column":5}},"9":{"start":{"line":62,"column":6},"end":{"line":62,"column":41}},"10":{"start":{"line":66,"column":19},"end":{"line":71,"column":3}},"11":{"start":{"line":68,"column":6},"end":{"line":68,"column":29}},"12":{"start":{"line":73,"column":24},"end":{"line":94,"column":3}},"13":{"start":{"line":75,"column":6},"end":{"line":75,"column":29}},"14":{"start":{"line":78,"column":6},"end":{"line":91,"column":7}},"15":{"start":{"line":83,"column":10},"end":{"line":83,"column":16}},"16":{"start":{"line":86,"column":10},"end":{"line":86,"column":27}},"17":{"start":{"line":87,"column":10},"end":{"line":87,"column":16}},"18":{"start":{"line":90,"column":10},"end":{"line":90,"column":16}},"19":{"start":{"line":96,"column":2},"end":{"line":98,"column":3}},"20":{"start":{"line":97,"column":4},"end":{"line":97,"column":16}},"21":{"start":{"line":100,"column":2},"end":{"line":127,"column":4}},"22":{"start":{"line":109,"column":8},"end":{"line":124,"column":13}},"23":{"start":{"line":113,"column":29},"end":{"line":113,"column":45}},"24":{"start":{"line":114,"column":32},"end":{"line":114,"column":60}},"25":{"start":{"line":130,"column":0},"end":{"line":134,"column":2}},"26":{"start":{"line":136,"column":0},"end":{"line":151,"column":2}}},"fnMap":{"0":{"name":"(anonymous_0)","decl":{"start":{"line":48,"column":20},"end":{"line":48,"column":21}},"loc":{"start":{"line":55,"column":6},"end":{"line":128,"column":1}},"line":55},"1":{"name":"(anonymous_1)","decl":{"start":{"line":58,"column":12},"end":{"line":58,"column":13}},"loc":{"start":{"line":58,"column":18},"end":{"line":64,"column":3}},"line":58},"2":{"name":"(anonymous_2)","decl":{"start":{"line":67,"column":4},"end":{"line":67,"column":5}},"loc":{"start":{"line":67,"column":16},"end":{"line":69,"column":5}},"line":67},"3":{"name":"(anonymous_3)","decl":{"start":{"line":74,"column":4},"end":{"line":74,"column":5}},"loc":{"start":{"line":74,"column":23},"end":{"line":92,"column":5}},"line":74},"4":{"name":"(anonymous_4)","decl":{"start":{"line":108,"column":19},"end":{"line":108,"column":20}},"loc":{"start":{"line":109,"column":8},"end":{"line":124,"column":13}},"line":109},"5":{"name":"(anonymous_5)","decl":{"start":{"line":113,"column":23},"end":{"line":113,"column":24}},"loc":{"start":{"line":113,"column":29},"end":{"line":113,"column":45}},"line":113},"6":{"name":"(anonymous_6)","decl":{"start":{"line":114,"column":21},"end":{"line":114,"column":22}},"loc":{"start":{"line":114,"column":32},"end":{"line":114,"column":60}},"line":114}},"branchMap":{"0":{"loc":{"start":{"line":61,"column":4},"end":{"line":63,"column":5}},"type":"if","locations":[{"start":{"line":61,"column":4},"end":{"line":63,"column":5}},{"start":{"line":61,"column":4},"end":{"line":63,"column":5}}],"line":61},"1":{"loc":{"start":{"line":61,"column":8},"end":{"line":61,"column":56}},"type":"binary-expr","locations":[{"start":{"line":61,"column":8},"end":{"line":61,"column":24}},{"start":{"line":61,"column":28},"end":{"line":61,"column":56}}],"line":61},"2":{"loc":{"start":{"line":78,"column":6},"end":{"line":91,"column":7}},"type":"switch","locations":[{"start":{"line":79,"column":8},"end":{"line":79,"column":23}},{"start":{"line":80,"column":8},"end":{"line":80,"column":18}},{"start":{"line":81,"column":8},"end":{"line":81,"column":25}},{"start":{"line":82,"column":8},"end":{"line":83,"column":16}},{"start":{"line":85,"column":8},"end":{"line":87,"column":16}},{"start":{"line":89,"column":8},"end":{"line":90,"column":16}}],"line":78},"3":{"loc":{"start":{"line":96,"column":2},"end":{"line":98,"column":3}},"type":"if","locations":[{"start":{"line":96,"column":2},"end":{"line":98,"column":3}},{"start":{"line":96,"column":2},"end":{"line":98,"column":3}}],"line":96}},"s":{"0":1,"1":1,"2":1,"3":1,"4":1,"5":0,"6":0,"7":0,"8":0,"9":0,"10":0,"11":0,"12":0,"13":0,"14":0,"15":0,"16":0,"17":0,"18":0,"19":0,"20":0,"21":0,"22":0,"23":0,"24":0,"25":1,"26":1},"f":{"0":0,"1":0,"2":0,"3":0,"4":0,"5":0,"6":0},"b":{"0":[0,0],"1":[0,0],"2":[0,0,0,0,0,0],"3":[0,0]},"_coverageSchema":"43e27e138ebf9cfc5966b082cf9a028302ed4184","hash":"21ab316d185c9cb994f2717278fd3a559b956d76"}
,"/Users/svenjens/Apps/Amsterdam/vergunningcheck/apps/client/src/components/Conclusion.tsx": {"path":"/Users/svenjens/Apps/Amsterdam/vergunningcheck/apps/client/src/components/Conclusion.tsx","statementMap":{"0":{"start":{"line":31,"column":26},"end":{"line":35,"column":1}},"1":{"start":{"line":37,"column":75},"end":{"line":121,"column":1}},"2":{"start":{"line":42,"column":22},"end":{"line":66,"column":6}},"3":{"start":{"line":43,"column":37},"end":{"line":43,"column":76}},"4":{"start":{"line":45,"column":25},"end":{"line":45,"column":56}},"5":{"start":{"line":46,"column":38},"end":{"line":46,"column":67}},"6":{"start":{"line":47,"column":29},"end":{"line":49,"column":7}},"7":{"start":{"line":48,"column":29},"end":{"line":48,"column":75}},"8":{"start":{"line":51,"column":8},"end":{"line":51,"column":77}},"9":{"start":{"line":53,"column":6},"end":{"line":65,"column":8}},"10":{"start":{"line":69,"column":28},"end":{"line":71,"column":3}},"11":{"start":{"line":70,"column":42},"end":{"line":70,"column":79}},"12":{"start":{"line":74,"column":21},"end":{"line":76,"column":3}},"13":{"start":{"line":75,"column":42},"end":{"line":75,"column":78}},"14":{"start":{"line":78,"column":29},"end":{"line":88,"column":3}},"15":{"start":{"line":90,"column":28},"end":{"line":94,"column":3}},"16":{"start":{"line":96,"column":28},"end":{"line":99,"column":3}},"17":{"start":{"line":101,"column":28},"end":{"line":105,"column":23}},"18":{"start":{"line":107,"column":2},"end":{"line":120,"column":4}}},"fnMap":{"0":{"name":"(anonymous_0)","decl":{"start":{"line":37,"column":75},"end":{"line":37,"column":76}},"loc":{"start":{"line":40,"column":6},"end":{"line":121,"column":1}},"line":40},"1":{"name":"(anonymous_1)","decl":{"start":{"line":43,"column":12},"end":{"line":43,"column":13}},"loc":{"start":{"line":43,"column":37},"end":{"line":43,"column":76}},"line":43},"2":{"name":"(anonymous_2)","decl":{"start":{"line":44,"column":9},"end":{"line":44,"column":10}},"loc":{"start":{"line":44,"column":34},"end":{"line":66,"column":5}},"line":44},"3":{"name":"(anonymous_3)","decl":{"start":{"line":48,"column":8},"end":{"line":48,"column":9}},"loc":{"start":{"line":48,"column":29},"end":{"line":48,"column":75}},"line":48},"4":{"name":"(anonymous_4)","decl":{"start":{"line":70,"column":4},"end":{"line":70,"column":5}},"loc":{"start":{"line":70,"column":42},"end":{"line":70,"column":79}},"line":70},"5":{"name":"(anonymous_5)","decl":{"start":{"line":75,"column":4},"end":{"line":75,"column":5}},"loc":{"start":{"line":75,"column":42},"end":{"line":75,"column":78}},"line":75}},"branchMap":{"0":{"loc":{"start":{"line":51,"column":8},"end":{"line":51,"column":77}},"type":"binary-expr","locations":[{"start":{"line":51,"column":8},"end":{"line":51,"column":35}},{"start":{"line":51,"column":39},"end":{"line":51,"column":77}}],"line":51},"1":{"loc":{"start":{"line":56,"column":10},"end":{"line":60,"column":17}},"type":"cond-expr","locations":[{"start":{"line":57,"column":14},"end":{"line":57,"column":47}},{"start":{"line":58,"column":14},"end":{"line":60,"column":17}}],"line":56},"2":{"loc":{"start":{"line":62,"column":10},"end":{"line":64,"column":52}},"type":"cond-expr","locations":[{"start":{"line":63,"column":14},"end":{"line":63,"column":40}},{"start":{"line":64,"column":14},"end":{"line":64,"column":52}}],"line":62},"3":{"loc":{"start":{"line":101,"column":28},"end":{"line":105,"column":23}},"type":"cond-expr","locations":[{"start":{"line":102,"column":6},"end":{"line":102,"column":24}},{"start":{"line":103,"column":6},"end":{"line":105,"column":23}}],"line":101},"4":{"loc":{"start":{"line":103,"column":6},"end":{"line":105,"column":23}},"type":"cond-expr","locations":[{"start":{"line":104,"column":6},"end":{"line":104,"column":23}},{"start":{"line":105,"column":6},"end":{"line":105,"column":23}}],"line":103}},"s":{"0":0,"1":0,"2":0,"3":0,"4":0,"5":0,"6":0,"7":0,"8":0,"9":0,"10":0,"11":0,"12":0,"13":0,"14":0,"15":0,"16":0,"17":0,"18":0},"f":{"0":0,"1":0,"2":0,"3":0,"4":0,"5":0},"b":{"0":[0,0],"1":[0,0],"2":[0,0],"3":[0,0],"4":[0,0]},"hash":"4cd893b139bd840be68cdff4491be08234418079"}
,"/Users/svenjens/Apps/Amsterdam/vergunningcheck/apps/client/src/components/ConclusionAlert.tsx": {"path":"/Users/svenjens/Apps/Amsterdam/vergunningcheck/apps/client/src/components/ConclusionAlert.tsx","statementMap":{"0":{"start":{"line":9,"column":4},"end":{"line":25,"column":1}},"1":{"start":{"line":10,"column":2},"end":{"line":24,"column":25}}},"fnMap":{"0":{"name":"(anonymous_0)","decl":{"start":{"line":9,"column":4},"end":{"line":9,"column":5}},"loc":{"start":{"line":10,"column":2},"end":{"line":24,"column":25}},"line":10}},"branchMap":{"0":{"loc":{"start":{"line":12,"column":7},"end":{"line":22,"column":7}},"type":"cond-expr","locations":[{"start":{"line":13,"column":8},"end":{"line":13,"column":86}},{"start":{"line":15,"column":8},"end":{"line":21,"column":11}}],"line":12}},"s":{"0":2,"1":1},"f":{"0":1},"b":{"0":[0,1]},"_coverageSchema":"43e27e138ebf9cfc5966b082cf9a028302ed4184","hash":"f5c7fc728918d0f69d7f6b18a76d2abb51667dc8"}
,"/Users/svenjens/Apps/Amsterdam/vergunningcheck/apps/client/src/components/ConclusionAlertStyles.ts": {"path":"/Users/svenjens/Apps/Amsterdam/vergunningcheck/apps/client/src/components/ConclusionAlertStyles.ts","statementMap":{"0":{"start":{"line":6,"column":36},"end":{"line":11,"column":1}}},"fnMap":{},"branchMap":{},"s":{"0":2},"f":{},"b":{},"_coverageSchema":"43e27e138ebf9cfc5966b082cf9a028302ed4184","hash":"9e864754aa9884b88018d630dd11e252358ef6ae"}
,"/Users/svenjens/Apps/Amsterdam/vergunningcheck/apps/client/src/components/ContactSentence.tsx": {"path":"/Users/svenjens/Apps/Amsterdam/vergunningcheck/apps/client/src/components/ContactSentence.tsx","statementMap":{"0":{"start":{"line":16,"column":2},"end":{"line":19,"column":5}}},"fnMap":{"0":{"name":"(anonymous_0)","decl":{"start":{"line":11,"column":15},"end":{"line":11,"column":16}},"loc":{"start":{"line":16,"column":2},"end":{"line":19,"column":5}},"line":16}},"branchMap":{"0":{"loc":{"start":{"line":13,"column":2},"end":{"line":13,"column":13}},"type":"default-arg","locations":[{"start":{"line":13,"column":9},"end":{"line":13,"column":13}}],"line":13},"1":{"loc":{"start":{"line":14,"column":2},"end":{"line":14,"column":66}},"type":"default-arg","locations":[{"start":{"line":14,"column":20},"end":{"line":14,"column":66}}],"line":14}},"s":{"0":22},"f":{"0":22},"b":{"0":[20],"1":[5]},"_coverageSchema":"43e27e138ebf9cfc5966b082cf9a028302ed4184","hash":"832d9a80f249c63a6010064fbb800a3c3701cb0a"}
,"/Users/svenjens/Apps/Amsterdam/vergunningcheck/apps/client/src/components/DebugDecisionTable.js": {"path":"/Users/svenjens/Apps/Amsterdam/vergunningcheck/apps/client/src/components/DebugDecisionTable.js","statementMap":{"0":{"start":{"line":7,"column":24},"end":{"line":8,"column":56}},"1":{"start":{"line":8,"column":2},"end":{"line":8,"column":56}},"2":{"start":{"line":10,"column":15},"end":{"line":18,"column":1}},"3":{"start":{"line":11,"column":2},"end":{"line":17,"column":5}},"4":{"start":{"line":21,"column":25},"end":{"line":21,"column":51}},"5":{"start":{"line":22,"column":19},"end":{"line":22,"column":24}},"6":{"start":{"line":23,"column":21},"end":{"line":23,"column":28}},"7":{"start":{"line":25,"column":2},"end":{"line":27,"column":3}},"8":{"start":{"line":26,"column":4},"end":{"line":26,"column":17}},"9":{"start":{"line":28,"column":23},"end":{"line":28,"column":49}},"10":{"start":{"line":29,"column":21},"end":{"line":29,"column":59}},"11":{"start":{"line":29,"column":48},"end":{"line":29,"column":58}},"12":{"start":{"line":31,"column":2},"end":{"line":189,"column":4}},"13":{"start":{"line":34,"column":34},"end":{"line":34,"column":44}},"14":{"start":{"line":38,"column":14},"end":{"line":40,"column":18}},"15":{"start":{"line":55,"column":14},"end":{"line":70,"column":19}},"16":{"start":{"line":86,"column":12},"end":{"line":95,"column":17}},"17":{"start":{"line":102,"column":33},"end":{"line":102,"column":73}},"18":{"start":{"line":103,"column":27},"end":{"line":103,"column":61}},"19":{"start":{"line":104,"column":40},"end":{"line":104,"column":69}},"20":{"start":{"line":105,"column":34},"end":{"line":105,"column":64}},"21":{"start":{"line":107,"column":8},"end":{"line":186,"column":10}},"22":{"start":{"line":116,"column":26},"end":{"line":116,"column":79}},"23":{"start":{"line":119,"column":38},"end":{"line":119,"column":65}},"24":{"start":{"line":120,"column":30},"end":{"line":120,"column":45}},"25":{"start":{"line":121,"column":34},"end":{"line":121,"column":50}},"26":{"start":{"line":122,"column":39},"end":{"line":122,"column":67}},"27":{"start":{"line":123,"column":16},"end":{"line":175,"column":18}},"28":{"start":{"line":134,"column":28},"end":{"line":146,"column":33}},"29":{"start":{"line":154,"column":28},"end":{"line":169,"column":30}},"30":{"start":{"line":182,"column":16},"end":{"line":182,"column":77}},"31":{"start":{"line":182,"column":63},"end":{"line":182,"column":76}}},"fnMap":{"0":{"name":"(anonymous_0)","decl":{"start":{"line":7,"column":24},"end":{"line":7,"column":25}},"loc":{"start":{"line":8,"column":2},"end":{"line":8,"column":56}},"line":8},"1":{"name":"(anonymous_1)","decl":{"start":{"line":10,"column":15},"end":{"line":10,"column":16}},"loc":{"start":{"line":11,"column":2},"end":{"line":17,"column":5}},"line":11},"2":{"name":"(anonymous_2)","decl":{"start":{"line":20,"column":15},"end":{"line":20,"column":16}},"loc":{"start":{"line":20,"column":39},"end":{"line":190,"column":1}},"line":20},"3":{"name":"(anonymous_3)","decl":{"start":{"line":29,"column":41},"end":{"line":29,"column":42}},"loc":{"start":{"line":29,"column":48},"end":{"line":29,"column":58}},"line":29},"4":{"name":"(anonymous_4)","decl":{"start":{"line":34,"column":27},"end":{"line":34,"column":28}},"loc":{"start":{"line":34,"column":34},"end":{"line":34,"column":44}},"line":34},"5":{"name":"(anonymous_5)","decl":{"start":{"line":37,"column":28},"end":{"line":37,"column":29}},"loc":{"start":{"line":38,"column":14},"end":{"line":40,"column":18}},"line":38},"6":{"name":"(anonymous_6)","decl":{"start":{"line":54,"column":31},"end":{"line":54,"column":32}},"loc":{"start":{"line":55,"column":14},"end":{"line":70,"column":19}},"line":55},"7":{"name":"(anonymous_7)","decl":{"start":{"line":85,"column":47},"end":{"line":85,"column":48}},"loc":{"start":{"line":86,"column":12},"end":{"line":95,"column":17}},"line":86},"8":{"name":"(anonymous_8)","decl":{"start":{"line":101,"column":27},"end":{"line":101,"column":28}},"loc":{"start":{"line":101,"column":46},"end":{"line":187,"column":7}},"line":101},"9":{"name":"(anonymous_9)","decl":{"start":{"line":116,"column":16},"end":{"line":116,"column":17}},"loc":{"start":{"line":116,"column":26},"end":{"line":116,"column":79}},"line":116},"10":{"name":"(anonymous_10)","decl":{"start":{"line":118,"column":19},"end":{"line":118,"column":20}},"loc":{"start":{"line":118,"column":36},"end":{"line":176,"column":15}},"line":118},"11":{"name":"(anonymous_11)","decl":{"start":{"line":133,"column":41},"end":{"line":133,"column":42}},"loc":{"start":{"line":134,"column":28},"end":{"line":146,"column":33}},"line":134},"12":{"name":"(anonymous_12)","decl":{"start":{"line":153,"column":37},"end":{"line":153,"column":38}},"loc":{"start":{"line":153,"column":44},"end":{"line":170,"column":27}},"line":153},"13":{"name":"(anonymous_13)","decl":{"start":{"line":181,"column":37},"end":{"line":181,"column":38}},"loc":{"start":{"line":182,"column":16},"end":{"line":182,"column":77}},"line":182},"14":{"name":"(anonymous_14)","decl":{"start":{"line":182,"column":49},"end":{"line":182,"column":50}},"loc":{"start":{"line":182,"column":63},"end":{"line":182,"column":76}},"line":182}},"branchMap":{"0":{"loc":{"start":{"line":8,"column":14},"end":{"line":8,"column":46}},"type":"cond-expr","locations":[{"start":{"line":8,"column":25},"end":{"line":8,"column":41}},{"start":{"line":8,"column":44},"end":{"line":8,"column":46}}],"line":8},"1":{"loc":{"start":{"line":12,"column":5},"end":{"line":16,"column":5}},"type":"cond-expr","locations":[{"start":{"line":13,"column":6},"end":{"line":13,"column":12}},{"start":{"line":15,"column":6},"end":{"line":15,"column":63}}],"line":12},"2":{"loc":{"start":{"line":15,"column":10},"end":{"line":15,"column":58}},"type":"cond-expr","locations":[{"start":{"line":15,"column":33},"end":{"line":15,"column":50}},{"start":{"line":15,"column":53},"end":{"line":15,"column":58}}],"line":15},"3":{"loc":{"start":{"line":25,"column":2},"end":{"line":27,"column":3}},"type":"if","locations":[{"start":{"line":25,"column":2},"end":{"line":27,"column":3}},{"start":{"line":25,"column":2},"end":{"line":27,"column":3}}],"line":25},"4":{"loc":{"start":{"line":25,"column":6},"end":{"line":25,"column":34}},"type":"binary-expr","locations":[{"start":{"line":25,"column":6},"end":{"line":25,"column":14}},{"start":{"line":25,"column":18},"end":{"line":25,"column":34}}],"line":25},"5":{"loc":{"start":{"line":34,"column":9},"end":{"line":43,"column":9}},"type":"binary-expr","locations":[{"start":{"line":34,"column":9},"end":{"line":34,"column":56}},{"start":{"line":35,"column":10},"end":{"line":42,"column":13}}],"line":34},"6":{"loc":{"start":{"line":59,"column":20},"end":{"line":61,"column":32}},"type":"cond-expr","locations":[{"start":{"line":60,"column":24},"end":{"line":60,"column":30}},{"start":{"line":61,"column":24},"end":{"line":61,"column":32}}],"line":59},"7":{"loc":{"start":{"line":126,"column":32},"end":{"line":126,"column":73}},"type":"cond-expr","locations":[{"start":{"line":126,"column":58},"end":{"line":126,"column":69}},{"start":{"line":126,"column":72},"end":{"line":126,"column":73}}],"line":126},"8":{"loc":{"start":{"line":127,"column":23},"end":{"line":127,"column":65}},"type":"binary-expr","locations":[{"start":{"line":127,"column":23},"end":{"line":127,"column":49}},{"start":{"line":127,"column":53},"end":{"line":127,"column":65}}],"line":127},"9":{"loc":{"start":{"line":138,"column":34},"end":{"line":140,"column":46}},"type":"cond-expr","locations":[{"start":{"line":139,"column":38},"end":{"line":139,"column":44}},{"start":{"line":140,"column":38},"end":{"line":140,"column":46}}],"line":138},"10":{"loc":{"start":{"line":159,"column":36},"end":{"line":161,"column":48}},"type":"cond-expr","locations":[{"start":{"line":160,"column":40},"end":{"line":160,"column":46}},{"start":{"line":161,"column":40},"end":{"line":161,"column":48}}],"line":159},"11":{"loc":{"start":{"line":179,"column":18},"end":{"line":179,"column":56}},"type":"binary-expr","locations":[{"start":{"line":179,"column":18},"end":{"line":179,"column":34}},{"start":{"line":179,"column":38},"end":{"line":179,"column":56}}],"line":179}},"s":{"0":0,"1":0,"2":0,"3":0,"4":0,"5":0,"6":0,"7":0,"8":0,"9":0,"10":0,"11":0,"12":0,"13":0,"14":0,"15":0,"16":0,"17":0,"18":0,"19":0,"20":0,"21":0,"22":0,"23":0,"24":0,"25":0,"26":0,"27":0,"28":0,"29":0,"30":0,"31":0},"f":{"0":0,"1":0,"2":0,"3":0,"4":0,"5":0,"6":0,"7":0,"8":0,"9":0,"10":0,"11":0,"12":0,"13":0,"14":0},"b":{"0":[0,0],"1":[0,0],"2":[0,0],"3":[0,0],"4":[0,0],"5":[0,0],"6":[0,0],"7":[0,0],"8":[0,0],"9":[0,0],"10":[0,0],"11":[0,0]},"hash":"2418734e4eb15b4715b6890f35757e1e0df1be6b"}
,"/Users/svenjens/Apps/Amsterdam/vergunningcheck/apps/client/src/components/Disclaimer.tsx": {"path":"/Users/svenjens/Apps/Amsterdam/vergunningcheck/apps/client/src/components/Disclaimer.tsx","statementMap":{"0":{"start":{"line":7,"column":29},"end":{"line":21,"column":1}},"1":{"start":{"line":8,"column":2},"end":{"line":20,"column":10}}},"fnMap":{"0":{"name":"(anonymous_0)","decl":{"start":{"line":7,"column":29},"end":{"line":7,"column":30}},"loc":{"start":{"line":8,"column":2},"end":{"line":20,"column":10}},"line":8}},"branchMap":{},"s":{"0":1,"1":1},"f":{"0":1},"b":{},"_coverageSchema":"43e27e138ebf9cfc5966b082cf9a028302ed4184","hash":"a12c63fff558ac1762f7863af39bf3890540b95f"}
,"/Users/svenjens/Apps/Amsterdam/vergunningcheck/apps/client/src/components/Error.js": {"path":"/Users/svenjens/Apps/Amsterdam/vergunningcheck/apps/client/src/components/Error.js","statementMap":{"0":{"start":{"line":5,"column":14},"end":{"line":20,"column":1}},"1":{"start":{"line":6,"column":2},"end":{"line":19,"column":21}}},"fnMap":{"0":{"name":"(anonymous_0)","decl":{"start":{"line":5,"column":14},"end":{"line":5,"column":15}},"loc":{"start":{"line":6,"column":2},"end":{"line":19,"column":21}},"line":6}},"branchMap":{"0":{"loc":{"start":{"line":9,"column":15},"end":{"line":9,"column":54}},"type":"binary-expr","locations":[{"start":{"line":9,"column":15},"end":{"line":9,"column":22}},{"start":{"line":9,"column":26},"end":{"line":9,"column":54}}],"line":9},"1":{"loc":{"start":{"line":15,"column":7},"end":{"line":17,"column":7}},"type":"binary-expr","locations":[{"start":{"line":15,"column":7},"end":{"line":15,"column":12}},{"start":{"line":15,"column":16},"end":{"line":15,"column":53}},{"start":{"line":16,"column":8},"end":{"line":16,"column":59}}],"line":15}},"s":{"0":1,"1":0},"f":{"0":0},"b":{"0":[0,0],"1":[0,0,0]},"_coverageSchema":"43e27e138ebf9cfc5966b082cf9a028302ed4184","hash":"0b08602477020f994da985d1436890ffd09f145f"}
,"/Users/svenjens/Apps/Amsterdam/vergunningcheck/apps/client/src/components/Form.tsx": {"path":"/Users/svenjens/Apps/Amsterdam/vergunningcheck/apps/client/src/components/Form.tsx","statementMap":{"0":{"start":{"line":10,"column":34},"end":{"line":29,"column":1}},"1":{"start":{"line":16,"column":2},"end":{"line":28,"column":4}},"2":{"start":{"line":19,"column":8},"end":{"line":19,"column":27}},"3":{"start":{"line":20,"column":8},"end":{"line":22,"column":9}},"4":{"start":{"line":21,"column":10},"end":{"line":21,"column":22}}},"fnMap":{"0":{"name":"(anonymous_0)","decl":{"start":{"line":10,"column":34},"end":{"line":10,"column":35}},"loc":{"start":{"line":15,"column":6},"end":{"line":29,"column":1}},"line":15},"1":{"name":"(anonymous_1)","decl":{"start":{"line":18,"column":16},"end":{"line":18,"column":17}},"loc":{"start":{"line":18,"column":23},"end":{"line":23,"column":7}},"line":18}},"branchMap":{"0":{"loc":{"start":{"line":20,"column":8},"end":{"line":22,"column":9}},"type":"if","locations":[{"start":{"line":20,"column":8},"end":{"line":22,"column":9}},{"start":{"line":20,"column":8},"end":{"line":22,"column":9}}],"line":20}},"s":{"0":4,"1":9,"2":4,"3":4,"4":3},"f":{"0":9,"1":4},"b":{"0":[3,1]},"_coverageSchema":"43e27e138ebf9cfc5966b082cf9a028302ed4184","hash":"c5940310a0035174c29d61c6e7554156c45a0ab7"}
,"/Users/svenjens/Apps/Amsterdam/vergunningcheck/apps/client/src/components/FormStyles.ts": {"path":"/Users/svenjens/Apps/Amsterdam/vergunningcheck/apps/client/src/components/FormStyles.ts","statementMap":{"0":{"start":{"line":3,"column":26},"end":{"line":7,"column":1}}},"fnMap":{},"branchMap":{},"s":{"0":4},"f":{},"b":{},"_coverageSchema":"43e27e138ebf9cfc5966b082cf9a028302ed4184","hash":"b5d73242eaf996b19f04d5c07cf02bbc327f198c"}
,"/Users/svenjens/Apps/Amsterdam/vergunningcheck/apps/client/src/components/Header.js": {"path":"/Users/svenjens/Apps/Amsterdam/vergunningcheck/apps/client/src/components/Header.js","statementMap":{"0":{"start":{"line":12,"column":22},"end":{"line":41,"column":1}},"1":{"start":{"line":13,"column":22},"end":{"line":19,"column":3}},"2":{"start":{"line":14,"column":4},"end":{"line":17,"column":7}},"3":{"start":{"line":18,"column":4},"end":{"line":18,"column":32}},"4":{"start":{"line":21,"column":2},"end":{"line":40,"column":4}},"5":{"start":{"line":26,"column":8},"end":{"line":37,"column":28}},"6":{"start":{"line":28,"column":12},"end":{"line":32,"column":13}}},"fnMap":{"0":{"name":"(anonymous_0)","decl":{"start":{"line":12,"column":22},"end":{"line":12,"column":23}},"loc":{"start":{"line":12,"column":48},"end":{"line":41,"column":1}},"line":12},"1":{"name":"(anonymous_1)","decl":{"start":{"line":13,"column":22},"end":{"line":13,"column":23}},"loc":{"start":{"line":13,"column":32},"end":{"line":19,"column":3}},"line":13},"2":{"name":"(anonymous_2)","decl":{"start":{"line":25,"column":12},"end":{"line":25,"column":13}},"loc":{"start":{"line":26,"column":8},"end":{"line":37,"column":28}},"line":26},"3":{"name":"(anonymous_3)","decl":{"start":{"line":27,"column":19},"end":{"line":27,"column":20}},"loc":{"start":{"line":28,"column":12},"end":{"line":32,"column":13}},"line":28}},"branchMap":{"0":{"loc":{"start":{"line":29,"column":14},"end":{"line":31,"column":21}},"type":"cond-expr","locations":[{"start":{"line":30,"column":18},"end":{"line":30,"column":40}},{"start":{"line":31,"column":18},"end":{"line":31,"column":21}}],"line":29}},"s":{"0":2,"1":1,"2":0,"3":0,"4":1,"5":1,"6":0},"f":{"0":1,"1":0,"2":1,"3":0},"b":{"0":[0,0]},"_coverageSchema":"43e27e138ebf9cfc5966b082cf9a028302ed4184","hash":"f612fc64e1c79e3d42acc15f6c19e5a9f2dbb388"}
,"/Users/svenjens/Apps/Amsterdam/vergunningcheck/apps/client/src/components/HeaderStyles.ts": {"path":"/Users/svenjens/Apps/Amsterdam/vergunningcheck/apps/client/src/components/HeaderStyles.ts","statementMap":{"0":{"start":{"line":7,"column":28},"end":{"line":24,"column":1}},"1":{"start":{"line":26,"column":35},"end":{"line":40,"column":1}},"2":{"start":{"line":42,"column":26},"end":{"line":49,"column":1}},"3":{"start":{"line":51,"column":33},"end":{"line":81,"column":1}}},"fnMap":{},"branchMap":{},"s":{"0":2,"1":2,"2":2,"3":2},"f":{},"b":{},"_coverageSchema":"43e27e138ebf9cfc5966b082cf9a028302ed4184","hash":"2045f79ee9bc61ee11ea39a84cf59af27b2106f9"}
,"/Users/svenjens/Apps/Amsterdam/vergunningcheck/apps/client/src/components/HiddenDebugInfo.js": {"path":"/Users/svenjens/Apps/Amsterdam/vergunningcheck/apps/client/src/components/HiddenDebugInfo.js","statementMap":{"0":{"start":{"line":6,"column":2},"end":{"line":9,"column":14}}},"fnMap":{"0":{"name":"(anonymous_0)","decl":{"start":{"line":5,"column":15},"end":{"line":5,"column":16}},"loc":{"start":{"line":6,"column":2},"end":{"line":9,"column":14}},"line":6}},"branchMap":{},"s":{"0":2},"f":{"0":2},"b":{},"_coverageSchema":"43e27e138ebf9cfc5966b082cf9a028302ed4184","hash":"98fa1b3864020337df4fcba69dc2a3a2de14a7ac"}
,"/Users/svenjens/Apps/Amsterdam/vergunningcheck/apps/client/src/components/HiddenDebugInfoStyles.js": {"path":"/Users/svenjens/Apps/Amsterdam/vergunningcheck/apps/client/src/components/HiddenDebugInfoStyles.js","statementMap":{"0":{"start":{"line":3,"column":25},"end":{"line":11,"column":1}},"1":{"start":{"line":13,"column":21},"end":{"line":16,"column":1}}},"fnMap":{},"branchMap":{},"s":{"0":2,"1":2},"f":{},"b":{},"_coverageSchema":"43e27e138ebf9cfc5966b082cf9a028302ed4184","hash":"2b14d13e6fb333eac7aa81d524030f940c6e1dc0"}
,"/Users/svenjens/Apps/Amsterdam/vergunningcheck/apps/client/src/components/Link.js": {"path":"/Users/svenjens/Apps/Amsterdam/vergunningcheck/apps/client/src/components/Link.js","statementMap":{"0":{"start":{"line":8,"column":13},"end":{"line":30,"column":1}},"1":{"start":{"line":16,"column":18},"end":{"line":23,"column":3}},"2":{"start":{"line":17,"column":4},"end":{"line":22,"column":5}},"3":{"start":{"line":18,"column":6},"end":{"line":21,"column":9}},"4":{"start":{"line":25,"column":2},"end":{"line":29,"column":4}},"5":{"start":{"line":32,"column":0},"end":{"line":39,"column":2}}},"fnMap":{"0":{"name":"(anonymous_0)","decl":{"start":{"line":8,"column":13},"end":{"line":8,"column":14}},"loc":{"start":{"line":15,"column":6},"end":{"line":30,"column":1}},"line":15},"1":{"name":"(anonymous_1)","decl":{"start":{"line":16,"column":18},"end":{"line":16,"column":19}},"loc":{"start":{"line":16,"column":24},"end":{"line":23,"column":3}},"line":16}},"branchMap":{"0":{"loc":{"start":{"line":17,"column":4},"end":{"line":22,"column":5}},"type":"if","locations":[{"start":{"line":17,"column":4},"end":{"line":22,"column":5}},{"start":{"line":17,"column":4},"end":{"line":22,"column":5}}],"line":17},"1":{"loc":{"start":{"line":19,"column":16},"end":{"line":19,"column":59}},"type":"binary-expr","locations":[{"start":{"line":19,"column":16},"end":{"line":19,"column":22}},{"start":{"line":19,"column":26},"end":{"line":19,"column":59}}],"line":19},"2":{"loc":{"start":{"line":26,"column":46},"end":{"line":26,"column":61}},"type":"binary-expr","locations":[{"start":{"line":26,"column":46},"end":{"line":26,"column":50}},{"start":{"line":26,"column":54},"end":{"line":26,"column":61}}],"line":26}},"s":{"0":11,"1":69,"2":0,"3":0,"4":69,"5":11},"f":{"0":69,"1":0},"b":{"0":[0,0],"1":[0,0],"2":[69,69]},"_coverageSchema":"43e27e138ebf9cfc5966b082cf9a028302ed4184","hash":"a3f01c9f6b8df1800ad42d7024d2c9d6cb0ef0cc"}
,"/Users/svenjens/Apps/Amsterdam/vergunningcheck/apps/client/src/components/ListInsideOrderedList.js": {"path":"/Users/svenjens/Apps/Amsterdam/vergunningcheck/apps/client/src/components/ListInsideOrderedList.js","statementMap":{},"fnMap":{},"branchMap":{},"s":{},"f":{},"b":{},"hash":"bb8638bf6375d7746798adef80144f61c4b6d596"}
,"/Users/svenjens/Apps/Amsterdam/vergunningcheck/apps/client/src/components/Loading.js": {"path":"/Users/svenjens/Apps/Amsterdam/vergunningcheck/apps/client/src/components/Loading.js","statementMap":{"0":{"start":{"line":5,"column":21},"end":{"line":5,"column":63}}},"fnMap":{"0":{"name":"(anonymous_0)","decl":{"start":{"line":5,"column":15},"end":{"line":5,"column":16}},"loc":{"start":{"line":5,"column":21},"end":{"line":5,"column":63}},"line":5}},"branchMap":{},"s":{"0":0},"f":{"0":0},"b":{},"_coverageSchema":"43e27e138ebf9cfc5966b082cf9a028302ed4184","hash":"d866c84e5e054b12faf7a27ff123ad1b3cade31c"}
,"/Users/svenjens/Apps/Amsterdam/vergunningcheck/apps/client/src/components/Modal.tsx": {"path":"/Users/svenjens/Apps/Amsterdam/vergunningcheck/apps/client/src/components/Modal.tsx","statementMap":{"0":{"start":{"line":36,"column":36},"end":{"line":136,"column":1}},"1":{"start":{"line":49,"column":30},"end":{"line":49,"column":45}},"2":{"start":{"line":51,"column":20},"end":{"line":57,"column":3}},"3":{"start":{"line":52,"column":4},"end":{"line":52,"column":22}},"4":{"start":{"line":54,"column":4},"end":{"line":56,"column":5}},"5":{"start":{"line":55,"column":6},"end":{"line":55,"column":24}},"6":{"start":{"line":59,"column":2},"end":{"line":135,"column":4}},"7":{"start":{"line":78,"column":10},"end":{"line":78,"column":29}},"8":{"start":{"line":89,"column":18},"end":{"line":89,"column":38}},"9":{"start":{"line":90,"column":18},"end":{"line":90,"column":37}},"10":{"start":{"line":113,"column":20},"end":{"line":113,"column":65}},"11":{"start":{"line":114,"column":20},"end":{"line":114,"column":65}},"12":{"start":{"line":124,"column":33},"end":{"line":124,"column":51}}},"fnMap":{"0":{"name":"(anonymous_0)","decl":{"start":{"line":36,"column":36},"end":{"line":36,"column":37}},"loc":{"start":{"line":48,"column":6},"end":{"line":136,"column":1}},"line":48},"1":{"name":"(anonymous_1)","decl":{"start":{"line":51,"column":20},"end":{"line":51,"column":21}},"loc":{"start":{"line":51,"column":26},"end":{"line":57,"column":3}},"line":51},"2":{"name":"(anonymous_2)","decl":{"start":{"line":77,"column":17},"end":{"line":77,"column":18}},"loc":{"start":{"line":77,"column":23},"end":{"line":79,"column":9}},"line":77},"3":{"name":"(anonymous_3)","decl":{"start":{"line":88,"column":25},"end":{"line":88,"column":26}},"loc":{"start":{"line":88,"column":50},"end":{"line":91,"column":17}},"line":88},"4":{"name":"(anonymous_4)","decl":{"start":{"line":112,"column":27},"end":{"line":112,"column":28}},"loc":{"start":{"line":112,"column":33},"end":{"line":115,"column":19}},"line":112},"5":{"name":"(anonymous_5)","decl":{"start":{"line":124,"column":27},"end":{"line":124,"column":28}},"loc":{"start":{"line":124,"column":33},"end":{"line":124,"column":51}},"line":124}},"branchMap":{"0":{"loc":{"start":{"line":38,"column":2},"end":{"line":38,"column":29}},"type":"default-arg","locations":[{"start":{"line":38,"column":20},"end":{"line":38,"column":29}}],"line":38},"1":{"loc":{"start":{"line":39,"column":2},"end":{"line":39,"column":31}},"type":"default-arg","locations":[{"start":{"line":39,"column":27},"end":{"line":39,"column":31}}],"line":39},"2":{"loc":{"start":{"line":40,"column":2},"end":{"line":40,"column":26}},"type":"default-arg","locations":[{"start":{"line":40,"column":16},"end":{"line":40,"column":26}}],"line":40},"3":{"loc":{"start":{"line":46,"column":2},"end":{"line":46,"column":24}},"type":"default-arg","locations":[{"start":{"line":46,"column":20},"end":{"line":46,"column":24}}],"line":46},"4":{"loc":{"start":{"line":54,"column":4},"end":{"line":56,"column":5}},"type":"if","locations":[{"start":{"line":54,"column":4},"end":{"line":56,"column":5}},{"start":{"line":54,"column":4},"end":{"line":56,"column":5}}],"line":54},"5":{"loc":{"start":{"line":61,"column":7},"end":{"line":72,"column":7}},"type":"cond-expr","locations":[{"start":{"line":62,"column":8},"end":{"line":62,"column":41}},{"start":{"line":64,"column":8},"end":{"line":71,"column":22}}],"line":61},"6":{"loc":{"start":{"line":109,"column":15},"end":{"line":120,"column":15}},"type":"binary-expr","locations":[{"start":{"line":109,"column":15},"end":{"line":109,"column":32}},{"start":{"line":110,"column":16},"end":{"line":119,"column":30}}],"line":109},"7":{"loc":{"start":{"line":113,"column":20},"end":{"line":113,"column":64}},"type":"binary-expr","locations":[{"start":{"line":113,"column":20},"end":{"line":113,"column":39}},{"start":{"line":113,"column":43},"end":{"line":113,"column":64}}],"line":113},"8":{"loc":{"start":{"line":114,"column":20},"end":{"line":114,"column":64}},"type":"binary-expr","locations":[{"start":{"line":114,"column":20},"end":{"line":114,"column":42}},{"start":{"line":114,"column":46},"end":{"line":114,"column":64}}],"line":114},"9":{"loc":{"start":{"line":121,"column":15},"end":{"line":129,"column":15}},"type":"binary-expr","locations":[{"start":{"line":121,"column":15},"end":{"line":121,"column":30}},{"start":{"line":122,"column":16},"end":{"line":128,"column":30}}],"line":121}},"s":{"0":7,"1":19,"2":19,"3":6,"4":6,"5":6,"6":19,"7":0,"8":1,"9":1,"10":2,"11":2,"12":1},"f":{"0":19,"1":6,"2":0,"3":1,"4":2,"5":1},"b":{"0":[6],"1":[11],"2":[14],"3":[19],"4":[6,0],"5":[5,14],"6":[19,13],"7":[2,2],"8":[2,0],"9":[19,19]},"_coverageSchema":"43e27e138ebf9cfc5966b082cf9a028302ed4184","hash":"2ede90143355bc97e08e29ff709ec142f6beaf35"}
,"/Users/svenjens/Apps/Amsterdam/vergunningcheck/apps/client/src/components/ModalStyles.tsx": {"path":"/Users/svenjens/Apps/Amsterdam/vergunningcheck/apps/client/src/components/ModalStyles.tsx","statementMap":{"0":{"start":{"line":4,"column":23},"end":{"line":6,"column":1}},"1":{"start":{"line":8,"column":26},"end":{"line":12,"column":1}},"2":{"start":{"line":15,"column":27},"end":{"line":17,"column":1}},"3":{"start":{"line":19,"column":28},"end":{"line":21,"column":1}},"4":{"start":{"line":23,"column":28},"end":{"line":25,"column":1}},"5":{"start":{"line":27,"column":34},"end":{"line":33,"column":1}}},"fnMap":{},"branchMap":{},"s":{"0":7,"1":7,"2":7,"3":7,"4":7,"5":7},"f":{},"b":{},"_coverageSchema":"43e27e138ebf9cfc5966b082cf9a028302ed4184","hash":"c35837f4935688675113ca7e5c986ebca535be37"}
,"/Users/svenjens/Apps/Amsterdam/vergunningcheck/apps/client/src/components/Nav.tsx": {"path":"/Users/svenjens/Apps/Amsterdam/vergunningcheck/apps/client/src/components/Nav.tsx","statementMap":{"0":{"start":{"line":19,"column":32},"end":{"line":55,"column":1}},"1":{"start":{"line":29,"column":2},"end":{"line":54,"column":4}}},"fnMap":{"0":{"name":"(anonymous_0)","decl":{"start":{"line":19,"column":32},"end":{"line":19,"column":33}},"loc":{"start":{"line":28,"column":6},"end":{"line":55,"column":1}},"line":28}},"branchMap":{"0":{"loc":{"start":{"line":21,"column":2},"end":{"line":21,"column":23}},"type":"default-arg","locations":[{"start":{"line":21,"column":13},"end":{"line":21,"column":23}}],"line":21},"1":{"loc":{"start":{"line":25,"column":2},"end":{"line":25,"column":21}},"type":"default-arg","locations":[{"start":{"line":25,"column":13},"end":{"line":25,"column":21}}],"line":25},"2":{"loc":{"start":{"line":31,"column":7},"end":{"line":42,"column":7}},"type":"binary-expr","locations":[{"start":{"line":31,"column":7},"end":{"line":31,"column":15}},{"start":{"line":32,"column":8},"end":{"line":41,"column":21}}],"line":31},"3":{"loc":{"start":{"line":43,"column":7},"end":{"line":52,"column":7}},"type":"binary-expr","locations":[{"start":{"line":43,"column":7},"end":{"line":43,"column":15}},{"start":{"line":44,"column":8},"end":{"line":51,"column":21}}],"line":43}},"s":{"0":3,"1":7},"f":{"0":7},"b":{"0":[2],"1":[6],"2":[7,6],"3":[7,6]},"_coverageSchema":"43e27e138ebf9cfc5966b082cf9a028302ed4184","hash":"c418ff509bd60da10368f80027f7af505e00ae76"}
,"/Users/svenjens/Apps/Amsterdam/vergunningcheck/apps/client/src/components/NavStyle.ts": {"path":"/Users/svenjens/Apps/Amsterdam/vergunningcheck/apps/client/src/components/NavStyle.ts","statementMap":{"0":{"start":{"line":6,"column":24},"end":{"line":24,"column":1}},"1":{"start":{"line":16,"column":4},"end":{"line":19,"column":5}},"2":{"start":{"line":26,"column":26},"end":{"line":28,"column":1}},"3":{"start":{"line":27,"column":30},"end":{"line":27,"column":54}},"4":{"start":{"line":34,"column":29},"end":{"line":37,"column":1}},"5":{"start":{"line":39,"column":24},"end":{"line":41,"column":1}}},"fnMap":{"0":{"name":"(anonymous_0)","decl":{"start":{"line":15,"column":4},"end":{"line":15,"column":5}},"loc":{"start":{"line":16,"column":4},"end":{"line":19,"column":5}},"line":16},"1":{"name":"(anonymous_1)","decl":{"start":{"line":27,"column":18},"end":{"line":27,"column":19}},"loc":{"start":{"line":27,"column":30},"end":{"line":27,"column":54}},"line":27}},"branchMap":{"0":{"loc":{"start":{"line":16,"column":4},"end":{"line":19,"column":5}},"type":"binary-expr","locations":[{"start":{"line":16,"column":4},"end":{"line":16,"column":24}},{"start":{"line":17,"column":4},"end":{"line":19,"column":5}}],"line":16},"1":{"loc":{"start":{"line":27,"column":30},"end":{"line":27,"column":54}},"type":"cond-expr","locations":[{"start":{"line":27,"column":47},"end":{"line":27,"column":49}},{"start":{"line":27,"column":52},"end":{"line":27,"column":54}}],"line":27}},"s":{"0":3,"1":7,"2":3,"3":6,"4":3,"5":3},"f":{"0":7,"1":6},"b":{"0":[7,3],"1":[6,0]},"_coverageSchema":"43e27e138ebf9cfc5966b082cf9a028302ed4184","hash":"b4b89e701ac02b6f94a683fb182b5092959371e5"}
,"/Users/svenjens/Apps/Amsterdam/vergunningcheck/apps/client/src/components/PhoneNumber.tsx": {"path":"/Users/svenjens/Apps/Amsterdam/vergunningcheck/apps/client/src/components/PhoneNumber.tsx","statementMap":{"0":{"start":{"line":8,"column":16},"end":{"line":10,"column":1}},"1":{"start":{"line":29,"column":2},"end":{"line":45,"column":12}}},"fnMap":{"0":{"name":"(anonymous_0)","decl":{"start":{"line":21,"column":15},"end":{"line":21,"column":16}},"loc":{"start":{"line":29,"column":2},"end":{"line":45,"column":12}},"line":29}},"branchMap":{"0":{"loc":{"start":{"line":22,"column":2},"end":{"line":22,"column":24}},"type":"default-arg","locations":[{"start":{"line":22,"column":19},"end":{"line":22,"column":24}}],"line":22},"1":{"loc":{"start":{"line":24,"column":2},"end":{"line":24,"column":20}},"type":"default-arg","locations":[{"start":{"line":24,"column":9},"end":{"line":24,"column":20}}],"line":24},"2":{"loc":{"start":{"line":25,"column":2},"end":{"line":25,"column":13}},"type":"default-arg","locations":[{"start":{"line":25,"column":9},"end":{"line":25,"column":13}}],"line":25},"3":{"loc":{"start":{"line":26,"column":2},"end":{"line":26,"column":17}},"type":"default-arg","locations":[{"start":{"line":26,"column":9},"end":{"line":26,"column":17}}],"line":26},"4":{"loc":{"start":{"line":27,"column":2},"end":{"line":27,"column":20}},"type":"default-arg","locations":[{"start":{"line":27,"column":12},"end":{"line":27,"column":20}}],"line":27},"5":{"loc":{"start":{"line":30,"column":5},"end":{"line":44,"column":5}},"type":"cond-expr","locations":[{"start":{"line":31,"column":6},"end":{"line":41,"column":13}},{"start":{"line":43,"column":6},"end":{"line":43,"column":10}}],"line":30}},"s":{"0":9,"1":26},"f":{"0":26},"b":{"0":[22],"1":[26],"2":[4],"3":[26],"4":[22],"5":[24,2]},"_coverageSchema":"43e27e138ebf9cfc5966b082cf9a028302ed4184","hash":"83e740d4cdee47f6e69f9709792693c1ee5db7fd"}
,"/Users/svenjens/Apps/Amsterdam/vergunningcheck/apps/client/src/components/PrintDetails.js": {"path":"/Users/svenjens/Apps/Amsterdam/vergunningcheck/apps/client/src/components/PrintDetails.js","statementMap":{"0":{"start":{"line":7,"column":13},"end":{"line":7,"column":23}},"1":{"start":{"line":8,"column":16},"end":{"line":14,"column":1}},"2":{"start":{"line":15,"column":24},"end":{"line":15,"column":65}},"3":{"start":{"line":18,"column":2},"end":{"line":24,"column":14}}},"fnMap":{"0":{"name":"(anonymous_0)","decl":{"start":{"line":17,"column":15},"end":{"line":17,"column":16}},"loc":{"start":{"line":18,"column":2},"end":{"line":24,"column":14}},"line":18}},"branchMap":{},"s":{"0":1,"1":1,"2":1,"3":1},"f":{"0":1},"b":{},"_coverageSchema":"43e27e138ebf9cfc5966b082cf9a028302ed4184","hash":"f03e5d5cf924c49c4fd0ba8f305043feb9fb66fd"}
,"/Users/svenjens/Apps/Amsterdam/vergunningcheck/apps/client/src/components/Question.js": {"path":"/Users/svenjens/Apps/Amsterdam/vergunningcheck/apps/client/src/components/Question.js","statementMap":{"0":{"start":{"line":17,"column":30},"end":{"line":28,"column":1}},"1":{"start":{"line":30,"column":17},"end":{"line":160,"column":1}},"2":{"start":{"line":55,"column":67},"end":{"line":55,"column":76}},"3":{"start":{"line":56,"column":22},"end":{"line":60,"column":5}},"4":{"start":{"line":56,"column":56},"end":{"line":60,"column":3}},"5":{"start":{"line":61,"column":18},"end":{"line":61,"column":74}},"6":{"start":{"line":63,"column":2},"end":{"line":92,"column":5}},"7":{"start":{"line":64,"column":4},"end":{"line":83,"column":5}},"8":{"start":{"line":65,"column":6},"end":{"line":70,"column":8}},"9":{"start":{"line":73,"column":6},"end":{"line":82,"column":7}},"10":{"start":{"line":74,"column":8},"end":{"line":81,"column":9}},"11":{"start":{"line":75,"column":10},"end":{"line":75,"column":46}},"12":{"start":{"line":77,"column":30},"end":{"line":79,"column":11}},"13":{"start":{"line":78,"column":19},"end":{"line":78,"column":44}},"14":{"start":{"line":80,"column":10},"end":{"line":80,"column":54}},"15":{"start":{"line":84,"column":4},"end":{"line":84,"column":40}},"16":{"start":{"line":84,"column":17},"end":{"line":84,"column":39}},"17":{"start":{"line":94,"column":23},"end":{"line":106,"column":3}},"18":{"start":{"line":96,"column":4},"end":{"line":99,"column":5}},"19":{"start":{"line":97,"column":6},"end":{"line":97,"column":38}},"20":{"start":{"line":98,"column":6},"end":{"line":98,"column":29}},"21":{"start":{"line":102,"column":4},"end":{"line":102,"column":31}},"22":{"start":{"line":105,"column":4},"end":{"line":105,"column":75}},"23":{"start":{"line":105,"column":35},"end":{"line":105,"column":75}},"24":{"start":{"line":108,"column":26},"end":{"line":113,"column":3}},"25":{"start":{"line":109,"column":4},"end":{"line":112,"column":7}},"26":{"start":{"line":115,"column":2},"end":{"line":159,"column":4}},"27":{"start":{"line":162,"column":0},"end":{"line":169,"column":2}},"28":{"start":{"line":171,"column":0},"end":{"line":191,"column":2}}},"fnMap":{"0":{"name":"(anonymous_0)","decl":{"start":{"line":30,"column":17},"end":{"line":30,"column":18}},"loc":{"start":{"line":54,"column":6},"end":{"line":160,"column":1}},"line":54},"1":{"name":"(anonymous_1)","decl":{"start":{"line":56,"column":43},"end":{"line":56,"column":44}},"loc":{"start":{"line":56,"column":56},"end":{"line":60,"column":3}},"line":56},"2":{"name":"(anonymous_2)","decl":{"start":{"line":63,"column":12},"end":{"line":63,"column":13}},"loc":{"start":{"line":63,"column":18},"end":{"line":85,"column":3}},"line":63},"3":{"name":"(anonymous_3)","decl":{"start":{"line":78,"column":12},"end":{"line":78,"column":13}},"loc":{"start":{"line":78,"column":19},"end":{"line":78,"column":44}},"line":78},"4":{"name":"(anonymous_4)","decl":{"start":{"line":84,"column":11},"end":{"line":84,"column":12}},"loc":{"start":{"line":84,"column":17},"end":{"line":84,"column":39}},"line":84},"5":{"name":"(anonymous_5)","decl":{"start":{"line":94,"column":23},"end":{"line":94,"column":24}},"loc":{"start":{"line":94,"column":30},"end":{"line":106,"column":3}},"line":94},"6":{"name":"(anonymous_6)","decl":{"start":{"line":108,"column":26},"end":{"line":108,"column":27}},"loc":{"start":{"line":108,"column":32},"end":{"line":113,"column":3}},"line":108}},"branchMap":{"0":{"loc":{"start":{"line":61,"column":18},"end":{"line":61,"column":74}},"type":"cond-expr","locations":[{"start":{"line":61,"column":46},"end":{"line":61,"column":57}},{"start":{"line":61,"column":60},"end":{"line":61,"column":74}}],"line":61},"1":{"loc":{"start":{"line":64,"column":4},"end":{"line":83,"column":5}},"type":"if","locations":[{"start":{"line":64,"column":4},"end":{"line":83,"column":5}},{"start":{"line":64,"column":4},"end":{"line":83,"column":5}}],"line":64},"2":{"loc":{"start":{"line":73,"column":6},"end":{"line":82,"column":7}},"type":"if","locations":[{"start":{"line":73,"column":6},"end":{"line":82,"column":7}},{"start":{"line":73,"column":6},"end":{"line":82,"column":7}}],"line":73},"3":{"loc":{"start":{"line":74,"column":8},"end":{"line":81,"column":9}},"type":"if","locations":[{"start":{"line":74,"column":8},"end":{"line":81,"column":9}},{"start":{"line":74,"column":8},"end":{"line":81,"column":9}}],"line":74},"4":{"loc":{"start":{"line":96,"column":4},"end":{"line":99,"column":5}},"type":"if","locations":[{"start":{"line":96,"column":4},"end":{"line":99,"column":5}},{"start":{"line":96,"column":4},"end":{"line":99,"column":5}}],"line":96},"5":{"loc":{"start":{"line":105,"column":4},"end":{"line":105,"column":75}},"type":"if","locations":[{"start":{"line":105,"column":4},"end":{"line":105,"column":75}},{"start":{"line":105,"column":4},"end":{"line":105,"column":75}}],"line":105},"6":{"loc":{"start":{"line":122,"column":7},"end":{"line":124,"column":7}},"type":"binary-expr","locations":[{"start":{"line":122,"column":7},"end":{"line":122,"column":18}},{"start":{"line":123,"column":8},"end":{"line":123,"column":80}}],"line":122},"7":{"loc":{"start":{"line":125,"column":7},"end":{"line":138,"column":7}},"type":"binary-expr","locations":[{"start":{"line":125,"column":7},"end":{"line":125,"column":22}},{"start":{"line":126,"column":8},"end":{"line":137,"column":27}}],"line":125},"8":{"loc":{"start":{"line":146,"column":7},"end":{"line":148,"column":7}},"type":"binary-expr","locations":[{"start":{"line":146,"column":7},"end":{"line":146,"column":26}},{"start":{"line":147,"column":8},"end":{"line":147,"column":61}}],"line":146},"9":{"loc":{"start":{"line":151,"column":18},"end":{"line":151,"column":77}},"type":"cond-expr","locations":[{"start":{"line":151,"column":42},"end":{"line":151,"column":58}},{"start":{"line":151,"column":61},"end":{"line":151,"column":77}}],"line":151}},"s":{"0":1,"1":1,"2":0,"3":0,"4":0,"5":0,"6":0,"7":0,"8":0,"9":0,"10":0,"11":0,"12":0,"13":0,"14":0,"15":0,"16":0,"17":0,"18":0,"19":0,"20":0,"21":0,"22":0,"23":0,"24":0,"25":0,"26":0,"27":1,"28":1},"f":{"0":0,"1":0,"2":0,"3":0,"4":0,"5":0,"6":0},"b":{"0":[0,0],"1":[0,0],"2":[0,0],"3":[0,0],"4":[0,0],"5":[0,0],"6":[0,0],"7":[0,0],"8":[0,0],"9":[0,0]},"_coverageSchema":"43e27e138ebf9cfc5966b082cf9a028302ed4184","hash":"8be84773c900bd3316a633dde902935dcaedafae"}
,"/Users/svenjens/Apps/Amsterdam/vergunningcheck/apps/client/src/components/QuestionAnswer.tsx": {"path":"/Users/svenjens/Apps/Amsterdam/vergunningcheck/apps/client/src/components/QuestionAnswer.tsx","statementMap":{"0":{"start":{"line":17,"column":4},"end":{"line":38,"column":1}},"1":{"start":{"line":24,"column":2},"end":{"line":37,"column":4}}},"fnMap":{"0":{"name":"(anonymous_0)","decl":{"start":{"line":17,"column":4},"end":{"line":17,"column":5}},"loc":{"start":{"line":23,"column":6},"end":{"line":38,"column":1}},"line":23}},"branchMap":{"0":{"loc":{"start":{"line":30,"column":7},"end":{"line":35,"column":7}},"type":"binary-expr","locations":[{"start":{"line":30,"column":7},"end":{"line":30,"column":26}},{"start":{"line":31,"column":8},"end":{"line":34,"column":10}}],"line":30}},"s":{"0":1,"1":1},"f":{"0":1},"b":{"0":[1,1]},"_coverageSchema":"43e27e138ebf9cfc5966b082cf9a028302ed4184","hash":"6f8fbc7e04045282b61b248bbbd200cdbf89b0d3"}
[...]
48,"column":10}}],"line":42},"3":{"loc":{"start":{"line":53,"column":4},"end":{"line":55,"column":5}},"type":"if","locations":[{"start":{"line":53,"column":4},"end":{"line":55,"column":5}},{"start":{"line":53,"column":4},"end":{"line":55,"column":5}}],"line":53},"4":{"loc":{"start":{"line":110,"column":16},"end":{"line":110,"column":38}},"type":"binary-expr","locations":[{"start":{"line":110,"column":16},"end":{"line":110,"column":25}},{"start":{"line":110,"column":29},"end":{"line":110,"column":38}}],"line":110},"5":{"loc":{"start":{"line":117,"column":12},"end":{"line":118,"column":72}},"type":"binary-expr","locations":[{"start":{"line":117,"column":12},"end":{"line":117,"column":21}},{"start":{"line":118,"column":12},"end":{"line":118,"column":72}}],"line":117},"6":{"loc":{"start":{"line":135,"column":12},"end":{"line":136,"column":88}},"type":"binary-expr","locations":[{"start":{"line":135,"column":12},"end":{"line":135,"column":21}},{"start":{"line":136,"column":12},"end":{"line":136,"column":88}}],"line":135},"7":{"loc":{"start":{"line":153,"column":19},"end":{"line":153,"column":66}},"type":"binary-expr","locations":[{"start":{"line":153,"column":19},"end":{"line":153,"column":28}},{"start":{"line":153,"column":32},"end":{"line":153,"column":66}}],"line":153},"8":{"loc":{"start":{"line":167,"column":19},"end":{"line":167,"column":73}},"type":"binary-expr","locations":[{"start":{"line":167,"column":19},"end":{"line":167,"column":28}},{"start":{"line":167,"column":32},"end":{"line":167,"column":73}}],"line":167},"9":{"loc":{"start":{"line":183,"column":12},"end":{"line":184,"column":128}},"type":"binary-expr","locations":[{"start":{"line":183,"column":12},"end":{"line":183,"column":21}},{"start":{"line":184,"column":12},"end":{"line":184,"column":128}}],"line":183},"10":{"loc":{"start":{"line":205,"column":11},"end":{"line":212,"column":11}},"type":"binary-expr","locations":[{"start":{"line":205,"column":11},"end":{"line":205,"column":21}},{"start":{"line":206,"column":12},"end":{"line":211,"column":15}}],"line":205}},"s":{"0":0,"1":0,"2":0,"3":0,"4":0,"5":0,"6":0,"7":0,"8":0,"9":0,"10":0,"11":0},"f":{"0":0,"1":0,"2":0,"3":0,"4":0,"5":0,"6":0},"b":{"0":[0],"1":[0],"2":[0,0],"3":[0,0],"4":[0,0],"5":[0,0],"6":[0,0],"7":[0,0],"8":[0,0],"9":[0,0],"10":[0,0]},"hash":"abcddbf61b832f36195bac5268800d6d3031e260"}
,"/Users/svenjens/Apps/Amsterdam/vergunningcheck/apps/client/src/utils/index.js": {"path":"/Users/svenjens/Apps/Amsterdam/vergunningcheck/apps/client/src/utils/index.js","statementMap":{"0":{"start":{"line":8,"column":31},"end":{"line":8,"column":76}},"1":{"start":{"line":8,"column":41},"end":{"line":8,"column":76}},"2":{"start":{"line":8,"column":60},"end":{"line":8,"column":75}},"3":{"start":{"line":11,"column":28},"end":{"line":12,"column":50}},"4":{"start":{"line":12,"column":2},"end":{"line":12,"column":50}},"5":{"start":{"line":15,"column":39},"end":{"line":16,"column":62}},"6":{"start":{"line":16,"column":2},"end":{"line":16,"column":62}},"7":{"start":{"line":16,"column":43},"end":{"line":16,"column":61}},"8":{"start":{"line":18,"column":32},"end":{"line":26,"column":1}},"9":{"start":{"line":19,"column":2},"end":{"line":21,"column":3}},"10":{"start":{"line":20,"column":4},"end":{"line":20,"column":17}},"11":{"start":{"line":22,"column":27},"end":{"line":24,"column":3}},"12":{"start":{"line":23,"column":13},"end":{"line":23,"column":65}},"13":{"start":{"line":25,"column":2},"end":{"line":25,"column":40}},"14":{"start":{"line":28,"column":24},"end":{"line":28,"column":72}},"15":{"start":{"line":28,"column":33},"end":{"line":28,"column":72}},"16":{"start":{"line":31,"column":28},"end":{"line":32,"column":31}},"17":{"start":{"line":32,"column":2},"end":{"line":32,"column":31}},"18":{"start":{"line":35,"column":40},"end":{"line":36,"column":72}},"19":{"start":{"line":36,"column":2},"end":{"line":36,"column":72}},"20":{"start":{"line":36,"column":48},"end":{"line":36,"column":71}},"21":{"start":{"line":39,"column":28},"end":{"line":40,"column":58}},"22":{"start":{"line":40,"column":2},"end":{"line":40,"column":58}},"23":{"start":{"line":42,"column":25},"end":{"line":42,"column":44}},"24":{"start":{"line":42,"column":34},"end":{"line":42,"column":44}},"25":{"start":{"line":46,"column":22},"end":{"line":67,"column":1}},"26":{"start":{"line":47,"column":2},"end":{"line":49,"column":3}},"27":{"start":{"line":48,"column":4},"end":{"line":48,"column":14}},"28":{"start":{"line":51,"column":13},"end":{"line":51,"column":78}},"29":{"start":{"line":51,"column":66},"end":{"line":51,"column":78}},"30":{"start":{"line":53,"column":24},"end":{"line":64,"column":13}},"31":{"start":{"line":54,"column":22},"end":{"line":54,"column":26}},"32":{"start":{"line":56,"column":18},"end":{"line":56,"column":26}},"33":{"start":{"line":58,"column":6},"end":{"line":60,"column":7}},"34":{"start":{"line":59,"column":8},"end":{"line":59,"column":19}},"35":{"start":{"line":62,"column":6},"end":{"line":62,"column":53}},"36":{"start":{"line":66,"column":2},"end":{"line":66,"column":28}},"37":{"start":{"line":77,"column":27},"end":{"line":82,"column":3}},"38":{"start":{"line":78,"column":2},"end":{"line":82,"column":3}},"39":{"start":{"line":91,"column":27},"end":{"line":92,"column":54}},"40":{"start":{"line":92,"column":2},"end":{"line":92,"column":54}}},"fnMap":{"0":{"name":"(anonymous_0)","decl":{"start":{"line":8,"column":31},"end":{"line":8,"column":32}},"loc":{"start":{"line":8,"column":41},"end":{"line":8,"column":76}},"line":8},"1":{"name":"(anonymous_1)","decl":{"start":{"line":8,"column":53},"end":{"line":8,"column":54}},"loc":{"start":{"line":8,"column":60},"end":{"line":8,"column":75}},"line":8},"2":{"name":"(anonymous_2)","decl":{"start":{"line":11,"column":28},"end":{"line":11,"column":29}},"loc":{"start":{"line":12,"column":2},"end":{"line":12,"column":50}},"line":12},"3":{"name":"(anonymous_3)","decl":{"start":{"line":15,"column":39},"end":{"line":15,"column":40}},"loc":{"start":{"line":16,"column":2},"end":{"line":16,"column":62}},"line":16},"4":{"name":"(anonymous_4)","decl":{"start":{"line":16,"column":34},"end":{"line":16,"column":35}},"loc":{"start":{"line":16,"column":43},"end":{"line":16,"column":61}},"line":16},"5":{"name":"(anonymous_5)","decl":{"start":{"line":18,"column":32},"end":{"line":18,"column":33}},"loc":{"start":{"line":18,"column":47},"end":{"line":26,"column":1}},"line":18},"6":{"name":"(anonymous_6)","decl":{"start":{"line":23,"column":4},"end":{"line":23,"column":5}},"loc":{"start":{"line":23,"column":13},"end":{"line":23,"column":65}},"line":23},"7":{"name":"(anonymous_7)","decl":{"start":{"line":28,"column":24},"end":{"line":28,"column":25}},"loc":{"start":{"line":28,"column":33},"end":{"line":28,"column":72}},"line":28},"8":{"name":"(anonymous_8)","decl":{"start":{"line":31,"column":28},"end":{"line":31,"column":29}},"loc":{"start":{"line":32,"column":2},"end":{"line":32,"column":31}},"line":32},"9":{"name":"(anonymous_9)","decl":{"start":{"line":35,"column":40},"end":{"line":35,"column":41}},"loc":{"start":{"line":36,"column":2},"end":{"line":36,"column":72}},"line":36},"10":{"name":"(anonymous_10)","decl":{"start":{"line":36,"column":28},"end":{"line":36,"column":29}},"loc":{"start":{"line":36,"column":48},"end":{"line":36,"column":71}},"line":36},"11":{"name":"(anonymous_11)","decl":{"start":{"line":39,"column":28},"end":{"line":39,"column":29}},"loc":{"start":{"line":40,"column":2},"end":{"line":40,"column":58}},"line":40},"12":{"name":"(anonymous_12)","decl":{"start":{"line":42,"column":25},"end":{"line":42,"column":26}},"loc":{"start":{"line":42,"column":34},"end":{"line":42,"column":44}},"line":42},"13":{"name":"(anonymous_13)","decl":{"start":{"line":46,"column":22},"end":{"line":46,"column":23}},"loc":{"start":{"line":46,"column":42},"end":{"line":67,"column":1}},"line":46},"14":{"name":"(anonymous_14)","decl":{"start":{"line":51,"column":59},"end":{"line":51,"column":60}},"loc":{"start":{"line":51,"column":66},"end":{"line":51,"column":78}},"line":51},"15":{"name":"(anonymous_15)","decl":{"start":{"line":54,"column":12},"end":{"line":54,"column":13}},"loc":{"start":{"line":54,"column":22},"end":{"line":54,"column":26}},"line":54},"16":{"name":"(anonymous_16)","decl":{"start":{"line":55,"column":12},"end":{"line":55,"column":13}},"loc":{"start":{"line":55,"column":27},"end":{"line":63,"column":5}},"line":55},"17":{"name":"(anonymous_17)","decl":{"start":{"line":77,"column":27},"end":{"line":77,"column":28}},"loc":{"start":{"line":78,"column":2},"end":{"line":82,"column":3}},"line":78},"18":{"name":"(anonymous_18)","decl":{"start":{"line":91,"column":27},"end":{"line":91,"column":28}},"loc":{"start":{"line":92,"column":2},"end":{"line":92,"column":54}},"line":92}},"branchMap":{"0":{"loc":{"start":{"line":12,"column":2},"end":{"line":12,"column":50}},"type":"binary-expr","locations":[{"start":{"line":12,"column":2},"end":{"line":12,"column":16}},{"start":{"line":12,"column":20},"end":{"line":12,"column":33}},{"start":{"line":12,"column":37},"end":{"line":12,"column":50}}],"line":12},"1":{"loc":{"start":{"line":16,"column":2},"end":{"line":16,"column":62}},"type":"binary-expr","locations":[{"start":{"line":16,"column":2},"end":{"line":16,"column":20}},{"start":{"line":16,"column":24},"end":{"line":16,"column":62}}],"line":16},"2":{"loc":{"start":{"line":19,"column":2},"end":{"line":21,"column":3}},"type":"if","locations":[{"start":{"line":19,"column":2},"end":{"line":21,"column":3}},{"start":{"line":19,"column":2},"end":{"line":21,"column":3}}],"line":19},"3":{"loc":{"start":{"line":19,"column":6},"end":{"line":19,"column":74}},"type":"binary-expr","locations":[{"start":{"line":19,"column":6},"end":{"line":19,"column":25}},{"start":{"line":19,"column":29},"end":{"line":19,"column":52}},{"start":{"line":19,"column":56},"end":{"line":19,"column":74}}],"line":19},"4":{"loc":{"start":{"line":23,"column":13},"end":{"line":23,"column":65}},"type":"binary-expr","locations":[{"start":{"line":23,"column":13},"end":{"line":23,"column":42}},{"start":{"line":23,"column":46},"end":{"line":23,"column":65}}],"line":23},"5":{"loc":{"start":{"line":28,"column":33},"end":{"line":28,"column":72}},"type":"binary-expr","locations":[{"start":{"line":28,"column":33},"end":{"line":28,"column":56}},{"start":{"line":28,"column":60},"end":{"line":28,"column":72}}],"line":28},"6":{"loc":{"start":{"line":36,"column":3},"end":{"line":36,"column":21}},"type":"binary-expr","locations":[{"start":{"line":36,"column":3},"end":{"line":36,"column":15}},{"start":{"line":36,"column":19},"end":{"line":36,"column":21}}],"line":36},"7":{"loc":{"start":{"line":40,"column":2},"end":{"line":40,"column":58}},"type":"cond-expr","locations":[{"start":{"line":40,"column":28},"end":{"line":40,"column":53}},{"start":{"line":40,"column":56},"end":{"line":40,"column":58}}],"line":40},"8":{"loc":{"start":{"line":47,"column":2},"end":{"line":49,"column":3}},"type":"if","locations":[{"start":{"line":47,"column":2},"end":{"line":49,"column":3}},{"start":{"line":47,"column":2},"end":{"line":49,"column":3}}],"line":47},"9":{"loc":{"start":{"line":51,"column":13},"end":{"line":51,"column":78}},"type":"cond-expr","locations":[{"start":{"line":51,"column":47},"end":{"line":51,"column":56}},{"start":{"line":51,"column":59},"end":{"line":51,"column":78}}],"line":51},"10":{"loc":{"start":{"line":58,"column":6},"end":{"line":60,"column":7}},"type":"if","locations":[{"start":{"line":58,"column":6},"end":{"line":60,"column":7}},{"start":{"line":58,"column":6},"end":{"line":60,"column":7}}],"line":58},"11":{"loc":{"start":{"line":62,"column":13},"end":{"line":62,"column":52}},"type":"cond-expr","locations":[{"start":{"line":62,"column":28},"end":{"line":62,"column":31}},{"start":{"line":62,"column":34},"end":{"line":62,"column":52}}],"line":62},"12":{"loc":{"start":{"line":77,"column":33},"end":{"line":77,"column":43}},"type":"default-arg","locations":[{"start":{"line":77,"column":42},"end":{"line":77,"column":43}}],"line":77},"13":{"loc":{"start":{"line":78,"column":2},"end":{"line":82,"column":3}},"type":"binary-expr","locations":[{"start":{"line":78,"column":2},"end":{"line":78,"column":5}},{"start":{"line":79,"column":2},"end":{"line":82,"column":3}}],"line":78},"14":{"loc":{"start":{"line":92,"column":2},"end":{"line":92,"column":54}},"type":"binary-expr","locations":[{"start":{"line":92,"column":2},"end":{"line":92,"column":5}},{"start":{"line":92,"column":9},"end":{"line":92,"column":54}}],"line":92}},"s":{"0":24,"1":103,"2":742,"3":24,"4":615,"5":24,"6":350,"7":486,"8":24,"9":127,"10":2,"11":125,"12":194,"13":125,"14":24,"15":1,"16":24,"17":73,"18":24,"19":20,"20":23,"21":24,"22":7,"23":24,"24":0,"25":24,"26":0,"27":0,"28":0,"29":0,"30":0,"31":0,"32":0,"33":0,"34":0,"35":0,"36":0,"37":24,"38":2,"39":24,"40":5},"f":{"0":103,"1":742,"2":615,"3":350,"4":486,"5":127,"6":194,"7":1,"8":73,"9":20,"10":23,"11":7,"12":0,"13":0,"14":0,"15":0,"16":0,"17":2,"18":5},"b":{"0":[615,337,136],"1":[350,345],"2":[2,125],"3":[127,127,126],"4":[194,22],"5":[1,1],"6":[20,0],"7":[7,0],"8":[0,0],"9":[0,0],"10":[0,0],"11":[0,0],"12":[1],"13":[2,2],"14":[5,5]},"_coverageSchema":"43e27e138ebf9cfc5966b082cf9a028302ed4184","hash":"b4b9f09febb6a6ada45507b86ca379ef2e9fe5e6"}
,"/Users/svenjens/Apps/Amsterdam/vergunningcheck/apps/client/src/utils/passPropsToChildren.ts": {"path":"/Users/svenjens/Apps/Amsterdam/vergunningcheck/apps/client/src/utils/passPropsToChildren.ts","statementMap":{"0":{"start":{"line":10,"column":28},"end":{"line":24,"column":1}},"1":{"start":{"line":14,"column":19},"end":{"line":21,"column":3}},"2":{"start":{"line":15,"column":4},"end":{"line":20,"column":5}},"3":{"start":{"line":23,"column":2},"end":{"line":23,"column":22}}},"fnMap":{"0":{"name":"(anonymous_0)","decl":{"start":{"line":10,"column":28},"end":{"line":10,"column":29}},"loc":{"start":{"line":13,"column":5},"end":{"line":24,"column":1}},"line":13},"1":{"name":"(anonymous_1)","decl":{"start":{"line":14,"column":46},"end":{"line":14,"column":47}},"loc":{"start":{"line":15,"column":4},"end":{"line":20,"column":5}},"line":15}},"branchMap":{"0":{"loc":{"start":{"line":17,"column":6},"end":{"line":19,"column":25}},"type":"cond-expr","locations":[{"start":{"line":18,"column":10},"end":{"line":18,"column":32}},{"start":{"line":19,"column":10},"end":{"line":19,"column":25}}],"line":17}},"s":{"0":1,"1":5,"2":15,"3":5},"f":{"0":5,"1":15},"b":{"0":[0,15]},"_coverageSchema":"43e27e138ebf9cfc5966b082cf9a028302ed4184","hash":"c061933a4c45772bab030f6b03b5d877b074a234"}
,"/Users/svenjens/Apps/Amsterdam/vergunningcheck/apps/client/src/utils/test-ids.js": {"path":"/Users/svenjens/Apps/Amsterdam/vergunningcheck/apps/client/src/utils/test-ids.js","statementMap":{"0":{"start":{"line":2,"column":27},"end":{"line":2,"column":40}},"1":{"start":{"line":3,"column":28},"end":{"line":3,"column":42}},"2":{"start":{"line":4,"column":27},"end":{"line":4,"column":40}},"3":{"start":{"line":5,"column":27},"end":{"line":5,"column":40}},"4":{"start":{"line":6,"column":28},"end":{"line":6,"column":42}},"5":{"start":{"line":7,"column":36},"end":{"line":7,"column":61}},"6":{"start":{"line":8,"column":30},"end":{"line":8,"column":49}},"7":{"start":{"line":9,"column":35},"end":{"line":9,"column":56}},"8":{"start":{"line":12,"column":22},"end":{"line":12,"column":30}},"9":{"start":{"line":15,"column":21},"end":{"line":15,"column":28}},"10":{"start":{"line":16,"column":36},"end":{"line":16,"column":58}},"11":{"start":{"line":17,"column":40},"end":{"line":17,"column":66}},"12":{"start":{"line":18,"column":37},"end":{"line":18,"column":60}},"13":{"start":{"line":19,"column":39},"end":{"line":19,"column":64}},"14":{"start":{"line":22,"column":30},"end":{"line":22,"column":46}},"15":{"start":{"line":23,"column":46},"end":{"line":23,"column":69}},"16":{"start":{"line":24,"column":45},"end":{"line":24,"column":67}},"17":{"start":{"line":25,"column":31},"end":{"line":25,"column":45}},"18":{"start":{"line":26,"column":37},"end":{"line":26,"column":51}},"19":{"start":{"line":27,"column":31},"end":{"line":27,"column":48}},"20":{"start":{"line":28,"column":31},"end":{"line":28,"column":48}},"21":{"start":{"line":31,"column":29},"end":{"line":31,"column":44}},"22":{"start":{"line":32,"column":32},"end":{"line":32,"column":50}},"23":{"start":{"line":35,"column":28},"end":{"line":35,"column":42}},"24":{"start":{"line":36,"column":27},"end":{"line":36,"column":40}},"25":{"start":{"line":37,"column":34},"end":{"line":37,"column":54}},"26":{"start":{"line":38,"column":32},"end":{"line":38,"column":50}},"27":{"start":{"line":39,"column":31},"end":{"line":39,"column":48}},"28":{"start":{"line":42,"column":21},"end":{"line":42,"column":28}},"29":{"start":{"line":43,"column":34},"end":{"line":43,"column":54}},"30":{"start":{"line":44,"column":36},"end":{"line":44,"column":58}},"31":{"start":{"line":45,"column":36},"end":{"line":45,"column":58}},"32":{"start":{"line":46,"column":33},"end":{"line":46,"column":52}},"33":{"start":{"line":49,"column":28},"end":{"line":49,"column":42}}},"fnMap":{},"branchMap":{},"s":{"0":26,"1":26,"2":26,"3":26,"4":26,"5":26,"6":26,"7":26,"8":26,"9":26,"10":26,"11":26,"12":26,"13":26,"14":26,"15":26,"16":26,"17":26,"18":26,"19":26,"20":26,"21":26,"22":26,"23":26,"24":26,"25":26,"26":26,"27":26,"28":26,"29":26,"30":26,"31":26,"32":26,"33":26},"f":{},"b":{},"_coverageSchema":"43e27e138ebf9cfc5966b082cf9a028302ed4184","hash":"85ecb7100728da6013c1823ea7590bb5094df2b4"}
,"/Users/svenjens/Apps/Amsterdam/vergunningcheck/apps/client/src/utils/test-utils.js": {"path":"/Users/svenjens/Apps/Amsterdam/vergunningcheck/apps/client/src/utils/test-utils.js","statementMap":{"0":{"start":{"line":12,"column":0},"end":{"line":12,"column":16}},"1":{"start":{"line":14,"column":24},"end":{"line":24,"column":1}},"2":{"start":{"line":15,"column":2},"end":{"line":23,"column":20}},"3":{"start":{"line":26,"column":29},"end":{"line":30,"column":4}},"4":{"start":{"line":27,"column":2},"end":{"line":30,"column":4}},"5":{"start":{"line":32,"column":21},"end":{"line":38,"column":1}},"6":{"start":{"line":34,"column":27},"end":{"line":36,"column":3}},"7":{"start":{"line":35,"column":4},"end":{"line":35,"column":63}},"8":{"start":{"line":37,"column":2},"end":{"line":37,"column":63}}},"fnMap":{"0":{"name":"(anonymous_0)","decl":{"start":{"line":14,"column":24},"end":{"line":14,"column":25}},"loc":{"start":{"line":15,"column":2},"end":{"line":23,"column":20}},"line":15},"1":{"name":"(anonymous_1)","decl":{"start":{"line":26,"column":29},"end":{"line":26,"column":30}},"loc":{"start":{"line":27,"column":2},"end":{"line":30,"column":4}},"line":27},"2":{"name":"(anonymous_2)","decl":{"start":{"line":32,"column":21},"end":{"line":32,"column":22}},"loc":{"start":{"line":32,"column":45},"end":{"line":38,"column":1}},"line":32},"3":{"name":"(anonymous_3)","decl":{"start":{"line":34,"column":27},"end":{"line":34,"column":28}},"loc":{"start":{"line":35,"column":4},"end":{"line":35,"column":63}},"line":35}},"branchMap":{"0":{"loc":{"start":{"line":16,"column":42},"end":{"line":16,"column":60}},"type":"cond-expr","locations":[{"start":{"line":16,"column":50},"end":{"line":16,"column":55}},{"start":{"line":16,"column":58},"end":{"line":16,"column":60}}],"line":16}},"s":{"0":29,"1":29,"2":71,"3":29,"4":71,"5":29,"6":71,"7":71,"8":71},"f":{"0":71,"1":71,"2":71,"3":71},"b":{"0":[2,69]},"_coverageSchema":"43e27e138ebf9cfc5966b082cf9a028302ed4184","hash":"a11d95b1dbd87f842f63bd35b95d47fec72bd013"}
,"/Users/svenjens/Apps/Amsterdam/vergunningcheck/apps/client/src/utils/themeUtils.ts": {"path":"/Users/svenjens/Apps/Amsterdam/vergunningcheck/apps/client/src/utils/themeUtils.ts","statementMap":{"0":{"start":{"line":3,"column":25},"end":{"line":11,"column":1}},"1":{"start":{"line":14,"column":30},"end":{"line":21,"column":1}}},"fnMap":{},"branchMap":{},"s":{"0":22,"1":22},"f":{},"b":{},"_coverageSchema":"43e27e138ebf9cfc5966b082cf9a028302ed4184","hash":"debb35f93d44160ecf451c6d4c0fbec9f3bf6c9e"}
}
