TN:
SF:/Users/svenjens/Apps/Amsterdam/vergunningcheck/apps/client/src/apolloClient.js
FNF:0
FNH:0
LF:0
LH:0
BRF:0
BRH:0
end_of_record
TN:
SF:/Users/svenjens/Apps/Amsterdam/vergunningcheck/apps/client/src/context.tsx
FN:36,(anonymous_0)
FN:53,SessionProvider
FN:58,(anonymous_2)
FNF:3
FNH:3
FNDA:1,(anonymous_0)
FNDA:72,SessionProvider
FNDA:72,(anonymous_2)
DA:23,29
DA:29,29
DA:30,29
DA:31,29
DA:34,29
DA:36,29
DA:40,1
DA:41,0
DA:44,1
DA:56,72
DA:58,72
DA:59,72
DA:64,72
LF:13
LH:12
BRDA:34,0,0,0
BRDA:34,0,1,29
BRDA:40,1,0,0
BRDA:40,1,1,1
BRF:4
BRH:2
end_of_record
TN:
SF:/Users/svenjens/Apps/Amsterdam/vergunningcheck/apps/client/src/index.js
FNF:0
FNH:0
DA:21,0
DA:24,0
DA:25,0
DA:28,0
DA:35,0
DA:37,0
DA:56,0
LF:7
LH:0
BRDA:24,0,0,0
BRDA:24,0,1,0
BRF:2
BRH:0
end_of_record
TN:
SF:/Users/svenjens/Apps/Amsterdam/vergunningcheck/apps/client/src/routes.js
FN:4,(anonymous_0)
FN:9,(anonymous_1)
FN:19,(anonymous_2)
FN:25,(anonymous_3)
FN:30,(anonymous_4)
FN:38,(anonymous_5)
FN:46,(anonymous_6)
FN:67,(anonymous_7)
FNF:8
FNH:3
FNDA:1,(anonymous_0)
FNDA:2,(anonymous_1)
FNDA:0,(anonymous_2)
FNDA:0,(anonymous_3)
FNDA:0,(anonymous_4)
FNDA:0,(anonymous_5)
FNDA:0,(anonymous_6)
FNDA:5,(anonymous_7)
DA:4,1
DA:5,1
DA:9,1
DA:10,2
DA:11,1
DA:13,1
DA:15,1
DA:19,0
DA:25,0
DA:31,0
DA:39,0
DA:46,0
DA:51,1
DA:66,1
DA:67,5
DA:69,1
LF:16
LH:11
BRDA:10,0,0,1
BRDA:10,0,1,1
BRDA:18,1,0,1
BRDA:18,1,1,1
BRF:4
BRH:4
end_of_record
TN:
SF:/Users/svenjens/Apps/Amsterdam/vergunningcheck/apps/client/src/serviceWorker.js
FN:23,register
FN:34,(anonymous_1)
FN:43,(anonymous_2)
FN:57,registerValidSW
FN:60,(anonymous_4)
FN:61,(anonymous_5)
FN:66,(anonymous_6)
FN:96,(anonymous_7)
FN:101,checkValidServiceWorker
FN:106,(anonymous_9)
FN:114,(anonymous_10)
FN:115,(anonymous_11)
FN:124,(anonymous_12)
FN:131,unregister
FN:133,(anonymous_14)
FNF:15
FNH:0
FNDA:0,register
FNDA:0,(anonymous_1)
FNDA:0,(anonymous_2)
FNDA:0,registerValidSW
FNDA:0,(anonymous_4)
FNDA:0,(anonymous_5)
FNDA:0,(anonymous_6)
FNDA:0,(anonymous_7)
FNDA:0,checkValidServiceWorker
FNDA:0,(anonymous_9)
FNDA:0,(anonymous_10)
FNDA:0,(anonymous_11)
FNDA:0,(anonymous_12)
FNDA:0,unregister
FNDA:0,(anonymous_14)
DA:13,0
DA:24,0
DA:26,0
DA:27,0
DA:31,0
DA:34,0
DA:35,0
DA:37,0
DA:39,0
DA:43,0
DA:44,0
DA:51,0
DA:58,0
DA:61,0
DA:62,0
DA:63,0
DA:64,0
DA:66,0
DA:67,0
DA:68,0
DA:72,0
DA:78,0
DA:79,0
DA:85,0
DA:88,0
DA:89,0
DA:97,0
DA:103,0
DA:108,0
DA:109,0
DA:114,0
DA:115,0
DA:116,0
DA:121,0
DA:125,0
DA:132,0
DA:133,0
DA:134,0
LF:38
LH:0
BRDA:14,0,0,0
BRDA:14,0,1,0
BRDA:14,0,2,0
BRDA:24,1,0,0
BRDA:24,1,1,0
BRDA:24,2,0,0
BRDA:24,2,1,0
BRDA:27,3,0,0
BRDA:27,3,1,0
BRDA:37,4,0,0
BRDA:37,4,1,0
BRDA:63,5,0,0
BRDA:63,5,1,0
BRDA:67,6,0,0
BRDA:67,6,1,0
BRDA:68,7,0,0
BRDA:68,7,1,0
BRDA:78,8,0,0
BRDA:78,8,1,0
BRDA:78,9,0,0
BRDA:78,9,1,0
BRDA:88,10,0,0
BRDA:88,10,1,0
BRDA:88,11,0,0
BRDA:88,11,1,0
BRDA:109,12,0,0
BRDA:109,12,1,0
BRDA:110,13,0,0
BRDA:110,13,1,0
BRDA:110,13,2,0
BRDA:132,14,0,0
BRDA:132,14,1,0
BRF:32
BRH:0
end_of_record
TN:
SF:/Users/svenjens/Apps/Amsterdam/vergunningcheck/apps/client/src/atoms/Alert.tsx
FNF:0
FNH:0
LF:0
LH:0
BRF:0
BRH:0
end_of_record
TN:
SF:/Users/svenjens/Apps/Amsterdam/vergunningcheck/apps/client/src/atoms/ComponentWrapper.ts
FN:9,(anonymous_0)
FNF:1
FNH:1
FNDA:42,(anonymous_0)
DA:10,42
LF:1
LH:1
BRDA:11,0,0,7
BRDA:11,0,1,35
BRF:2
BRH:2
end_of_record
TN:
SF:/Users/svenjens/Apps/Amsterdam/vergunningcheck/apps/client/src/atoms/EditButton.tsx
FN:19,(anonymous_0)
FNF:1
FNH:1
FNDA:13,(anonymous_0)
DA:7,22
DA:19,22
DA:20,13
LF:3
LH:3
BRDA:19,0,0,13
BRF:1
BRH:1
end_of_record
TN:
SF:/Users/svenjens/Apps/Amsterdam/vergunningcheck/apps/client/src/atoms/HideForPrint.js
FNF:0
FNH:0
LF:0
LH:0
BRF:0
BRH:0
end_of_record
TN:
SF:/Users/svenjens/Apps/Amsterdam/vergunningcheck/apps/client/src/atoms/Label.js
FNF:0
FNH:0
LF:0
LH:0
BRF:0
BRH:0
end_of_record
TN:
SF:/Users/svenjens/Apps/Amsterdam/vergunningcheck/apps/client/src/atoms/List.ts
FN:11,(anonymous_0)
FNF:1
FNH:1
FNDA:27,(anonymous_0)
DA:14,27
LF:1
LH:1
BRDA:14,0,0,27
BRDA:14,0,1,15
BRF:2
BRH:2
end_of_record
TN:
SF:/Users/svenjens/Apps/Amsterdam/vergunningcheck/apps/client/src/atoms/ListItem.js
FNF:0
FNH:0
LF:0
LH:0
BRF:0
BRH:0
end_of_record
TN:
SF:/Users/svenjens/Apps/Amsterdam/vergunningcheck/apps/client/src/atoms/OrderedList.js
FNF:0
FNH:0
LF:0
LH:0
BRF:0
BRH:0
end_of_record
TN:
SF:/Users/svenjens/Apps/Amsterdam/vergunningcheck/apps/client/src/atoms/PrevButton.tsx
FN:14,(anonymous_0)
FNF:1
FNH:1
FNDA:6,(anonymous_0)
DA:7,22
DA:14,22
DA:15,6
LF:3
LH:3
BRF:0
BRH:0
end_of_record
TN:
SF:/Users/svenjens/Apps/Amsterdam/vergunningcheck/apps/client/src/atoms/PrintButton.ts
FN:13,(anonymous_0)
FNF:1
FNH:1
FNDA:2,(anonymous_0)
DA:14,2
LF:1
LH:1
BRDA:15,0,0,2
BRDA:15,0,1,0
BRF:2
BRH:1
end_of_record
TN:
SF:/Users/svenjens/Apps/Amsterdam/vergunningcheck/apps/client/src/atoms/PrintOnly.tsx
FN:15,(anonymous_0)
FN:23,(anonymous_1)
FNF:2
FNH:2
FNDA:3,(anonymous_0)
FNDA:3,(anonymous_1)
DA:16,3
DA:24,3
LF:2
LH:2
BRDA:16,0,0,3
BRDA:16,0,1,1
BRDA:24,1,0,3
BRDA:24,1,1,1
BRF:4
BRH:4
end_of_record
TN:
SF:/Users/svenjens/Apps/Amsterdam/vergunningcheck/apps/client/src/atoms/ScrollAnchor.tsx
FNF:0
FNH:0
LF:0
LH:0
BRF:0
BRH:0
end_of_record
TN:
SF:/Users/svenjens/Apps/Amsterdam/vergunningcheck/apps/client/src/atoms/TextToEdit.tsx
FN:11,(anonymous_0)
FNF:1
FNH:1
FNDA:14,(anonymous_0)
DA:7,22
DA:11,22
DA:14,14
LF:3
LH:3
BRF:0
BRH:0
end_of_record
TN:
SF:/Users/svenjens/Apps/Amsterdam/vergunningcheck/apps/client/src/atoms/index.js
FNF:0
FNH:0
LF:0
LH:0
BRF:0
BRH:0
end_of_record
TN:
SF:/Users/svenjens/Apps/Amsterdam/vergunningcheck/apps/client/src/components/AddressLines.tsx
FN:15,(anonymous_0)
FNF:1
FNH:1
FNDA:12,(anonymous_0)
DA:23,12
LF:1
LH:1
BRDA:28,0,0,12
BRDA:28,0,1,11
BRF:2
BRH:2
end_of_record
TN:
SF:/Users/svenjens/Apps/Amsterdam/vergunningcheck/apps/client/src/components/Answers.tsx
FN:22,(anonymous_0)
FN:33,(anonymous_1)
FN:46,(anonymous_2)
FNF:3
FNH:3
FNDA:3,(anonymous_0)
FNDA:6,(anonymous_1)
FNDA:1,(anonymous_2)
DA:22,1
DA:30,3
DA:34,6
DA:35,6
DA:36,6
DA:46,1
LF:6
LH:6
BRDA:32,0,0,3
BRDA:32,0,1,3
BRDA:54,1,0,3
BRDA:54,1,1,3
BRF:4
BRH:4
end_of_record
TN:
SF:/Users/svenjens/Apps/Amsterdam/vergunningcheck/apps/client/src/components/AutoSuggestList.tsx
FN:48,(anonymous_0)
FN:58,(anonymous_1)
FN:67,(anonymous_2)
FN:74,(anonymous_3)
FN:108,(anonymous_4)
FN:113,(anonymous_5)
FN:114,(anonymous_6)
FNF:7
FNH:0
FNDA:0,(anonymous_0)
FNDA:0,(anonymous_1)
FNDA:0,(anonymous_2)
FNDA:0,(anonymous_3)
FNDA:0,(anonymous_4)
FNDA:0,(anonymous_5)
FNDA:0,(anonymous_6)
DA:18,1
DA:27,1
DA:39,1
DA:43,1
DA:48,1
DA:56,0
DA:58,0
DA:59,0
DA:61,0
DA:62,0
DA:66,0
DA:68,0
DA:73,0
DA:75,0
DA:78,0
DA:83,0
DA:86,0
DA:87,0
DA:90,0
DA:96,0
DA:97,0
DA:100,0
DA:109,0
DA:113,0
DA:114,0
DA:130,1
DA:136,1
LF:27
LH:7
BRDA:61,0,0,0
BRDA:61,0,1,0
BRDA:61,1,0,0
BRDA:61,1,1,0
BRDA:78,2,0,0
BRDA:78,2,1,0
BRDA:78,2,2,0
BRDA:78,2,3,0
BRDA:78,2,4,0
BRDA:78,2,5,0
BRDA:96,3,0,0
BRDA:96,3,1,0
BRF:12
BRH:0
end_of_record
TN:
SF:/Users/svenjens/Apps/Amsterdam/vergunningcheck/apps/client/src/components/Conclusion.tsx
FN:37,(anonymous_0)
FN:43,(anonymous_1)
FN:44,(anonymous_2)
FN:48,(anonymous_3)
FN:70,(anonymous_4)
FN:75,(anonymous_5)
FNF:6
FNH:0
FNDA:0,(anonymous_0)
FNDA:0,(anonymous_1)
FNDA:0,(anonymous_2)
FNDA:0,(anonymous_3)
FNDA:0,(anonymous_4)
FNDA:0,(anonymous_5)
DA:31,0
DA:37,0
DA:42,0
DA:43,0
DA:45,0
DA:46,0
DA:47,0
DA:48,0
DA:51,0
DA:53,0
DA:69,0
DA:70,0
DA:74,0
DA:75,0
DA:78,0
DA:90,0
DA:96,0
DA:101,0
DA:107,0
LF:19
LH:0
BRDA:51,0,0,0
BRDA:51,0,1,0
BRDA:56,1,0,0
BRDA:56,1,1,0
BRDA:62,2,0,0
BRDA:62,2,1,0
BRDA:101,3,0,0
BRDA:101,3,1,0
BRDA:103,4,0,0
BRDA:103,4,1,0
BRF:10
BRH:0
end_of_record
TN:
SF:/Users/svenjens/Apps/Amsterdam/vergunningcheck/apps/client/src/components/ConclusionAlert.tsx
FN:9,(anonymous_0)
FNF:1
FNH:1
FNDA:1,(anonymous_0)
DA:9,2
DA:10,1
LF:2
LH:2
BRDA:12,0,0,0
BRDA:12,0,1,1
BRF:2
BRH:1
end_of_record
TN:
SF:/Users/svenjens/Apps/Amsterdam/vergunningcheck/apps/client/src/components/ConclusionAlertStyles.ts
FNF:0
FNH:0
DA:6,2
LF:1
LH:1
BRF:0
BRH:0
end_of_record
TN:
SF:/Users/svenjens/Apps/Amsterdam/vergunningcheck/apps/client/src/components/ContactSentence.tsx
FN:11,(anonymous_0)
FNF:1
FNH:1
FNDA:22,(anonymous_0)
DA:16,22
LF:1
LH:1
BRDA:13,0,0,20
BRDA:14,1,0,5
BRF:2
BRH:2
end_of_record
TN:
SF:/Users/svenjens/Apps/Amsterdam/vergunningcheck/apps/client/src/components/DebugDecisionTable.js
FN:7,(anonymous_0)
FN:10,(anonymous_1)
FN:20,(anonymous_2)
FN:29,(anonymous_3)
FN:34,(anonymous_4)
FN:37,(anonymous_5)
FN:54,(anonymous_6)
FN:85,(anonymous_7)
FN:101,(anonymous_8)
FN:116,(anonymous_9)
FN:118,(anonymous_10)
FN:133,(anonymous_11)
FN:153,(anonymous_12)
FN:181,(anonymous_13)
FN:182,(anonymous_14)
FNF:15
FNH:0
FNDA:0,(anonymous_0)
FNDA:0,(anonymous_1)
FNDA:0,(anonymous_2)
FNDA:0,(anonymous_3)
FNDA:0,(anonymous_4)
FNDA:0,(anonymous_5)
FNDA:0,(anonymous_6)
FNDA:0,(anonymous_7)
FNDA:0,(anonymous_8)
FNDA:0,(anonymous_9)
FNDA:0,(anonymous_10)
FNDA:0,(anonymous_11)
FNDA:0,(anonymous_12)
FNDA:0,(anonymous_13)
FNDA:0,(anonymous_14)
DA:7,0
DA:8,0
DA:10,0
DA:11,0
DA:21,0
DA:22,0
DA:23,0
DA:25,0
DA:26,0
DA:28,0
DA:29,0
DA:31,0
DA:34,0
DA:38,0
DA:55,0
DA:86,0
DA:102,0
DA:103,0
DA:104,0
DA:105,0
DA:107,0
DA:116,0
DA:119,0
DA:120,0
DA:121,0
DA:122,0
DA:123,0
DA:134,0
DA:154,0
DA:182,0
LF:30
LH:0
BRDA:8,0,0,0
BRDA:8,0,1,0
BRDA:12,1,0,0
BRDA:12,1,1,0
BRDA:15,2,0,0
BRDA:15,2,1,0
BRDA:25,3,0,0
BRDA:25,3,1,0
BRDA:25,4,0,0
BRDA:25,4,1,0
BRDA:34,5,0,0
BRDA:34,5,1,0
BRDA:59,6,0,0
BRDA:59,6,1,0
BRDA:126,7,0,0
BRDA:126,7,1,0
BRDA:127,8,0,0
BRDA:127,8,1,0
BRDA:138,9,0,0
BRDA:138,9,1,0
BRDA:159,10,0,0
BRDA:159,10,1,0
BRDA:179,11,0,0
BRDA:179,11,1,0
BRF:24
BRH:0
end_of_record
TN:
SF:/Users/svenjens/Apps/Amsterdam/vergunningcheck/apps/client/src/components/Disclaimer.tsx
FN:7,(anonymous_0)
FNF:1
FNH:1
FNDA:1,(anonymous_0)
DA:7,1
DA:8,1
LF:2
LH:2
BRF:0
BRH:0
end_of_record
TN:
SF:/Users/svenjens/Apps/Amsterdam/vergunningcheck/apps/client/src/components/Error.tsx
FN:5,(anonymous_0)
FNF:1
FNH:0
FNDA:0,(anonymous_0)
DA:5,1
DA:6,0
LF:2
LH:1
BRDA:9,0,0,0
BRDA:9,0,1,0
BRDA:15,1,0,0
BRDA:15,1,1,0
BRDA:15,1,2,0
BRF:5
BRH:0
end_of_record
TN:
SF:/Users/svenjens/Apps/Amsterdam/vergunningcheck/apps/client/src/components/Form.tsx
FN:10,(anonymous_0)
FN:18,(anonymous_1)
FNF:2
FNH:2
FNDA:9,(anonymous_0)
FNDA:4,(anonymous_1)
DA:10,4
DA:16,9
DA:19,4
DA:20,4
DA:21,3
LF:5
LH:5
BRDA:20,0,0,3
BRDA:20,0,1,1
BRF:2
BRH:2
end_of_record
TN:
SF:/Users/svenjens/Apps/Amsterdam/vergunningcheck/apps/client/src/components/FormStyles.ts
FNF:0
FNH:0
DA:3,4
LF:1
LH:1
BRF:0
BRH:0
end_of_record
TN:
SF:/Users/svenjens/Apps/Amsterdam/vergunningcheck/apps/client/src/components/Header.js
FN:12,(anonymous_0)
FN:13,(anonymous_1)
FN:25,(anonymous_2)
FN:27,(anonymous_3)
FNF:4
FNH:2
FNDA:1,(anonymous_0)
FNDA:0,(anonymous_1)
FNDA:1,(anonymous_2)
FNDA:0,(anonymous_3)
DA:12,2
DA:13,1
DA:14,0
DA:18,0
DA:21,1
DA:26,1
DA:28,0
LF:7
LH:4
BRDA:29,0,0,0
BRDA:29,0,1,0
BRF:2
BRH:0
end_of_record
TN:
SF:/Users/svenjens/Apps/Amsterdam/vergunningcheck/apps/client/src/components/HeaderStyles.ts
FNF:0
FNH:0
DA:7,2
DA:26,2
DA:42,2
DA:51,2
LF:4
LH:4
BRF:0
BRH:0
end_of_record
TN:
SF:/Users/svenjens/Apps/Amsterdam/vergunningcheck/apps/client/src/components/HiddenDebugInfo.js
FN:5,(anonymous_0)
FNF:1
FNH:1
FNDA:2,(anonymous_0)
DA:6,2
LF:1
LH:1
BRF:0
BRH:0
end_of_record
TN:
SF:/Users/svenjens/Apps/Amsterdam/vergunningcheck/apps/client/src/components/HiddenDebugInfoStyles.js
FNF:0
FNH:0
DA:3,2
DA:13,2
LF:2
LH:2
BRF:0
BRH:0
end_of_record
TN:
SF:/Users/svenjens/Apps/Amsterdam/vergunningcheck/apps/client/src/components/Link.js
FN:8,(anonymous_0)
FN:16,(anonymous_1)
FNF:2
FNH:1
FNDA:69,(anonymous_0)
FNDA:0,(anonymous_1)
DA:8,11
DA:16,69
DA:17,0
DA:18,0
DA:25,69
DA:32,11
LF:6
LH:4
BRDA:17,0,0,0
BRDA:17,0,1,0
BRDA:19,1,0,0
BRDA:19,1,1,0
BRDA:26,2,0,69
BRDA:26,2,1,69
BRF:6
BRH:2
end_of_record
TN:
SF:/Users/svenjens/Apps/Amsterdam/vergunningcheck/apps/client/src/components/ListInsideOrderedList.js
FNF:0
FNH:0
LF:0
LH:0
BRF:0
BRH:0
end_of_record
TN:
SF:/Users/svenjens/Apps/Amsterdam/vergunningcheck/apps/client/src/components/Loading.js
FN:5,(anonymous_0)
FNF:1
FNH:0
FNDA:0,(anonymous_0)
DA:5,0
LF:1
LH:0
BRF:0
BRH:0
end_of_record
TN:
SF:/Users/svenjens/Apps/Amsterdam/vergunningcheck/apps/client/src/components/Modal.tsx
FN:36,(anonymous_0)
FN:51,(anonymous_1)
FN:77,(anonymous_2)
FN:88,(anonymous_3)
FN:112,(anonymous_4)
FN:124,(anonymous_5)
FNF:6
FNH:5
FNDA:19,(anonymous_0)
FNDA:6,(anonymous_1)
FNDA:0,(anonymous_2)
FNDA:1,(anonymous_3)
FNDA:2,(anonymous_4)
FNDA:1,(anonymous_5)
DA:36,7
DA:49,19
DA:51,19
DA:52,6
DA:54,6
DA:55,6
DA:59,19
DA:78,0
DA:89,1
DA:90,1
DA:113,2
DA:114,2
DA:124,1
LF:13
LH:12
BRDA:38,0,0,6
BRDA:39,1,0,11
BRDA:40,2,0,14
BRDA:46,3,0,19
BRDA:54,4,0,6
BRDA:54,4,1,0
BRDA:61,5,0,5
BRDA:61,5,1,14
BRDA:109,6,0,19
BRDA:109,6,1,13
BRDA:113,7,0,2
BRDA:113,7,1,2
BRDA:114,8,0,2
BRDA:114,8,1,0
BRDA:121,9,0,19
BRDA:121,9,1,19
BRF:16
BRH:14
end_of_record
TN:
SF:/Users/svenjens/Apps/Amsterdam/vergunningcheck/apps/client/src/components/ModalStyles.tsx
FNF:0
FNH:0
DA:4,7
DA:8,7
DA:15,7
DA:19,7
DA:23,7
DA:27,7
LF:6
LH:6
BRF:0
BRH:0
end_of_record
TN:
SF:/Users/svenjens/Apps/Amsterdam/vergunningcheck/apps/client/src/components/Nav.tsx
FN:19,(anonymous_0)
FNF:1
FNH:1
FNDA:7,(anonymous_0)
DA:19,3
DA:29,7
LF:2
LH:2
BRDA:21,0,0,2
BRDA:25,1,0,6
BRDA:31,2,0,7
BRDA:31,2,1,6
BRDA:43,3,0,7
BRDA:43,3,1,6
BRF:6
BRH:6
end_of_record
TN:
SF:/Users/svenjens/Apps/Amsterdam/vergunningcheck/apps/client/src/components/NavStyle.ts
FN:15,(anonymous_0)
FN:27,(anonymous_1)
FNF:2
FNH:2
FNDA:7,(anonymous_0)
FNDA:6,(anonymous_1)
DA:6,3
DA:16,7
DA:26,3
DA:27,6
DA:34,3
DA:39,3
LF:6
LH:6
BRDA:16,0,0,7
BRDA:16,0,1,3
BRDA:27,1,0,6
BRDA:27,1,1,0
BRF:4
BRH:3
end_of_record
TN:
SF:/Users/svenjens/Apps/Amsterdam/vergunningcheck/apps/client/src/components/PhoneNumber.tsx
FN:21,(anonymous_0)
FNF:1
FNH:1
FNDA:26,(anonymous_0)
DA:8,9
DA:29,26
LF:2
LH:2
BRDA:22,0,0,22
BRDA:24,1,0,26
BRDA:25,2,0,4
BRDA:26,3,0,26
BRDA:27,4,0,22
BRDA:30,5,0,24
BRDA:30,5,1,2
BRF:7
BRH:7
end_of_record
TN:
SF:/Users/svenjens/Apps/Amsterdam/vergunningcheck/apps/client/src/components/PrintDetails.js
FN:17,(anonymous_0)
FNF:1
FNH:1
FNDA:1,(anonymous_0)
DA:7,1
DA:8,1
DA:15,1
DA:18,1
LF:4
LH:4
BRF:0
BRH:0
end_of_record
TN:
SF:/Users/svenjens/Apps/Amsterdam/vergunningcheck/apps/client/src/components/Question.js
FN:30,(anonymous_0)
FN:56,(anonymous_1)
FN:63,(anonymous_2)
FN:78,(anonymous_3)
FN:84,(anonymous_4)
FN:94,(anonymous_5)
FN:108,(anonymous_6)
FNF:7
FNH:0
FNDA:0,(anonymous_0)
FNDA:0,(anonymous_1)
FNDA:0,(anonymous_2)
FNDA:0,(anonymous_3)
FNDA:0,(anonymous_4)
FNDA:0,(anonymous_5)
FNDA:0,(anonymous_6)
DA:17,1
DA:30,1
DA:55,0
DA:56,0
DA:61,0
DA:63,0
DA:64,0
DA:65,0
DA:73,0
DA:74,0
DA:75,0
DA:77,0
DA:78,0
DA:80,0
DA:84,0
DA:94,0
DA:96,0
DA:97,0
DA:98,0
DA:102,0
DA:105,0
DA:108,0
DA:109,0
DA:115,0
DA:162,1
DA:171,1
LF:26
LH:4
BRDA:61,0,0,0
BRDA:61,0,1,0
BRDA:64,1,0,0
BRDA:64,1,1,0
BRDA:73,2,0,0
BRDA:73,2,1,0
BRDA:74,3,0,0
BRDA:74,3,1,0
BRDA:96,4,0,0
BRDA:96,4,1,0
BRDA:105,5,0,0
BRDA:105,5,1,0
BRDA:122,6,0,0
BRDA:122,6,1,0
BRDA:125,7,0,0
BRDA:125,7,1,0
BRDA:146,8,0,0
BRDA:146,8,1,0
BRDA:151,9,0,0
BRDA:151,9,1,0
BRF:20
BRH:0
end_of_record
TN:
SF:/Users/svenjens/Apps/Amsterdam/vergunningcheck/apps/client/src/components/QuestionAnswer.tsx
FN:17,(anonymous_0)
FNF:1
FNH:1
FNDA:1,(anonymous_0)
DA:17,1
DA:24,1
LF:2
LH:2
BRDA:30,0,0,1
BRDA:30,0,1,1
BRF:2
BRH:2
end_of_record
TN:
SF:/Users/svenjens/Apps/Amsterdam/vergunningcheck/apps/client/src/components/Questions.js
FN:18,(anonymous_0)
FN:34,(anonymous_1)
FN:42,(anonymous_2)
FN:53,(anonymous_3)
FN:81,(anonymous_4)
FN:93,(anonymous_5)
FN:106,(anonymous_6)
FN:109,(anonymous_7)
FN:113,(anonymous_8)
FN:124,(anonymous_9)
FN:127,(anonymous_10)
FN:133,(anonymous_11)
FN:147,(anonymous_12)
FN:151,(anonymous_13)
FN:170,(anonymous_14)
FN:186,(anonymous_15)
FN:193,(anonymous_16)
FN:204,(anonymous_17)
FN:220,(anonymous_18)
FN:262,(anonymous_19)
FN:327,(anonymous_20)
FN:335,(anonymous_21)
FN:339,(anonymous_22)
FN:365,(anonymous_23)
FNF:24
FNH:0
FNDA:0,(anonymous_0)
FNDA:0,(anonymous_1)
FNDA:0,(anonymous_2)
FNDA:0,(anonymous_3)
FNDA:0,(anonymous_4)
FNDA:0,(anonymous_5)
FNDA:0,(anonymous_6)
FNDA:0,(anonymous_7)
FNDA:0,(anonymous_8)
FNDA:0,(anonymous_9)
FNDA:0,(anonymous_10)
FNDA:0,(anonymous_11)
FNDA:0,(anonymous_12)
FNDA:0,(anonymous_13)
FNDA:0,(anonymous_14)
FNDA:0,(anonymous_15)
FNDA:0,(anonymous_16)
FNDA:0,(anonymous_17)
FNDA:0,(anonymous_18)
FNDA:0,(anonymous_19)
FNDA:0,(anonymous_20)
FNDA:0,(anonymous_21)
FNDA:0,(anonymous_22)
FNDA:0,(anonymous_23)
DA:18,0
DA:28,0
DA:29,0
DA:30,0
DA:31,0
DA:32,0
DA:34,0
DA:35,0
DA:36,0
DA:37,0
DA:42,0
DA:43,0
DA:53,0
DA:54,0
DA:56,0
DA:58,0
DA:61,0
DA:63,0
DA:65,0
DA:66,0
DA:68,0
DA:70,0
DA:74,0
DA:76,0
DA:81,0
DA:83,0
DA:84,0
DA:87,0
DA:88,0
DA:92,0
DA:96,0
DA:97,0
DA:98,0
DA:100,0
DA:106,0
DA:108,0
DA:109,0
DA:110,0
DA:113,0
DA:114,0
DA:115,0
DA:116,0
DA:117,0
DA:122,0
DA:124,0
DA:127,0
DA:128,0
DA:130,0
DA:133,0
DA:134,0
DA:137,0
DA:140,0
DA:141,0
DA:147,0
DA:150,0
DA:151,0
DA:152,0
DA:154,0
DA:162,0
DA:168,0
DA:170,0
DA:172,0
DA:173,0
DA:180,0
DA:184,0
DA:185,0
DA:187,0
DA:188,0
DA:192,0
DA:193,0
DA:194,0
DA:195,0
DA:196,0
DA:202,0
DA:204,0
DA:206,0
DA:207,0
DA:210,0
DA:214,0
DA:215,0
DA:216,0
DA:219,0
DA:220,0
DA:221,0
DA:222,0
DA:226,0
DA:229,0
DA:231,0
DA:239,0
DA:240,0
DA:244,0
DA:247,0
DA:255,0
DA:256,0
DA:260,0
DA:266,0
DA:271,0
DA:275,0
DA:279,0
DA:282,0
DA:283,0
DA:289,0
DA:290,0
DA:294,0
DA:296,0
DA:327,0
DA:339,0
DA:340,0
DA:343,0
DA:344,0
DA:348,0
DA:351,0
DA:354,0
DA:356,0
DA:365,0
LF:115
LH:0
BRDA:56,0,0,0
BRDA:56,0,1,0
BRDA:61,1,0,0
BRDA:61,1,1,0
BRDA:65,2,0,0
BRDA:65,2,1,0
BRDA:83,3,0,0
BRDA:83,3,1,0
BRDA:83,4,0,0
BRDA:83,4,1,0
BRDA:108,5,0,0
BRDA:108,5,1,0
BRDA:110,6,0,0
BRDA:110,6,1,0
BRDA:114,7,0,0
BRDA:114,7,1,0
BRDA:116,8,0,0
BRDA:116,8,1,0
BRDA:128,9,0,0
BRDA:128,9,1,0
BRDA:137,10,0,0
BRDA:137,10,1,0
BRDA:140,11,0,0
BRDA:140,11,1,0
BRDA:140,12,0,0
BRDA:140,12,1,0
BRDA:150,13,0,0
BRDA:150,13,1,0
BRDA:152,14,0,0
BRDA:152,14,1,0
BRDA:172,15,0,0
BRDA:172,15,1,0
BRDA:174,16,0,0
BRDA:174,16,1,0
BRDA:185,17,0,0
BRDA:185,17,1,0
BRDA:188,18,0,0
BRDA:188,18,1,0
BRDA:189,19,0,0
BRDA:189,19,1,0
BRDA:206,20,0,0
BRDA:206,20,1,0
BRDA:214,21,0,0
BRDA:214,21,1,0
BRDA:214,22,0,0
BRDA:214,22,1,0
BRDA:219,23,0,0
BRDA:219,23,1,0
BRDA:219,24,0,0
BRDA:219,24,1,0
BRDA:239,25,0,0
BRDA:239,25,1,0
BRDA:255,26,0,0
BRDA:255,26,1,0
BRDA:266,27,0,0
BRDA:266,27,1,0
BRDA:267,28,0,0
BRDA:267,28,1,0
BRDA:267,28,2,0
BRDA:279,29,0,0
BRDA:279,29,1,0
BRDA:282,30,0,0
BRDA:282,30,1,0
BRDA:282,31,0,0
BRDA:282,31,1,0
BRDA:289,32,0,0
BRDA:289,32,1,0
BRDA:289,33,0,0
BRDA:289,33,1,0
BRDA:304,34,0,0
BRDA:304,34,1,0
BRDA:306,35,0,0
BRDA:306,35,1,0
BRDA:339,36,0,0
BRDA:339,36,1,0
BRDA:340,37,0,0
BRDA:340,37,1,0
BRDA:343,38,0,0
BRDA:343,38,1,0
BRDA:343,39,0,0
BRDA:343,39,1,0
BRDA:354,40,0,0
BRDA:354,40,1,0
BRF:83
BRH:0
end_of_record
TN:
SF:/Users/svenjens/Apps/Amsterdam/vergunningcheck/apps/client/src/components/RegisterLookupSummary.tsx
FN:29,(anonymous_0)
FN:44,(anonymous_1)
FN:58,(anonymous_2)
FN:104,(anonymous_3)
FNF:4
FNH:4
FNDA:10,(anonymous_0)
FNDA:13,(anonymous_1)
FNDA:10,(anonymous_2)
FNDA:6,(anonymous_3)
DA:29,3
DA:36,10
DA:37,10
DA:40,10
DA:41,10
DA:42,10
DA:43,10
DA:44,13
DA:47,10
DA:48,8
DA:50,10
DA:51,7
DA:54,10
DA:59,10
DA:105,6
LF:15
LH:15
BRDA:37,0,0,5
BRDA:37,0,1,5
BRDA:47,1,0,8
BRDA:47,1,1,2
BRDA:50,2,0,7
BRDA:50,2,1,3
BRDA:55,3,0,10
BRDA:55,3,1,4
BRDA:59,4,0,10
BRDA:59,4,1,9
BRDA:63,5,0,8
BRDA:63,5,1,2
BRDA:63,6,0,10
BRDA:63,6,1,2
BRDA:65,7,0,10
BRDA:65,7,1,1
BRDA:65,7,2,0
BRDA:65,7,3,1
BRDA:70,8,0,10
BRDA:70,8,1,2
BRDA:70,8,2,9
BRDA:72,9,0,8
BRDA:72,9,1,1
BRDA:77,10,0,10
BRDA:77,10,1,3
BRDA:77,10,2,8
BRDA:80,11,0,2
BRDA:80,11,1,6
BRDA:82,12,0,7
BRDA:82,12,1,1
BRDA:87,13,0,10
BRDA:87,13,1,6
BRDA:87,13,2,6
BRDA:92,14,0,0
BRDA:92,14,1,6
BRF:35
BRH:33
end_of_record
TN:
SF:/Users/svenjens/Apps/Amsterdam/vergunningcheck/apps/client/src/components/Router.js
FN:8,(anonymous_0)
FN:14,(anonymous_1)
FN:18,(anonymous_2)
FN:19,(anonymous_3)
FNF:4
FNH:0
FNDA:0,(anonymous_0)
FNDA:0,(anonymous_1)
FNDA:0,(anonymous_2)
FNDA:0,(anonymous_3)
DA:8,0
DA:9,0
DA:15,0
DA:18,0
DA:20,0
LF:5
LH:0
BRF:0
BRH:0
end_of_record
TN:
SF:/Users/svenjens/Apps/Amsterdam/vergunningcheck/apps/client/src/components/ScrollToTop.js
FN:6,(anonymous_0)
FN:9,(anonymous_1)
FNF:2
FNH:0
FNDA:0,(anonymous_0)
FNDA:0,(anonymous_1)
DA:7,0
DA:9,0
DA:10,0
DA:13,0
LF:4
LH:0
BRF:0
BRH:0
end_of_record
TN:
SF:/Users/svenjens/Apps/Amsterdam/vergunningcheck/apps/client/src/components/Visual.js
FN:6,(anonymous_0)
FN:10,(anonymous_1)
FN:23,(anonymous_2)
FNF:3
FNH:0
FNDA:0,(anonymous_0)
FNDA:0,(anonymous_1)
FNDA:0,(anonymous_2)
DA:7,0
DA:8,0
DA:10,0
DA:11,0
DA:12,0
DA:13,0
DA:16,0
DA:23,0
LF:8
LH:0
BRDA:26,0,0,0
BRDA:26,0,1,0
BRF:2
BRH:0
end_of_record
TN:
SF:/Users/svenjens/Apps/Amsterdam/vergunningcheck/apps/client/src/components/VisualStyles.js
FN:31,(anonymous_0)
FN:43,(anonymous_1)
FN:60,(anonymous_2)
FN:65,(anonymous_3)
FNF:4
FNH:0
FNDA:0,(anonymous_0)
FNDA:0,(anonymous_1)
FNDA:0,(anonymous_2)
FNDA:0,(anonymous_3)
DA:10,1
DA:15,1
DA:32,0
DA:44,0
DA:51,1
DA:61,0
DA:66,0
LF:7
LH:3
BRDA:32,0,0,0
BRDA:32,0,1,0
BRDA:44,1,0,0
BRDA:44,1,1,0
BRDA:61,2,0,0
BRDA:61,2,1,0
BRDA:66,3,0,0
BRDA:66,3,1,0
BRF:8
BRH:0
end_of_record
TN:
SF:/Users/svenjens/Apps/Amsterdam/vergunningcheck/apps/client/src/components/Conclusion/ConclusionOutcome.tsx
FN:28,(anonymous_0)
FN:33,(anonymous_1)
FN:41,(anonymous_2)
FNF:3
FNH:2
FNDA:2,(anonymous_0)
FNDA:2,(anonymous_1)
FNDA:0,(anonymous_2)
DA:11,1
DA:28,1
DA:32,2
DA:33,2
DA:34,2
DA:41,2
DA:42,0
DA:46,0
DA:49,2
LF:9
LH:7
BRDA:51,0,0,0
BRDA:51,0,1,2
BRDA:62,1,0,2
BRDA:62,1,1,2
BRDA:62,1,2,2
BRDA:74,2,0,2
BRDA:74,2,1,0
BRF:7
BRH:5
end_of_record
TN:
SF:/Users/svenjens/Apps/Amsterdam/vergunningcheck/apps/client/src/components/Conclusion/NeedPermitContent.tsx
FN:10,(anonymous_0)
FN:13,(anonymous_1)
FNF:2
FNH:2
FNDA:1,(anonymous_0)
FNDA:1,(anonymous_1)
DA:10,1
DA:13,1
DA:14,1
DA:19,1
DA:22,1
LF:5
LH:5
BRF:0
BRH:0
end_of_record
TN:
SF:/Users/svenjens/Apps/Amsterdam/vergunningcheck/apps/client/src/components/Conclusion/NeedPermitFooter.tsx
FN:8,(anonymous_0)
FNF:1
FNH:1
FNDA:1,(anonymous_0)
DA:8,1
DA:9,1
LF:2
LH:2
BRF:0
BRH:0
end_of_record
TN:
SF:/Users/svenjens/Apps/Amsterdam/vergunningcheck/apps/client/src/components/Conclusion/NewCheckerModal.tsx
FN:15,(anonymous_0)
FN:26,(anonymous_1)
FN:35,(anonymous_2)
FN:93,(anonymous_3)
FN:102,(anonymous_4)
FN:117,(anonymous_5)
FN:118,(anonymous_6)
FN:119,(anonymous_7)
FN:125,(anonymous_8)
FNF:9
FNH:9
FNDA:6,(anonymous_0)
FNDA:2,(anonymous_1)
FNDA:2,(anonymous_2)
FNDA:1,(anonymous_3)
FNDA:1,(anonymous_4)
FNDA:54,(anonymous_5)
FNDA:24,(anonymous_6)
FNDA:30,(anonymous_7)
FNDA:1,(anonymous_8)
DA:15,2
DA:17,6
DA:20,6
DA:21,6
DA:22,6
DA:23,6
DA:24,6
DA:26,6
DA:27,2
DA:32,2
DA:35,6
DA:36,2
DA:39,2
DA:46,2
DA:47,2
DA:49,2
DA:50,1
DA:51,1
DA:54,1
DA:56,1
DA:68,1
DA:72,6
DA:93,1
DA:102,1
DA:117,54
DA:118,24
DA:120,30
DA:126,1
DA:127,1
LF:29
LH:29
BRDA:36,0,0,0
BRDA:36,0,1,2
BRDA:41,1,0,1
BRDA:41,1,1,1
BRDA:49,2,0,1
BRDA:49,2,1,1
BRDA:50,3,0,0
BRDA:50,3,1,1
BRDA:51,4,0,0
BRDA:51,4,1,1
BRDA:54,5,0,1
BRDA:54,5,1,0
BRDA:106,6,0,1
BRDA:106,6,1,5
BRF:14
BRH:10
end_of_record
TN:
SF:/Users/svenjens/Apps/Amsterdam/vergunningcheck/apps/client/src/components/Conclusion/NoPermitDescription.tsx
FN:7,(anonymous_0)
FNF:1
FNH:1
FNDA:1,(anonymous_0)
DA:7,1
DA:8,1
LF:2
LH:2
BRF:0
BRH:0
end_of_record
TN:
SF:/Users/svenjens/Apps/Amsterdam/vergunningcheck/apps/client/src/components/Conclusion/index.ts
FNF:0
FNH:0
LF:0
LH:0
BRF:0
BRH:0
end_of_record
TN:
SF:/Users/svenjens/Apps/Amsterdam/vergunningcheck/apps/client/src/components/Footer/Footer.js
FN:20,(anonymous_0)
FN:62,(anonymous_1)
FN:127,(anonymous_2)
FN:144,(anonymous_3)
FNF:4
FNH:4
FNDA:4,(anonymous_0)
FNDA:4,(anonymous_1)
FNDA:4,(anonymous_2)
FNDA:2,(anonymous_3)
DA:20,3
DA:21,4
DA:62,3
DA:63,4
DA:127,3
DA:128,4
DA:144,3
DA:145,2
LF:8
LH:8
BRF:0
BRH:0
end_of_record
TN:
SF:/Users/svenjens/Apps/Amsterdam/vergunningcheck/apps/client/src/components/Footer/FooterStyles.js
FNF:0
FNH:0
DA:4,3
LF:1
LH:1
BRF:0
BRH:0
end_of_record
TN:
SF:/Users/svenjens/Apps/Amsterdam/vergunningcheck/apps/client/src/components/Footer/index.js
FNF:0
FNH:0
LF:0
LH:0
BRF:0
BRH:0
end_of_record
TN:
SF:/Users/svenjens/Apps/Amsterdam/vergunningcheck/apps/client/src/components/Layouts/BaseLayout.tsx
FN:19,BaseLayout
FN:65,(anonymous_1)
FNF:2
FNH:1
FNDA:1,BaseLayout
FNDA:0,(anonymous_1)
DA:20,1
DA:21,1
DA:22,1
DA:24,1
DA:66,0
LF:5
LH:4
BRDA:22,0,0,1
BRDA:22,0,1,0
BRDA:43,1,0,1
BRDA:43,1,1,1
BRDA:56,2,0,1
BRDA:56,2,1,1
BRDA:63,3,0,1
BRDA:63,3,1,0
BRF:8
BRH:6
end_of_record
TN:
SF:/Users/svenjens/Apps/Amsterdam/vergunningcheck/apps/client/src/components/Layouts/BaseLayoutStyles.js
FNF:0
FNH:0
DA:4,2
DA:17,2
DA:43,2
LF:3
LH:3
BRF:0
BRH:0
end_of_record
TN:
SF:/Users/svenjens/Apps/Amsterdam/vergunningcheck/apps/client/src/components/Layouts/DefaultLayout.tsx
FN:13,DefaultLayout
FN:20,(anonymous_1)
FNF:2
FNH:2
FNDA:1,DefaultLayout
FNDA:1,(anonymous_1)
DA:18,1
DA:20,1
DA:21,1
DA:26,1
LF:4
LH:4
BRF:0
BRH:0
end_of_record
TN:
SF:/Users/svenjens/Apps/Amsterdam/vergunningcheck/apps/client/src/components/Location/ChangeAddressModal.tsx
FN:18,(anonymous_0)
FN:24,(anonymous_1)
FN:32,(anonymous_2)
FN:69,(anonymous_3)
FN:72,(anonymous_4)
FN:94,(anonymous_5)
FNF:6
FNH:5
FNDA:9,(anonymous_0)
FNDA:2,(anonymous_1)
FNDA:0,(anonymous_2)
FNDA:5,(anonymous_3)
FNDA:2,(anonymous_4)
FNDA:3,(anonymous_5)
DA:18,3
DA:20,9
DA:24,9
DA:26,2
DA:32,9
DA:41,0
DA:57,0
DA:60,9
DA:70,5
DA:73,2
DA:79,2
DA:95,3
DA:99,3
LF:13
LH:11
BRDA:62,0,0,3
BRDA:62,0,1,6
BRF:2
BRH:2
end_of_record
TN:
SF:/Users/svenjens/Apps/Amsterdam/vergunningcheck/apps/client/src/components/Location/LocationFinder.tsx
FN:22,(anonymous_0)
FN:50,(anonymous_1)
FN:68,(anonymous_2)
FN:110,(anonymous_3)
FN:124,(anonymous_4)
FN:131,(anonymous_5)
FN:142,(anonymous_6)
FN:146,(anonymous_7)
FN:174,(anonymous_8)
FN:181,(anonymous_9)
FN:208,(anonymous_10)
FN:211,(anonymous_11)
FN:226,(anonymous_12)
FN:227,(anonymous_13)
FNF:14
FNH:4
FNDA:4,(anonymous_0)
FNDA:8,(anonymous_1)
FNDA:0,(anonymous_2)
FNDA:4,(anonymous_3)
FNDA:0,(anonymous_4)
FNDA:0,(anonymous_5)
FNDA:0,(anonymous_6)
FNDA:0,(anonymous_7)
FNDA:0,(anonymous_8)
FNDA:0,(anonymous_9)
FNDA:0,(anonymous_10)
FNDA:3,(anonymous_11)
FNDA:0,(anonymous_12)
FNDA:0,(anonymous_13)
DA:17,1
DA:18,1
DA:20,1
DA:22,1
DA:31,4
DA:32,4
DA:33,4
DA:36,4
DA:39,4
DA:40,4
DA:42,4
DA:50,4
DA:51,8
DA:52,0
DA:53,0
DA:55,0
DA:56,0
DA:57,0
DA:63,4
DA:64,4
DA:67,4
DA:69,0
DA:72,0
DA:74,0
DA:75,0
DA:76,0
DA:79,0
DA:88,4
DA:94,4
DA:99,4
DA:107,4
DA:110,4
DA:111,4
DA:113,4
DA:114,1
DA:124,4
DA:126,0
DA:127,0
DA:131,4
DA:132,0
DA:133,0
DA:134,0
DA:136,0
DA:137,0
DA:138,0
DA:141,4
DA:142,0
DA:144,4
DA:146,4
DA:152,4
DA:154,4
DA:164,4
DA:174,4
DA:175,0
DA:178,4
DA:180,4
DA:182,0
DA:183,0
DA:184,0
DA:186,0
DA:188,0
DA:189,0
DA:190,0
DA:198,4
DA:209,0
DA:211,3
DA:226,0
DA:227,0
LF:68
LH:37
BRDA:34,0,0,4
BRDA:34,0,1,3
BRDA:51,1,0,0
BRDA:51,1,1,8
BRDA:52,2,0,0
BRDA:52,2,1,0
BRDA:52,3,0,0
BRDA:52,3,1,0
BRDA:52,3,2,0
BRDA:55,4,0,0
BRDA:55,4,1,0
BRDA:56,5,0,0
BRDA:56,5,1,0
BRDA:56,6,0,0
BRDA:56,6,1,0
BRDA:69,7,0,0
BRDA:69,7,1,0
BRDA:89,8,0,4
BRDA:89,8,1,4
BRDA:89,8,2,3
BRDA:89,8,3,3
BRDA:95,9,0,1
BRDA:95,9,1,3
BRDA:100,10,0,4
BRDA:100,10,1,3
BRDA:100,10,2,3
BRDA:100,10,3,3
BRDA:100,10,4,1
BRDA:100,10,5,0
BRDA:113,11,0,1
BRDA:113,11,1,3
BRDA:126,12,0,0
BRDA:126,12,1,0
BRDA:141,13,0,4
BRDA:141,13,1,3
BRDA:144,14,0,4
BRDA:144,14,1,0
BRDA:152,15,0,4
BRDA:152,15,1,1
BRDA:155,16,0,4
BRDA:155,16,1,3
BRDA:155,16,2,3
BRDA:155,16,3,3
BRDA:155,16,4,2
BRDA:155,16,5,0
BRDA:155,16,6,0
BRDA:165,17,0,4
BRDA:165,17,1,3
BRDA:165,17,2,3
BRDA:165,17,3,3
BRDA:165,17,4,2
BRDA:165,17,5,2
BRDA:186,18,0,0
BRDA:186,18,1,0
BRDA:214,19,0,4
BRDA:214,19,1,0
BRDA:229,20,0,4
BRDA:229,20,1,1
BRDA:232,21,0,4
BRDA:232,21,1,0
BRDA:234,22,0,4
BRDA:234,22,1,0
BRDA:248,23,0,4
BRDA:248,23,1,0
BRDA:250,24,0,4
BRDA:250,24,1,1
BRF:66
BRH:40
end_of_record
TN:
SF:/Users/svenjens/Apps/Amsterdam/vergunningcheck/apps/client/src/components/Location/LocationInput.tsx
FN:16,(anonymous_0)
FN:35,(anonymous_1)
FN:90,(anonymous_2)
FNF:3
FNH:0
FNDA:0,(anonymous_0)
FNDA:0,(anonymous_1)
FNDA:0,(anonymous_2)
DA:16,0
DA:23,0
DA:24,0
DA:25,0
DA:26,0
DA:28,0
DA:29,0
DA:31,0
DA:32,0
DA:33,0
DA:35,0
DA:36,0
DA:37,0
DA:45,0
DA:47,0
DA:48,0
DA:51,0
DA:57,0
DA:60,0
DA:61,0
DA:64,0
DA:67,0
DA:68,0
DA:69,0
DA:72,0
DA:81,0
DA:82,0
DA:84,0
DA:85,0
DA:90,0
DA:91,0
DA:97,0
DA:98,0
DA:105,0
DA:108,0
LF:35
LH:0
BRDA:29,0,0,0
BRDA:29,0,1,0
BRDA:36,1,0,0
BRDA:36,1,1,0
BRDA:40,2,0,0
BRDA:40,2,1,0
BRDA:45,3,0,0
BRDA:45,3,1,0
BRDA:45,4,0,0
BRDA:45,4,1,0
BRDA:47,5,0,0
BRDA:47,5,1,0
BRDA:60,6,0,0
BRDA:60,6,1,0
BRDA:60,7,0,0
BRDA:60,7,1,0
BRDA:67,8,0,0
BRDA:67,8,1,0
BRDA:81,9,0,0
BRDA:81,9,1,0
BRDA:85,10,0,0
BRDA:85,10,1,0
BRDA:97,11,0,0
BRDA:97,11,1,0
BRDA:110,12,0,0
BRDA:110,12,1,0
BRDA:123,13,0,0
BRDA:123,13,1,0
BRDA:124,14,0,0
BRDA:124,14,1,0
BRDA:139,15,0,0
BRDA:139,15,1,0
BRF:32
BRH:0
end_of_record
TN:
SF:/Users/svenjens/Apps/Amsterdam/vergunningcheck/apps/client/src/components/Location/LocationLoading.tsx
FN:9,(anonymous_0)
FNF:1
FNH:1
FNDA:4,(anonymous_0)
DA:9,1
DA:10,4
DA:12,0
LF:3
LH:2
BRDA:10,0,0,4
BRDA:10,0,1,0
BRF:2
BRH:1
end_of_record
TN:
SF:/Users/svenjens/Apps/Amsterdam/vergunningcheck/apps/client/src/components/Location/LocationNotFound.tsx
FN:8,(anonymous_0)
FNF:1
FNH:0
FNDA:0,(anonymous_0)
DA:8,1
DA:9,0
LF:2
LH:1
BRF:0
BRH:0
end_of_record
TN:
SF:/Users/svenjens/Apps/Amsterdam/vergunningcheck/apps/client/src/components/Location/LocationResult.tsx
FN:18,(anonymous_0)
FN:30,(anonymous_1)
FN:39,(anonymous_2)
FNF:3
FNH:3
FNDA:4,(anonymous_0)
FNDA:1,(anonymous_1)
FNDA:1,(anonymous_2)
DA:18,1
DA:24,4
DA:27,4
DA:28,4
DA:30,4
DA:31,1
DA:32,1
DA:36,1
DA:39,4
DA:40,1
DA:44,1
DA:47,4
LF:12
LH:12
BRF:0
BRH:0
end_of_record
TN:
SF:/Users/svenjens/Apps/Amsterdam/vergunningcheck/apps/client/src/components/Location/LocationStyles.ts
FNF:0
FNH:0
DA:4,1
LF:1
LH:1
BRF:0
BRH:0
end_of_record
TN:
SF:/Users/svenjens/Apps/Amsterdam/vergunningcheck/apps/client/src/components/Markdown/index.js
FN:10,(anonymous_0)
FN:15,(anonymous_1)
FNF:2
FNH:0
FNDA:0,(anonymous_0)
FNDA:0,(anonymous_1)
DA:11,0
DA:15,0
LF:2
LH:0
BRF:0
BRH:0
end_of_record
TN:
SF:/Users/svenjens/Apps/Amsterdam/vergunningcheck/apps/client/src/components/Markdown/renderers/BlockRenderer.js
FN:10,(anonymous_0)
FNF:1
FNH:0
FNDA:0,(anonymous_0)
DA:11,0
DA:13,0
DA:14,0
LF:3
LH:0
BRDA:14,0,0,0
BRDA:14,0,1,0
BRF:2
BRH:0
end_of_record
TN:
SF:/Users/svenjens/Apps/Amsterdam/vergunningcheck/apps/client/src/components/Markdown/renderers/BlockRendererStyles.js
FNF:0
FNH:0
DA:4,1
LF:1
LH:1
BRF:0
BRH:0
end_of_record
TN:
SF:/Users/svenjens/Apps/Amsterdam/vergunningcheck/apps/client/src/components/Markdown/renderers/LinkRenderer.tsx
FN:16,(anonymous_0)
FNF:1
FNH:0
FNDA:0,(anonymous_0)
DA:16,1
DA:22,0
DA:23,0
DA:26,0
DA:33,0
DA:34,0
DA:37,0
DA:38,0
DA:40,0
LF:9
LH:1
BRDA:26,0,0,0
BRDA:33,1,0,0
BRDA:33,1,1,0
BRDA:34,2,0,0
BRDA:34,2,1,0
BRDA:37,3,0,0
BRDA:37,3,1,0
BRDA:38,4,0,0
BRDA:38,4,1,0
BRF:9
BRH:0
end_of_record
TN:
SF:/Users/svenjens/Apps/Amsterdam/vergunningcheck/apps/client/src/components/Markdown/renderers/ListRenderer.js
FN:5,(anonymous_0)
FNF:1
FNH:0
FNDA:0,(anonymous_0)
DA:5,0
LF:1
LH:0
BRF:0
BRH:0
end_of_record
TN:
SF:/Users/svenjens/Apps/Amsterdam/vergunningcheck/apps/client/src/components/StepByStepNavigation/StepByStepItem.tsx
FN:14,(anonymous_0)
FN:45,(anonymous_1)
FNF:2
FNH:2
FNDA:15,(anonymous_0)
FNDA:2,(anonymous_1)
DA:14,1
DA:32,15
DA:33,1
DA:36,14
DA:39,14
DA:42,14
DA:45,14
DA:46,2
DA:49,14
LF:9
LH:9
BRDA:32,0,0,1
BRDA:32,0,1,14
BRDA:36,1,0,14
BRDA:36,1,1,13
BRDA:39,2,0,14
BRDA:39,2,1,12
BRDA:39,2,2,3
BRDA:42,3,0,14
BRDA:42,3,1,8
BRDA:42,3,2,7
BRDA:42,3,3,6
BRDA:46,4,0,2
BRDA:46,4,1,2
BRDA:63,5,0,2
BRDA:63,5,1,12
BRDA:64,6,0,2
BRDA:64,6,1,12
BRDA:66,7,0,2
BRDA:66,7,1,12
BRDA:67,8,0,2
BRDA:67,8,1,12
BRDA:67,9,0,14
BRDA:67,9,1,2
BRDA:67,9,2,2
BRDA:70,10,0,14
BRDA:70,10,1,2
BRDA:70,10,2,1
BRDA:76,11,0,14
BRDA:76,11,1,1
BRF:29
BRH:29
end_of_record
TN:
SF:/Users/svenjens/Apps/Amsterdam/vergunningcheck/apps/client/src/components/StepByStepNavigation/StepByStepItemStyle.ts
FN:41,(anonymous_0)
FN:49,(anonymous_1)
FN:54,(anonymous_2)
FN:59,(anonymous_3)
FN:70,(anonymous_4)
FN:75,(anonymous_5)
FN:113,(anonymous_6)
FN:134,(anonymous_7)
FN:145,(anonymous_8)
FN:150,(anonymous_9)
FN:155,(anonymous_10)
FNF:11
FNH:11
FNDA:14,(anonymous_0)
FNDA:14,(anonymous_1)
FNDA:14,(anonymous_2)
FNDA:14,(anonymous_3)
FNDA:14,(anonymous_4)
FNDA:14,(anonymous_5)
FNDA:14,(anonymous_6)
FNDA:14,(anonymous_7)
FNDA:14,(anonymous_8)
FNDA:14,(anonymous_9)
FNDA:14,(anonymous_10)
DA:22,1
DA:43,14
DA:50,14
DA:55,14
DA:61,14
DA:71,14
DA:76,14
DA:85,1
DA:114,14
DA:118,1
DA:135,14
DA:146,14
DA:151,14
DA:156,14
DA:162,1
DA:171,1
LF:16
LH:16
BRDA:43,0,0,14
BRDA:43,0,1,12
BRDA:43,0,2,12
BRDA:50,1,0,14
BRDA:50,1,1,2
BRDA:55,2,0,14
BRDA:55,2,1,1
BRDA:61,3,0,14
BRDA:61,3,1,12
BRDA:61,3,2,0
BRDA:61,3,3,0
BRDA:61,3,4,0
BRDA:71,4,0,14
BRDA:71,4,1,12
BRDA:71,4,2,5
BRDA:76,5,0,14
BRDA:76,5,1,12
BRDA:76,5,2,9
BRDA:114,6,0,3
BRDA:114,6,1,11
BRDA:135,7,0,14
BRDA:135,7,1,11
BRDA:146,8,0,14
BRDA:146,8,1,12
BRDA:146,8,2,5
BRDA:151,9,0,14
BRDA:151,9,1,1
BRDA:156,10,0,14
BRDA:156,10,1,1
BRF:29
BRH:26
end_of_record
TN:
SF:/Users/svenjens/Apps/Amsterdam/vergunningcheck/apps/client/src/components/StepByStepNavigation/StepByStepNavigation.tsx
FN:10,(anonymous_0)
FNF:1
FNH:1
FNDA:6,(anonymous_0)
DA:10,1
DA:18,6
DA:19,1
DA:23,5
DA:30,5
DA:43,1
LF:6
LH:6
BRDA:18,0,0,1
BRDA:18,0,1,5
BRF:2
BRH:2
end_of_record
TN:
SF:/Users/svenjens/Apps/Amsterdam/vergunningcheck/apps/client/src/components/StepByStepNavigation/StepByStepNavigationStyle.ts
FN:17,(anonymous_0)
FNF:1
FNH:1
FNDA:5,(anonymous_0)
DA:18,5
LF:1
LH:1
BRDA:18,0,0,5
BRDA:18,0,1,0
BRF:2
BRH:1
end_of_record
TN:
SF:/Users/svenjens/Apps/Amsterdam/vergunningcheck/apps/client/src/components/StepByStepNavigation/StepByStepTitle.tsx
FN:6,(anonymous_0)
FNF:1
FNH:1
FNDA:14,(anonymous_0)
DA:6,1
DA:13,14
LF:2
LH:2
BRDA:13,0,0,11
BRDA:13,0,1,3
BRDA:15,1,0,1
BRDA:15,1,1,10
BRDA:24,2,0,1
BRDA:24,2,1,2
BRF:6
BRH:6
end_of_record
TN:
SF:/Users/svenjens/Apps/Amsterdam/vergunningcheck/apps/client/src/components/StepByStepNavigation/index.ts
FNF:0
FNH:0
LF:0
LH:0
BRF:0
BRH:0
end_of_record
TN:
SF:/Users/svenjens/Apps/Amsterdam/vergunningcheck/apps/client/src/config/autofill.js
FN:3,(anonymous_0)
FN:6,(anonymous_1)
FN:15,(anonymous_2)
FN:34,(anonymous_3)
FN:37,(anonymous_4)
FN:40,(anonymous_5)
FNF:6
FNH:0
FNDA:0,(anonymous_0)
FNDA:0,(anonymous_1)
FNDA:0,(anonymous_2)
FNDA:0,(anonymous_3)
FNDA:0,(anonymous_4)
FNDA:0,(anonymous_5)
DA:3,2
DA:4,0
DA:6,2
DA:7,0
DA:11,2
DA:15,2
DA:20,0
DA:21,0
DA:22,0
DA:23,0
DA:25,0
DA:33,2
DA:35,0
DA:38,0
DA:41,0
DA:42,0
DA:46,0
DA:47,0
DA:50,0
DA:57,2
LF:20
LH:6
BRDA:4,0,0,0
BRDA:4,0,1,0
BRDA:7,1,0,0
BRDA:7,1,1,0
BRDA:21,2,0,0
BRDA:21,2,1,0
BRDA:35,3,0,0
BRDA:35,3,1,0
BRDA:38,4,0,0
BRDA:38,4,1,0
BRDA:41,5,0,0
BRDA:41,5,1,0
BRDA:46,6,0,0
BRDA:46,6,1,0
BRF:14
BRH:0
end_of_record
TN:
SF:/Users/svenjens/Apps/Amsterdam/vergunningcheck/apps/client/src/config/index.ts
FN:40,(anonymous_0)
FNF:1
FNH:1
FNDA:1,(anonymous_0)
DA:28,36
DA:30,36
DA:32,36
DA:40,36
DA:46,1
DA:48,1
DA:51,36
DA:147,36
DA:149,36
LF:9
LH:9
BRF:0
BRH:0
end_of_record
TN:
SF:/Users/svenjens/Apps/Amsterdam/vergunningcheck/apps/client/src/config/matomo.js
FN:8,(anonymous_0)
FN:16,(anonymous_1)
FNF:2
FNH:2
FNDA:31,(anonymous_0)
FNDA:8,(anonymous_1)
DA:3,29
DA:8,29
DA:9,31
DA:11,29
DA:16,29
DA:18,29
DA:31,29
DA:44,29
LF:8
LH:8
BRDA:9,0,0,1
BRDA:9,0,1,30
BRF:2
BRH:2
end_of_record
TN:
SF:/Users/svenjens/Apps/Amsterdam/vergunningcheck/apps/client/src/config/sentry.ts
FNF:0
FNH:0
DA:7,0
LF:1
LH:0
BRF:0
BRH:0
end_of_record
TN:
SF:/Users/svenjens/Apps/Amsterdam/vergunningcheck/apps/client/src/hoc/withChecker.tsx
FN:28,(anonymous_0)
FN:28,(anonymous_1)
FN:39,(anonymous_2)
FN:45,(anonymous_3)
FN:51,(anonymous_4)
FN:86,(anonymous_5)
FNF:6
FNH:0
FNDA:0,(anonymous_0)
FNDA:0,(anonymous_1)
FNDA:0,(anonymous_2)
FNDA:0,(anonymous_3)
FNDA:0,(anonymous_4)
FNDA:0,(anonymous_5)
DA:28,0
DA:29,0
DA:30,0
DA:31,0
DA:32,0
DA:33,0
DA:34,0
DA:35,0
DA:37,0
DA:39,0
DA:40,0
DA:41,0
DA:45,0
DA:47,0
DA:48,0
DA:49,0
DA:51,0
DA:53,0
DA:57,0
DA:58,0
DA:61,0
DA:62,0
DA:65,0
DA:73,0
DA:74,0
DA:78,0
DA:79,0
DA:81,0
DA:86,0
DA:87,0
DA:88,0
DA:91,0
DA:93,0
DA:96,0
DA:106,0
DA:107,0
DA:113,0
DA:115,0
DA:116,0
DA:117,0
DA:121,0
DA:122,0
DA:123,0
DA:127,0
DA:128,0
DA:132,0
DA:133,0
DA:137,0
DA:138,0
DA:142,0
DA:144,0
DA:145,0
DA:154,0
DA:158,0
DA:167,0
DA:168,0
LF:56
LH:0
BRDA:40,0,0,0
BRDA:40,0,1,0
BRDA:47,1,0,0
BRDA:47,1,1,0
BRDA:47,2,0,0
BRDA:47,2,1,0
BRDA:47,2,2,0
BRDA:47,2,3,0
BRDA:61,3,0,0
BRDA:61,3,1,0
BRDA:73,4,0,0
BRDA:73,4,1,0
BRDA:73,5,0,0
BRDA:73,5,1,0
BRDA:91,6,0,0
BRDA:91,6,1,0
BRDA:106,7,0,0
BRDA:106,7,1,0
BRDA:113,8,0,0
BRDA:113,8,1,0
BRDA:113,9,0,0
BRDA:113,9,1,0
BRDA:121,10,0,0
BRDA:121,10,1,0
BRDA:127,11,0,0
BRDA:127,11,1,0
BRDA:132,12,0,0
BRDA:132,12,1,0
BRDA:137,13,0,0
BRDA:137,13,1,0
BRDA:142,14,0,0
BRDA:142,14,1,0
BRDA:154,15,0,0
BRDA:154,15,1,0
BRF:34
BRH:0
end_of_record
TN:
SF:/Users/svenjens/Apps/Amsterdam/vergunningcheck/apps/client/src/hoc/withTracking.js
FN:8,(anonymous_0)
FN:8,(anonymous_1)
FN:15,(anonymous_2)
FN:21,(anonymous_3)
FNF:4
FNH:4
FNDA:21,(anonymous_0)
FNDA:84,(anonymous_1)
FNDA:1,(anonymous_2)
FNDA:7,(anonymous_3)
DA:8,21
DA:9,84
DA:12,84
DA:13,84
DA:15,84
DA:16,1
DA:17,1
DA:21,84
DA:22,7
DA:23,7
DA:31,84
LF:11
LH:11
BRDA:16,0,0,1
BRDA:16,0,1,0
BRDA:22,1,0,7
BRDA:22,1,1,0
BRDA:25,2,0,7
BRDA:25,2,1,7
BRDA:25,2,2,0
BRDA:25,2,3,0
BRF:8
BRH:4
end_of_record
TN:
SF:/Users/svenjens/Apps/Amsterdam/vergunningcheck/apps/client/src/hooks/useDebounce.ts
FN:10,(anonymous_0)
FN:13,(anonymous_1)
FN:18,(anonymous_2)
FNF:3
FNH:1
FNDA:4,(anonymous_0)
FNDA:0,(anonymous_1)
FNDA:0,(anonymous_2)
DA:10,1
DA:11,4
DA:13,4
DA:14,0
DA:16,0
DA:18,0
DA:19,0
DA:20,0
LF:8
LH:3
BRDA:16,0,0,0
BRDA:16,0,1,0
BRF:2
BRH:0
end_of_record
TN:
SF:/Users/svenjens/Apps/Amsterdam/vergunningcheck/apps/client/src/imtr_client/index.js
FN:13,getQuestions
FN:15,(anonymous_1)
FN:54,getDecision
FN:62,(anonymous_3)
FN:63,(anonymous_4)
FN:74,(anonymous_5)
FN:86,getChecker
FN:91,(anonymous_7)
FN:92,(anonymous_8)
FN:94,(anonymous_9)
FN:106,(anonymous_10)
FN:118,(anonymous_11)
FN:119,(anonymous_12)
FN:122,(anonymous_13)
FN:123,(anonymous_14)
FN:124,(anonymous_15)
FN:125,(anonymous_16)
FNF:17
FNH:9
FNDA:1,getQuestions
FNDA:1,(anonymous_1)
FNDA:1,getDecision
FNDA:0,(anonymous_3)
FNDA:0,(anonymous_4)
FNDA:0,(anonymous_5)
FNDA:2,getChecker
FNDA:1,(anonymous_7)
FNDA:1,(anonymous_8)
FNDA:0,(anonymous_9)
FNDA:1,(anonymous_10)
FNDA:1,(anonymous_11)
FNDA:1,(anonymous_12)
FNDA:0,(anonymous_13)
FNDA:0,(anonymous_14)
FNDA:0,(anonymous_15)
FNDA:0,(anonymous_16)
DA:14,1
DA:27,1
DA:55,1
DA:56,1
DA:57,1
DA:61,0
DA:63,0
DA:64,0
DA:66,0
DA:70,0
DA:75,0
DA:87,2
DA:88,2
DA:89,1
DA:91,1
DA:92,1
DA:93,1
DA:94,0
DA:96,1
DA:97,0
DA:99,1
DA:102,1
DA:105,1
DA:106,1
DA:107,1
DA:109,1
DA:110,1
DA:111,0
DA:113,1
DA:114,0
DA:117,1
DA:118,1
DA:119,1
DA:121,0
DA:122,0
DA:124,0
DA:125,0
DA:127,0
DA:128,0
DA:131,0
DA:135,0
DA:138,0
DA:140,0
LF:43
LH:23
BRDA:56,0,0,1
BRDA:56,0,1,0
BRDA:56,1,0,1
BRDA:56,1,1,1
BRDA:61,2,0,0
BRDA:61,2,1,0
BRDA:61,2,2,0
BRDA:88,3,0,1
BRDA:88,3,1,1
BRDA:88,4,0,2
BRDA:88,4,1,2
BRDA:93,5,0,0
BRDA:93,5,1,1
BRDA:96,6,0,0
BRDA:96,6,1,1
BRDA:110,7,0,0
BRDA:110,7,1,1
BRDA:113,8,0,0
BRDA:113,8,1,1
BRF:19
BRH:11
end_of_record
TN:
SF:/Users/svenjens/Apps/Amsterdam/vergunningcheck/apps/client/src/imtr_client/models/checker.js
FN:24,(anonymous_0)
FN:31,(anonymous_1)
FN:46,(anonymous_2)
FN:53,(anonymous_3)
FN:63,(anonymous_4)
FN:66,(anonymous_5)
FN:76,(anonymous_6)
FN:109,(anonymous_7)
FN:123,(anonymous_8)
FN:124,(anonymous_9)
FN:128,(anonymous_10)
FN:134,(anonymous_11)
FN:136,(anonymous_12)
FN:157,(anonymous_13)
FN:159,(anonymous_14)
FN:163,(anonymous_15)
FN:176,(anonymous_16)
FN:178,(anonymous_17)
FN:195,(anonymous_18)
FN:216,(anonymous_19)
FN:226,(anonymous_20)
FN:228,(anonymous_21)
FN:229,(anonymous_22)
FN:230,(anonymous_23)
FN:239,(anonymous_24)
FN:240,(anonymous_25)
FN:246,(anonymous_26)
FN:248,(anonymous_27)
FN:249,(anonymous_28)
FN:255,(anonymous_29)
FN:259,(anonymous_30)
FN:268,(anonymous_31)
FN:270,(anonymous_32)
FN:278,(anonymous_33)
FN:279,(anonymous_34)
FN:280,(anonymous_35)
FN:281,(anonymous_36)
FN:291,(anonymous_37)
FN:300,(anonymous_38)
FNF:39
FNH:25
FNDA:11,(anonymous_0)
FNDA:1,(anonymous_1)
FNDA:45,(anonymous_2)
FNDA:252,(anonymous_3)
FNDA:1,(anonymous_4)
FNDA:2,(anonymous_5)
FNDA:1,(anonymous_6)
FNDA:57,(anonymous_7)
FNDA:0,(anonymous_8)
FNDA:0,(anonymous_9)
FNDA:0,(anonymous_10)
FNDA:0,(anonymous_11)
FNDA:0,(anonymous_12)
FNDA:0,(anonymous_13)
FNDA:0,(anonymous_14)
FNDA:0,(anonymous_15)
FNDA:0,(anonymous_16)
FNDA:0,(anonymous_17)
FNDA:10,(anonymous_18)
FNDA:4,(anonymous_19)
FNDA:0,(anonymous_20)
FNDA:0,(anonymous_21)
FNDA:0,(anonymous_22)
FNDA:0,(anonymous_23)
FNDA:30,(anonymous_24)
FNDA:18,(anonymous_25)
FNDA:31,(anonymous_26)
FNDA:38,(anonymous_27)
FNDA:38,(anonymous_28)
FNDA:1,(anonymous_29)
FNDA:2,(anonymous_30)
FNDA:29,(anonymous_31)
FNDA:71,(anonymous_32)
FNDA:37,(anonymous_33)
FNDA:33,(anonymous_34)
FNDA:65,(anonymous_35)
FNDA:43,(anonymous_36)
FNDA:25,(anonymous_37)
FNDA:26,(anonymous_38)
DA:3,5
DA:25,11
DA:26,0
DA:30,11
DA:32,1
DA:38,11
DA:40,11
DA:47,45
DA:54,252
DA:64,1
DA:67,2
DA:68,2
DA:77,1
DA:78,0
DA:82,1
DA:83,1
DA:86,1
DA:87,1
DA:90,1
DA:91,2
DA:95,2
DA:96,1
DA:99,1
DA:100,1
DA:101,1
DA:110,57
DA:124,0
DA:125,0
DA:126,0
DA:127,0
DA:128,0
DA:130,0
DA:131,0
DA:134,0
DA:135,0
DA:136,0
DA:141,0
DA:143,0
DA:145,0
DA:158,0
DA:160,0
DA:162,0
DA:163,0
DA:166,0
DA:177,0
DA:178,0
DA:179,0
DA:180,0
DA:181,0
DA:182,0
DA:185,0
DA:196,10
DA:197,10
DA:198,1
DA:200,9
DA:201,0
DA:205,9
DA:206,9
DA:207,9
DA:217,4
DA:227,0
DA:228,0
DA:229,0
DA:230,0
DA:240,30
DA:247,31
DA:248,38
DA:249,38
DA:258,1
DA:260,2
DA:270,29
DA:271,71
DA:276,29
DA:278,37
DA:279,33
DA:280,65
DA:281,43
DA:292,25
DA:301,26
DA:302,1
DA:304,25
DA:305,25
DA:306,23
DA:308,2
DA:310,25
LF:85
LH:53
BRDA:25,0,0,0
BRDA:25,0,1,11
BRDA:77,1,0,0
BRDA:77,1,1,1
BRDA:82,2,0,1
BRDA:82,2,1,0
BRDA:95,3,0,1
BRDA:95,3,1,1
BRDA:95,4,0,2
BRDA:95,4,1,1
BRDA:130,5,0,0
BRDA:130,5,1,0
BRDA:166,6,0,0
BRDA:166,6,1,0
BRDA:177,7,0,0
BRDA:177,7,1,0
BRDA:180,8,0,0
BRDA:180,8,1,0
BRDA:181,9,0,0
BRDA:181,9,1,0
BRDA:197,10,0,1
BRDA:197,10,1,9
BRDA:200,11,0,0
BRDA:200,11,1,9
BRDA:217,12,0,1
BRDA:217,12,1,3
BRDA:226,13,0,0
BRDA:229,14,0,0
BRDA:229,14,1,0
BRDA:271,15,0,32
BRDA:271,15,1,39
BRDA:271,16,0,71
BRDA:271,16,1,49
BRDA:280,17,0,65
BRDA:280,17,1,16
BRDA:301,18,0,1
BRDA:301,18,1,25
BRDA:301,19,0,26
BRDA:301,19,1,15
BRDA:305,20,0,23
BRDA:305,20,1,2
BRDA:310,21,0,25
BRDA:310,21,1,2
BRF:43
BRH:26
end_of_record
TN:
SF:/Users/svenjens/Apps/Amsterdam/vergunningcheck/apps/client/src/imtr_client/models/decision.js
FN:24,(anonymous_0)
FN:48,(anonymous_1)
FN:55,(anonymous_2)
FN:65,(anonymous_3)
FN:68,(anonymous_4)
FN:69,(anonymous_5)
FN:77,(anonymous_6)
FN:78,(anonymous_7)
FN:80,(anonymous_8)
FN:81,(anonymous_9)
FN:91,(anonymous_10)
FN:92,(anonymous_11)
FN:100,(anonymous_12)
FNF:13
FNH:13
FNDA:38,(anonymous_0)
FNDA:66,(anonymous_1)
FNDA:20,(anonymous_2)
FNDA:78,(anonymous_3)
FNDA:129,(anonymous_4)
FNDA:188,(anonymous_5)
FNDA:3,(anonymous_6)
FNDA:6,(anonymous_7)
FNDA:9,(anonymous_8)
FNDA:3,(anonymous_9)
FNDA:52,(anonymous_10)
FNDA:89,(anonymous_11)
FNDA:14,(anonymous_12)
DA:25,38
DA:26,1
DA:28,37
DA:32,0
DA:36,37
DA:37,0
DA:41,37
DA:42,37
DA:43,37
DA:45,37
DA:49,66
DA:56,20
DA:57,20
DA:67,78
DA:68,129
DA:69,188
DA:78,6
DA:79,3
DA:81,9
DA:92,89
DA:101,14
DA:102,14
LF:22
LH:20
BRDA:25,0,0,1
BRDA:25,0,1,37
BRDA:28,1,0,0
BRDA:28,1,1,37
BRDA:29,2,0,37
BRDA:29,2,1,20
BRDA:36,3,0,0
BRDA:36,3,1,37
BRDA:36,4,0,37
BRDA:36,4,1,37
BRDA:56,5,0,20
BRDA:56,5,1,7
BRDA:57,6,0,13
BRDA:57,6,1,7
BRDA:67,7,0,37
BRDA:67,7,1,41
BRDA:102,8,0,9
BRDA:102,8,1,5
BRF:18
BRH:16
end_of_record
TN:
SF:/Users/svenjens/Apps/Amsterdam/vergunningcheck/apps/client/src/imtr_client/models/permit.js
FN:23,(anonymous_0)
FN:35,(anonymous_1)
FN:41,(anonymous_2)
FN:42,(anonymous_3)
FN:45,(anonymous_4)
FN:49,(anonymous_5)
FN:59,(anonymous_6)
FNF:7
FNH:6
FNDA:13,(anonymous_0)
FNDA:15,(anonymous_1)
FNDA:53,(anonymous_2)
FNDA:65,(anonymous_3)
FNDA:2,(anonymous_4)
FNDA:0,(anonymous_5)
FNDA:14,(anonymous_6)
DA:24,13
DA:25,0
DA:27,13
DA:28,0
DA:30,13
DA:31,0
DA:33,13
DA:34,13
DA:35,15
DA:36,13
DA:38,13
DA:42,65
DA:46,2
DA:50,0
DA:60,14
DA:61,14
DA:62,0
DA:64,14
LF:18
LH:13
BRDA:24,0,0,0
BRDA:24,0,1,13
BRDA:27,1,0,0
BRDA:27,1,1,13
BRDA:27,2,0,13
BRDA:27,2,1,13
BRDA:30,3,0,0
BRDA:30,3,1,13
BRDA:61,4,0,0
BRDA:61,4,1,14
BRF:10
BRH:6
end_of_record
TN:
SF:/Users/svenjens/Apps/Amsterdam/vergunningcheck/apps/client/src/imtr_client/models/question.js
FN:44,(anonymous_0)
FN:110,(anonymous_1)
FN:120,(anonymous_2)
FN:124,(anonymous_3)
FN:128,(anonymous_4)
FN:132,(anonymous_5)
FN:136,(anonymous_6)
FN:140,(anonymous_7)
FN:144,(anonymous_8)
FN:148,(anonymous_9)
FN:152,(anonymous_10)
FN:156,(anonymous_11)
FN:186,(anonymous_12)
FNF:13
FNH:9
FNDA:33,(anonymous_0)
FNDA:0,(anonymous_1)
FNDA:7,(anonymous_2)
FNDA:108,(anonymous_3)
FNDA:36,(anonymous_4)
FNDA:0,(anonymous_5)
FNDA:1,(anonymous_6)
FNDA:1,(anonymous_7)
FNDA:0,(anonymous_8)
FNDA:1,(anonymous_9)
FNDA:0,(anonymous_10)
FNDA:36,(anonymous_11)
FNDA:101,(anonymous_12)
DA:6,7
DA:7,7
DA:57,33
DA:58,0
DA:60,33
DA:61,0
DA:63,33
DA:64,0
DA:66,33
DA:67,0
DA:71,33
DA:72,0
DA:74,33
DA:78,0
DA:82,33
DA:87,0
DA:91,33
DA:92,0
DA:94,33
DA:95,0
DA:97,33
DA:98,0
DA:103,33
DA:104,33
DA:105,33
DA:106,33
DA:107,33
DA:108,33
DA:109,33
DA:110,33
DA:111,33
DA:112,33
DA:113,33
DA:114,0
DA:117,33
DA:121,7
DA:125,108
DA:129,36
DA:133,0
DA:137,1
DA:141,1
DA:145,0
DA:149,1
DA:153,0
DA:158,36
DA:161,36
DA:162,0
DA:172,36
DA:173,0
DA:176,36
DA:177,1
DA:183,35
DA:187,101
LF:53
LH:37
BRDA:55,0,0,33
BRDA:57,1,0,0
BRDA:57,1,1,33
BRDA:57,2,0,33
BRDA:57,2,1,33
BRDA:60,3,0,0
BRDA:60,3,1,33
BRDA:63,4,0,0
BRDA:63,4,1,33
BRDA:63,5,0,33
BRDA:63,5,1,33
BRDA:66,6,0,0
BRDA:66,6,1,33
BRDA:66,7,0,33
BRDA:66,7,1,1
BRDA:71,8,0,0
BRDA:71,8,1,33
BRDA:71,9,0,33
BRDA:71,9,1,33
BRDA:74,10,0,0
BRDA:74,10,1,33
BRDA:75,11,0,33
BRDA:75,11,1,2
BRDA:75,11,2,2
BRDA:82,12,0,0
BRDA:82,12,1,33
BRDA:83,13,0,33
BRDA:83,13,1,0
BRDA:83,13,2,0
BRDA:91,14,0,0
BRDA:91,14,1,33
BRDA:91,15,0,33
BRDA:91,15,1,0
BRDA:94,16,0,0
BRDA:94,16,1,33
BRDA:94,17,0,33
BRDA:94,17,1,0
BRDA:97,18,0,0
BRDA:97,18,1,33
BRDA:110,19,0,0
BRDA:110,19,1,33
BRDA:113,20,0,0
BRDA:113,20,1,33
BRDA:158,21,0,0
BRDA:158,21,1,36
BRDA:161,22,0,0
BRDA:161,22,1,36
BRDA:172,23,0,0
BRDA:172,23,1,36
BRDA:172,24,0,36
BRDA:172,24,1,0
BRDA:176,25,0,1
BRDA:176,25,1,35
BRF:53
BRH:33
end_of_record
TN:
SF:/Users/svenjens/Apps/Amsterdam/vergunningcheck/apps/client/src/imtr_client/models/rule.js
FN:16,(anonymous_0)
FN:37,(anonymous_1)
FN:41,(anonymous_2)
FN:45,(anonymous_3)
FN:55,(anonymous_4)
FN:59,(anonymous_5)
FNF:6
FNH:6
FNDA:121,(anonymous_0)
FNDA:1,(anonymous_1)
FNDA:219,(anonymous_2)
FNDA:25,(anonymous_3)
FNDA:223,(anonymous_4)
FNDA:320,(anonymous_5)
DA:17,121
DA:22,2
DA:27,119
DA:28,1
DA:30,118
DA:31,118
DA:32,118
DA:34,118
DA:38,1
DA:42,219
DA:46,25
DA:56,223
DA:57,4
DA:59,219
DA:60,320
DA:61,320
DA:62,38
DA:64,282
DA:65,281
DA:66,104
DA:68,177
DA:71,282
DA:73,219
LF:23
LH:23
BRDA:17,0,0,2
BRDA:17,0,1,119
BRDA:18,1,0,121
BRDA:18,1,1,120
BRDA:18,1,2,119
BRDA:27,2,0,1
BRDA:27,2,1,118
BRDA:56,3,0,4
BRDA:56,3,1,219
BRDA:61,4,0,38
BRDA:61,4,1,282
BRDA:64,5,0,281
BRDA:64,5,1,1
BRDA:65,6,0,104
BRDA:65,6,1,177
BRDA:73,7,0,177
BRDA:73,7,1,42
BRF:17
BRH:17
end_of_record
TN:
SF:/Users/svenjens/Apps/Amsterdam/vergunningcheck/apps/client/src/imtr_client/utils/mocks.js
FN:5,(anonymous_0)
FNF:1
FNH:1
FNDA:17,(anonymous_0)
DA:5,17
LF:1
LH:1
BRF:0
BRH:0
end_of_record
TN:
SF:/Users/svenjens/Apps/Amsterdam/vergunningcheck/apps/client/src/intros/AanbouwIntro.js
FN:5,(anonymous_0)
FNF:1
FNH:0
FNDA:0,(anonymous_0)
DA:6,0
LF:1
LH:0
BRF:0
BRH:0
end_of_record
TN:
SF:/Users/svenjens/Apps/Amsterdam/vergunningcheck/apps/client/src/intros/BouwwerkSlopenIntro.js
FN:5,(anonymous_0)
FNF:1
FNH:0
FNDA:0,(anonymous_0)
DA:6,0
LF:1
LH:0
BRF:0
BRH:0
end_of_record
TN:
SF:/Users/svenjens/Apps/Amsterdam/vergunningcheck/apps/client/src/intros/DakkapelIntro.js
FN:5,(anonymous_0)
FNF:1
FNH:0
FNDA:0,(anonymous_0)
DA:6,0
LF:1
LH:0
BRF:0
BRH:0
end_of_record
TN:
SF:/Users/svenjens/Apps/Amsterdam/vergunningcheck/apps/client/src/intros/DakraamIntro.js
FN:5,(anonymous_0)
FNF:1
FNH:0
FNDA:0,(anonymous_0)
DA:6,0
LF:1
LH:0
BRF:0
BRH:0
end_of_record
TN:
SF:/Users/svenjens/Apps/Amsterdam/vergunningcheck/apps/client/src/intros/InternVerbouwenIntro.js
FN:5,(anonymous_0)
FNF:1
FNH:0
FNDA:0,(anonymous_0)
DA:6,0
LF:1
LH:0
BRF:0
BRH:0
end_of_record
TN:
SF:/Users/svenjens/Apps/Amsterdam/vergunningcheck/apps/client/src/intros/KozijnenIntro.js
FN:5,(anonymous_0)
FNF:1
FNH:0
FNDA:0,(anonymous_0)
DA:6,0
LF:1
LH:0
BRF:0
BRH:0
end_of_record
TN:
SF:/Users/svenjens/Apps/Amsterdam/vergunningcheck/apps/client/src/intros/ZonnepanelenIntro.js
FN:5,(anonymous_0)
FNF:1
FNH:0
FNDA:0,(anonymous_0)
DA:6,0
LF:1
LH:0
BRF:0
BRH:0
end_of_record
TN:
SF:/Users/svenjens/Apps/Amsterdam/vergunningcheck/apps/client/src/intros/ZonweringRolluikIntro.js
FN:5,(anonymous_0)
FNF:1
FNH:0
FNDA:0,(anonymous_0)
DA:6,0
LF:1
LH:0
BRF:0
BRH:0
end_of_record
TN:
SF:/Users/svenjens/Apps/Amsterdam/vergunningcheck/apps/client/src/intros/shared/DefaultOloIntro.js
FN:6,(anonymous_0)
FNF:1
FNH:0
FNDA:0,(anonymous_0)
DA:7,0
LF:1
LH:0
BRF:0
BRH:0
end_of_record
TN:
SF:/Users/svenjens/Apps/Amsterdam/vergunningcheck/apps/client/src/intros/shared/DynamicIMTRIntro.tsx
FN:11,(anonymous_0)
FNF:1
FNH:1
FNDA:4,(anonymous_0)
DA:12,4
DA:14,4
DA:15,4
LF:3
LH:3
BRF:0
BRH:0
end_of_record
TN:
SF:/Users/svenjens/Apps/Amsterdam/vergunningcheck/apps/client/src/intros/shared/Intro.tsx
FN:23,(anonymous_0)
FN:51,(anonymous_1)
FN:84,(anonymous_2)
FNF:3
FNH:3
FNDA:21,(anonymous_0)
FNDA:3,(anonymous_1)
FNDA:5,(anonymous_2)
DA:32,21
DA:40,21
DA:52,3
DA:85,5
LF:4
LH:4
BRDA:24,0,0,15
BRDA:25,1,0,15
BRDA:26,2,0,17
BRDA:27,3,0,19
BRDA:28,4,0,19
BRDA:32,5,0,15
BRDA:32,5,1,6
BRDA:32,6,0,21
BRDA:32,6,1,17
BRDA:34,7,0,2
BRDA:34,7,1,4
BRDA:36,8,0,2
BRDA:36,8,1,2
BRDA:42,9,0,2
BRDA:42,9,1,19
BRDA:45,10,0,21
BRDA:45,10,1,2
BRDA:49,11,0,21
BRDA:49,11,1,2
BRDA:57,12,0,21
BRDA:57,12,1,19
BRDA:60,13,0,19
BRDA:60,13,1,17
BRDA:66,14,0,21
BRDA:66,14,1,1
BRDA:72,15,0,21
BRDA:72,15,1,4
BRDA:88,16,0,4
BRDA:88,16,1,3
BRDA:96,17,0,21
BRDA:96,17,1,17
BRDA:96,17,2,16
BRF:32
BRH:32
end_of_record
TN:
SF:/Users/svenjens/Apps/Amsterdam/vergunningcheck/apps/client/src/intros/shared/index.js
FNF:0
FNH:0
LF:0
LH:0
BRF:0
BRH:0
end_of_record
TN:
SF:/Users/svenjens/Apps/Amsterdam/vergunningcheck/apps/client/src/pages/CheckerPage.js
FN:24,(anonymous_0)
FN:33,(anonymous_1)
FN:40,(anonymous_2)
FN:65,(anonymous_3)
FN:83,(anonymous_4)
FN:101,(anonymous_5)
FN:108,(anonymous_6)
FN:118,(anonymous_7)
FN:125,(anonymous_8)
FN:169,(anonymous_9)
FNF:10
FNH:0
FNDA:0,(anonymous_0)
FNDA:0,(anonymous_1)
FNDA:0,(anonymous_2)
FNDA:0,(anonymous_3)
FNDA:0,(anonymous_4)
FNDA:0,(anonymous_5)
FNDA:0,(anonymous_6)
FNDA:0,(anonymous_7)
FNDA:0,(anonymous_8)
FNDA:0,(anonymous_9)
DA:24,0
DA:25,0
DA:26,0
DA:28,0
DA:29,0
DA:33,0
DA:36,0
DA:40,0
DA:42,0
DA:43,0
DA:45,0
DA:55,0
DA:56,0
DA:64,0
DA:67,0
DA:70,0
DA:71,0
DA:77,0
DA:78,0
DA:79,0
DA:83,0
DA:85,0
DA:86,0
DA:92,0
DA:101,0
DA:103,0
DA:107,0
DA:108,0
DA:112,0
DA:118,0
DA:125,0
DA:128,0
DA:130,0
DA:132,0
DA:133,0
DA:134,0
DA:136,0
DA:139,0
DA:140,0
DA:146,0
DA:149,0
DA:152,0
DA:157,0
DA:168,0
DA:169,0
DA:172,0
DA:176,0
LF:47
LH:0
BRDA:28,0,0,0
BRDA:28,0,1,0
BRDA:42,1,0,0
BRDA:42,1,1,0
BRDA:55,2,0,0
BRDA:55,2,1,0
BRDA:65,3,0,0
BRDA:67,4,0,0
BRDA:67,4,1,0
BRDA:70,5,0,0
BRDA:70,5,1,0
BRDA:77,6,0,0
BRDA:77,6,1,0
BRDA:85,7,0,0
BRDA:85,7,1,0
BRDA:103,8,0,0
BRDA:103,8,1,0
BRDA:107,9,0,0
BRDA:107,9,1,0
BRDA:107,10,0,0
BRDA:107,10,1,0
BRDA:108,11,0,0
BRDA:108,11,1,0
BRDA:128,12,0,0
BRDA:128,12,1,0
BRDA:134,13,0,0
BRDA:134,13,1,0
BRDA:134,14,0,0
BRDA:134,14,1,0
BRDA:137,15,0,0
BRDA:137,15,1,0
BRDA:141,16,0,0
BRDA:141,16,1,0
BRDA:168,17,0,0
BRDA:168,17,1,0
BRDA:168,18,0,0
BRDA:168,18,1,0
BRDA:185,19,0,0
BRDA:185,19,1,0
BRDA:201,20,0,0
BRDA:201,20,1,0
BRDA:201,21,0,0
BRDA:201,21,1,0
BRDA:207,22,0,0
BRDA:207,22,1,0
BRDA:219,23,0,0
BRDA:219,23,1,0
BRDA:230,24,0,0
BRDA:230,24,1,0
BRDA:233,25,0,0
BRDA:233,25,1,0
BRDA:263,26,0,0
BRDA:263,26,1,0
BRDA:271,27,0,0
BRDA:271,27,1,0
BRDA:274,28,0,0
BRDA:274,28,1,0
BRDA:285,29,0,0
BRDA:285,29,1,0
BRF:59
BRH:0
end_of_record
TN:
SF:/Users/svenjens/Apps/Amsterdam/vergunningcheck/apps/client/src/pages/DevHomePage.js
FN:10,(anonymous_0)
FN:45,(anonymous_1)
FN:46,(anonymous_2)
FN:56,(anonymous_3)
FN:57,(anonymous_4)
FN:59,(anonymous_5)
FN:94,(anonymous_6)
FNF:7
FNH:0
FNDA:0,(anonymous_0)
FNDA:0,(anonymous_1)
FNDA:0,(anonymous_2)
FNDA:0,(anonymous_3)
FNDA:0,(anonymous_4)
FNDA:0,(anonymous_5)
FNDA:0,(anonymous_6)
DA:10,0
DA:11,0
DA:12,0
DA:15,0
DA:45,0
DA:47,0
DA:57,0
DA:58,0
DA:59,0
DA:62,0
DA:67,0
DA:94,0
LF:12
LH:0
BRDA:11,0,0,0
BRDA:11,0,1,0
BRDA:51,1,0,0
BRDA:51,1,1,0
BRDA:62,2,0,0
BRDA:62,2,1,0
BRDA:64,3,0,0
BRDA:64,3,1,0
BRDA:65,4,0,0
BRDA:65,4,1,0
BRDA:70,5,0,0
BRDA:70,5,1,0
BRDA:70,6,0,0
BRDA:70,6,1,0
BRDA:79,7,0,0
BRDA:79,7,1,0
BRDA:89,8,0,0
BRDA:89,8,1,0
BRF:18
BRH:0
end_of_record
TN:
SF:/Users/svenjens/Apps/Amsterdam/vergunningcheck/apps/client/src/pages/ErrorPage.js
FN:7,(anonymous_0)
FNF:1
FNH:0
FNDA:0,(anonymous_0)
DA:7,1
DA:8,0
LF:2
LH:1
BRF:0
BRH:0
end_of_record
TN:
SF:/Users/svenjens/Apps/Amsterdam/vergunningcheck/apps/client/src/pages/IntroPage.js
FN:13,(anonymous_0)
FN:20,(anonymous_1)
FN:22,(anonymous_2)
FNF:3
FNH:0
FNDA:0,(anonymous_0)
FNDA:0,(anonymous_1)
FNDA:0,(anonymous_2)
DA:13,0
DA:14,0
DA:16,0
DA:18,0
DA:20,0
DA:22,0
DA:24,0
DA:29,0
DA:32,0
LF:9
LH:0
BRDA:18,0,0,0
BRDA:18,0,1,0
BRF:2
BRH:0
end_of_record
TN:
SF:/Users/svenjens/Apps/Amsterdam/vergunningcheck/apps/client/src/pages/LoadingPage.js
FN:7,(anonymous_0)
FNF:1
FNH:0
FNDA:0,(anonymous_0)
DA:7,1
DA:8,0
LF:2
LH:1
BRF:0
BRH:0
end_of_record
TN:
SF:/Users/svenjens/Apps/Amsterdam/vergunningcheck/apps/client/src/pages/NotFoundPage.js
FN:7,(anonymous_0)
FNF:1
FNH:0
FNDA:0,(anonymous_0)
DA:7,0
DA:8,0
LF:2
LH:0
BRF:0
BRH:0
end_of_record
TN:
SF:/Users/svenjens/Apps/Amsterdam/vergunningcheck/apps/client/src/pages/RedirectPage.js
FN:8,(anonymous_0)
FN:9,(anonymous_1)
FN:10,(anonymous_2)
FN:14,(anonymous_3)
FNF:4
FNH:0
FNDA:0,(anonymous_0)
FNDA:0,(anonymous_1)
FNDA:0,(anonymous_2)
FNDA:0,(anonymous_3)
DA:8,1
DA:9,0
DA:10,0
DA:11,0
DA:14,0
DA:15,0
DA:19,0
LF:7
LH:1
BRF:0
BRH:0
end_of_record
TN:
SF:/Users/svenjens/Apps/Amsterdam/vergunningcheck/apps/client/src/pages/StepperPage.jsx
FN:35,(anonymous_0)
FN:44,(anonymous_1)
FN:45,(anonymous_2)
FN:50,(anonymous_3)
FN:52,(anonymous_4)
FN:81,(anonymous_5)
FN:232,(anonymous_6)
FNF:7
FNH:0
FNDA:0,(anonymous_0)
FNDA:0,(anonymous_1)
FNDA:0,(anonymous_2)
FNDA:0,(anonymous_3)
FNDA:0,(anonymous_4)
FNDA:0,(anonymous_5)
FNDA:0,(anonymous_6)
DA:35,0
DA:42,0
DA:44,0
DA:45,0
DA:50,0
DA:51,0
DA:52,0
DA:53,0
DA:54,0
DA:58,0
DA:81,0
DA:232,0
LF:12
LH:0
BRDA:39,0,0,0
BRDA:40,1,0,0
BRDA:42,2,0,0
BRDA:42,2,1,0
BRDA:53,3,0,0
BRDA:53,3,1,0
BRDA:110,4,0,0
BRDA:110,4,1,0
BRDA:117,5,0,0
BRDA:117,5,1,0
BRDA:135,6,0,0
BRDA:135,6,1,0
BRDA:153,7,0,0
BRDA:153,7,1,0
BRDA:167,8,0,0
BRDA:167,8,1,0
BRDA:183,9,0,0
BRDA:183,9,1,0
BRDA:205,10,0,0
BRDA:205,10,1,0
BRF:20
BRH:0
end_of_record
TN:
SF:/Users/svenjens/Apps/Amsterdam/vergunningcheck/apps/client/src/utils/index.js
FN:8,(anonymous_0)
FN:8,(anonymous_1)
FN:11,(anonymous_2)
FN:15,(anonymous_3)
FN:16,(anonymous_4)
FN:18,(anonymous_5)
FN:23,(anonymous_6)
FN:28,(anonymous_7)
FN:31,(anonymous_8)
FN:35,(anonymous_9)
FN:36,(anonymous_10)
FN:39,(anonymous_11)
FN:42,(anonymous_12)
FN:46,(anonymous_13)
FN:51,(anonymous_14)
FN:54,(anonymous_15)
FN:55,(anonymous_16)
FN:77,(anonymous_17)
FN:91,(anonymous_18)
FNF:19
FNH:14
FNDA:103,(anonymous_0)
FNDA:742,(anonymous_1)
FNDA:615,(anonymous_2)
FNDA:350,(anonymous_3)
FNDA:486,(anonymous_4)
FNDA:127,(anonymous_5)
FNDA:194,(anonymous_6)
FNDA:1,(anonymous_7)
FNDA:73,(anonymous_8)
FNDA:20,(anonymous_9)
FNDA:23,(anonymous_10)
FNDA:7,(anonymous_11)
FNDA:0,(anonymous_12)
FNDA:0,(anonymous_13)
FNDA:0,(anonymous_14)
FNDA:0,(anonymous_15)
FNDA:0,(anonymous_16)
FNDA:2,(anonymous_17)
FNDA:5,(anonymous_18)
DA:8,742
DA:11,24
DA:12,615
DA:15,24
DA:16,486
DA:18,24
DA:19,127
DA:20,2
DA:22,125
DA:23,194
DA:25,125
DA:28,24
DA:31,24
DA:32,73
DA:35,24
DA:36,23
DA:39,24
DA:40,7
DA:42,24
DA:46,24
DA:47,0
DA:48,0
DA:51,0
DA:53,0
DA:54,0
DA:56,0
DA:58,0
DA:59,0
DA:62,0
DA:66,0
DA:77,24
DA:78,2
DA:91,24
DA:92,5
LF:34
LH:24
BRDA:12,0,0,615
BRDA:12,0,1,337
BRDA:12,0,2,136
BRDA:16,1,0,350
BRDA:16,1,1,345
BRDA:19,2,0,2
BRDA:19,2,1,125
BRDA:19,3,0,127
BRDA:19,3,1,127
BRDA:19,3,2,126
BRDA:23,4,0,194
BRDA:23,4,1,22
BRDA:28,5,0,1
BRDA:28,5,1,1
BRDA:36,6,0,20
BRDA:36,6,1,0
BRDA:40,7,0,7
BRDA:40,7,1,0
BRDA:47,8,0,0
BRDA:47,8,1,0
BRDA:51,9,0,0
BRDA:51,9,1,0
BRDA:58,10,0,0
BRDA:58,10,1,0
BRDA:62,11,0,0
BRDA:62,11,1,0
BRDA:77,12,0,1
BRDA:78,13,0,2
BRDA:78,13,1,2
BRDA:92,14,0,5
BRDA:92,14,1,5
BRF:31
BRH:21
end_of_record
TN:
SF:/Users/svenjens/Apps/Amsterdam/vergunningcheck/apps/client/src/utils/passPropsToChildren.ts
FN:10,(anonymous_0)
FN:14,(anonymous_1)
FNF:2
FNH:2
FNDA:5,(anonymous_0)
FNDA:15,(anonymous_1)
DA:10,1
DA:14,5
DA:15,15
DA:23,5
LF:4
LH:4
BRDA:17,0,0,0
BRDA:17,0,1,15
BRF:2
BRH:1
end_of_record
TN:
SF:/Users/svenjens/Apps/Amsterdam/vergunningcheck/apps/client/src/utils/test-ids.js
FNF:0
FNH:0
DA:2,26
DA:3,26
DA:4,26
DA:5,26
DA:6,26
DA:7,26
DA:8,26
DA:9,26
DA:12,26
DA:15,26
DA:16,26
DA:17,26
DA:18,26
DA:19,26
DA:22,26
DA:23,26
DA:24,26
DA:25,26
DA:26,26
DA:27,26
DA:28,26
DA:31,26
DA:32,26
DA:35,26
DA:36,26
DA:37,26
DA:38,26
DA:39,26
DA:42,26
DA:43,26
DA:44,26
DA:45,26
DA:46,26
DA:49,26
LF:34
LH:34
BRF:0
BRH:0
end_of_record
TN:
SF:/Users/svenjens/Apps/Amsterdam/vergunningcheck/apps/client/src/utils/test-utils.js
FN:14,(anonymous_0)
FN:26,(anonymous_1)
FN:32,(anonymous_2)
FN:34,(anonymous_3)
FNF:4
FNH:4
FNDA:71,(anonymous_0)
FNDA:71,(anonymous_1)
FNDA:71,(anonymous_2)
FNDA:71,(anonymous_3)
DA:12,29
DA:14,29
DA:15,71
DA:26,29
DA:27,71
DA:32,29
DA:34,71
DA:35,71
DA:37,71
LF:9
LH:9
BRDA:16,0,0,2
BRDA:16,0,1,69
BRF:2
BRH:2
end_of_record
TN:
SF:/Users/svenjens/Apps/Amsterdam/vergunningcheck/apps/client/src/utils/themeUtils.ts
FNF:0
FNH:0
DA:3,22
DA:14,22
LF:2
LH:2
BRF:0
BRH:0
end_of_record
